Calling target program-options parser
[01:45:11.623] [bmv2] [D] [thread 4050] Set default default entry for table 'MyIngress.ipv4_lpm': NoAction - 
Adding interface s3-eth1 as port 1
[01:45:11.623] [bmv2] [D] [thread 4050] Adding interface s3-eth1 as port 1
Adding interface s3-eth2 as port 2
[01:45:11.641] [bmv2] [D] [thread 4050] Adding interface s3-eth2 as port 2
Server listening on 0.0.0.0:50053
[01:45:11.694] [bmv2] [I] [thread 4050] Starting Thrift server on port 9092
[01:45:11.694] [bmv2] [I] [thread 4050] Thrift server was started
[01:45:11.695] [bmv2] [D] [thread 4060] [0.0] [cxt 0] Processing packet received on port 1
[01:45:11.695] [bmv2] [D] [thread 4060] [0.0] [cxt 0] Parser 'parser': start
[01:45:11.695] [bmv2] [D] [thread 4060] [0.0] [cxt 0] Parser 'parser' entering state 'start'
[01:45:11.695] [bmv2] [D] [thread 4060] [0.0] [cxt 0] Parser state 'start' has no switch, going to default next state
[01:45:11.695] [bmv2] [T] [thread 4060] [0.0] [cxt 0] Bytes parsed: 0
[01:45:11.695] [bmv2] [D] [thread 4060] [0.0] [cxt 0] Parser 'parser': end
[01:45:11.695] [bmv2] [D] [thread 4060] [0.0] [cxt 0] Pipeline 'ingress': start
[01:45:11.695] [bmv2] [T] [thread 4060] [0.0] [cxt 0] Applying table 'MyIngress.ipv4_lpm'
[01:45:11.695] [bmv2] [D] [thread 4060] [0.0] [cxt 0] Looking up key:
* hdr.ipv4.dstAddr    : 00000000

[01:45:11.695] [bmv2] [D] [thread 4060] [0.0] [cxt 0] Table 'MyIngress.ipv4_lpm': miss
[01:45:11.695] [bmv2] [D] [thread 4060] [0.0] [cxt 0] Action entry is NoAction - 
[01:45:11.695] [bmv2] [T] [thread 4060] [0.0] [cxt 0] Action NoAction
[01:45:11.695] [bmv2] [D] [thread 4060] [0.0] [cxt 0] Pipeline 'ingress': end
[01:45:11.695] [bmv2] [D] [thread 4060] [0.0] [cxt 0] Egress port is 0
[01:45:11.695] [bmv2] [D] [thread 4061] [0.0] [cxt 0] Pipeline 'egress': start
[01:45:11.695] [bmv2] [D] [thread 4061] [0.0] [cxt 0] Pipeline 'egress': end
[01:45:11.695] [bmv2] [D] [thread 4061] [0.0] [cxt 0] Deparser 'deparser': start
[01:45:11.695] [bmv2] [T] [thread 4061] [0.0] [cxt 0] Skipping checksum 'cksum' update because condition not met
[01:45:11.695] [bmv2] [D] [thread 4061] [0.0] [cxt 0] Deparser 'deparser': end
[01:45:11.695] [bmv2] [D] [thread 4065] [0.0] [cxt 0] Transmitting packet of size 223 out of port 0
[01:45:11.838] [bmv2] [D] [thread 4060] [1.0] [cxt 0] Processing packet received on port 1
[01:45:11.838] [bmv2] [D] [thread 4060] [1.0] [cxt 0] Parser 'parser': start
[01:45:11.838] [bmv2] [D] [thread 4060] [1.0] [cxt 0] Parser 'parser' entering state 'start'
[01:45:11.838] [bmv2] [D] [thread 4060] [1.0] [cxt 0] Parser state 'start' has no switch, going to default next state
[01:45:11.838] [bmv2] [T] [thread 4060] [1.0] [cxt 0] Bytes parsed: 0
[01:45:11.838] [bmv2] [D] [thread 4060] [1.0] [cxt 0] Parser 'parser': end
[01:45:11.838] [bmv2] [D] [thread 4060] [1.0] [cxt 0] Pipeline 'ingress': start
[01:45:11.838] [bmv2] [T] [thread 4060] [1.0] [cxt 0] Applying table 'MyIngress.ipv4_lpm'
[01:45:11.838] [bmv2] [D] [thread 4060] [1.0] [cxt 0] Looking up key:
* hdr.ipv4.dstAddr    : 00000000

[01:45:11.838] [bmv2] [D] [thread 4060] [1.0] [cxt 0] Table 'MyIngress.ipv4_lpm': miss
[01:45:11.838] [bmv2] [D] [thread 4060] [1.0] [cxt 0] Action entry is NoAction - 
[01:45:11.838] [bmv2] [T] [thread 4060] [1.0] [cxt 0] Action NoAction
[01:45:11.838] [bmv2] [D] [thread 4060] [1.0] [cxt 0] Pipeline 'ingress': end
[01:45:11.838] [bmv2] [D] [thread 4060] [1.0] [cxt 0] Egress port is 0
[01:45:11.838] [bmv2] [D] [thread 4060] [2.0] [cxt 0] Processing packet received on port 2
[01:45:11.838] [bmv2] [D] [thread 4060] [2.0] [cxt 0] Parser 'parser': start
[01:45:11.838] [bmv2] [D] [thread 4060] [2.0] [cxt 0] Parser 'parser' entering state 'start'
[01:45:11.838] [bmv2] [D] [thread 4060] [2.0] [cxt 0] Parser state 'start' has no switch, going to default next state
[01:45:11.838] [bmv2] [T] [thread 4060] [2.0] [cxt 0] Bytes parsed: 0
[01:45:11.838] [bmv2] [D] [thread 4061] [1.0] [cxt 0] Pipeline 'egress': start
[01:45:11.838] [bmv2] [D] [thread 4061] [1.0] [cxt 0] Pipeline 'egress': end
[01:45:11.838] [bmv2] [D] [thread 4061] [1.0] [cxt 0] Deparser 'deparser': start
[01:45:11.838] [bmv2] [T] [thread 4061] [1.0] [cxt 0] Skipping checksum 'cksum' update because condition not met
[01:45:11.838] [bmv2] [D] [thread 4060] [2.0] [cxt 0] Parser 'parser': end
[01:45:11.838] [bmv2] [D] [thread 4061] [1.0] [cxt 0] Deparser 'deparser': end
[01:45:11.838] [bmv2] [D] [thread 4065] [1.0] [cxt 0] Transmitting packet of size 223 out of port 0
[01:45:11.838] [bmv2] [D] [thread 4060] [2.0] [cxt 0] Pipeline 'ingress': start
[01:45:11.839] [bmv2] [T] [thread 4060] [2.0] [cxt 0] Applying table 'MyIngress.ipv4_lpm'
[01:45:11.839] [bmv2] [D] [thread 4060] [2.0] [cxt 0] Looking up key:
* hdr.ipv4.dstAddr    : 00000000

[01:45:11.839] [bmv2] [D] [thread 4060] [2.0] [cxt 0] Table 'MyIngress.ipv4_lpm': miss
[01:45:11.839] [bmv2] [D] [thread 4060] [2.0] [cxt 0] Action entry is NoAction - 
[01:45:11.839] [bmv2] [T] [thread 4060] [2.0] [cxt 0] Action NoAction
[01:45:11.839] [bmv2] [D] [thread 4060] [2.0] [cxt 0] Pipeline 'ingress': end
[01:45:11.839] [bmv2] [D] [thread 4060] [2.0] [cxt 0] Egress port is 0
[01:45:11.839] [bmv2] [D] [thread 4060] [3.0] [cxt 0] Processing packet received on port 2
[01:45:11.839] [bmv2] [D] [thread 4060] [3.0] [cxt 0] Parser 'parser': start
[01:45:11.839] [bmv2] [D] [thread 4060] [3.0] [cxt 0] Parser 'parser' entering state 'start'
[01:45:11.839] [bmv2] [D] [thread 4060] [3.0] [cxt 0] Parser state 'start' has no switch, going to default next state
[01:45:11.839] [bmv2] [T] [thread 4060] [3.0] [cxt 0] Bytes parsed: 0
[01:45:11.839] [bmv2] [D] [thread 4060] [3.0] [cxt 0] Parser 'parser': end
[01:45:11.839] [bmv2] [D] [thread 4060] [3.0] [cxt 0] Pipeline 'ingress': start
[01:45:11.839] [bmv2] [T] [thread 4060] [3.0] [cxt 0] Applying table 'MyIngress.ipv4_lpm'
[01:45:11.839] [bmv2] [D] [thread 4060] [3.0] [cxt 0] Looking up key:
* hdr.ipv4.dstAddr    : 00000000

[01:45:11.839] [bmv2] [D] [thread 4060] [3.0] [cxt 0] Table 'MyIngress.ipv4_lpm': miss
[01:45:11.839] [bmv2] [D] [thread 4060] [3.0] [cxt 0] Action entry is NoAction - 
[01:45:11.839] [bmv2] [T] [thread 4060] [3.0] [cxt 0] Action NoAction
[01:45:11.839] [bmv2] [D] [thread 4060] [3.0] [cxt 0] Pipeline 'ingress': end
[01:45:11.839] [bmv2] [D] [thread 4060] [3.0] [cxt 0] Egress port is 0
[01:45:11.839] [bmv2] [D] [thread 4061] [2.0] [cxt 0] Pipeline 'egress': start
[01:45:11.839] [bmv2] [D] [thread 4061] [2.0] [cxt 0] Pipeline 'egress': end
[01:45:11.839] [bmv2] [D] [thread 4061] [2.0] [cxt 0] Deparser 'deparser': start
[01:45:11.839] [bmv2] [T] [thread 4061] [2.0] [cxt 0] Skipping checksum 'cksum' update because condition not met
[01:45:11.839] [bmv2] [D] [thread 4061] [2.0] [cxt 0] Deparser 'deparser': end
[01:45:11.839] [bmv2] [D] [thread 4061] [3.0] [cxt 0] Pipeline 'egress': start
[01:45:11.839] [bmv2] [D] [thread 4061] [3.0] [cxt 0] Pipeline 'egress': end
[01:45:11.839] [bmv2] [D] [thread 4061] [3.0] [cxt 0] Deparser 'deparser': start
[01:45:11.839] [bmv2] [T] [thread 4061] [3.0] [cxt 0] Skipping checksum 'cksum' update because condition not met
[01:45:11.839] [bmv2] [D] [thread 4061] [3.0] [cxt 0] Deparser 'deparser': end
[01:45:11.839] [bmv2] [D] [thread 4065] [2.0] [cxt 0] Transmitting packet of size 90 out of port 0
[01:45:11.839] [bmv2] [D] [thread 4065] [3.0] [cxt 0] Transmitting packet of size 70 out of port 0
[01:45:11.853] [bmv2] [D] [thread 4060] [4.0] [cxt 0] Processing packet received on port 2
[01:45:11.853] [bmv2] [D] [thread 4060] [4.0] [cxt 0] Parser 'parser': start
[01:45:11.853] [bmv2] [D] [thread 4060] [4.0] [cxt 0] Parser 'parser' entering state 'start'
[01:45:11.853] [bmv2] [D] [thread 4060] [4.0] [cxt 0] Parser state 'start' has no switch, going to default next state
[01:45:11.853] [bmv2] [T] [thread 4060] [4.0] [cxt 0] Bytes parsed: 0
[01:45:11.853] [bmv2] [D] [thread 4060] [4.0] [cxt 0] Parser 'parser': end
[01:45:11.853] [bmv2] [D] [thread 4060] [4.0] [cxt 0] Pipeline 'ingress': start
[01:45:11.853] [bmv2] [T] [thread 4060] [4.0] [cxt 0] Applying table 'MyIngress.ipv4_lpm'
[01:45:11.853] [bmv2] [D] [thread 4060] [4.0] [cxt 0] Looking up key:
* hdr.ipv4.dstAddr    : 00000000

[01:45:11.853] [bmv2] [D] [thread 4060] [4.0] [cxt 0] Table 'MyIngress.ipv4_lpm': miss
[01:45:11.853] [bmv2] [D] [thread 4060] [4.0] [cxt 0] Action entry is NoAction - 
[01:45:11.853] [bmv2] [T] [thread 4060] [4.0] [cxt 0] Action NoAction
[01:45:11.853] [bmv2] [D] [thread 4060] [4.0] [cxt 0] Pipeline 'ingress': end
[01:45:11.853] [bmv2] [D] [thread 4060] [4.0] [cxt 0] Egress port is 0
[01:45:11.854] [bmv2] [D] [thread 4061] [4.0] [cxt 0] Pipeline 'egress': start
[01:45:11.854] [bmv2] [D] [thread 4061] [4.0] [cxt 0] Pipeline 'egress': end
[01:45:11.854] [bmv2] [D] [thread 4061] [4.0] [cxt 0] Deparser 'deparser': start
[01:45:11.854] [bmv2] [T] [thread 4061] [4.0] [cxt 0] Skipping checksum 'cksum' update because condition not met
[01:45:11.854] [bmv2] [D] [thread 4061] [4.0] [cxt 0] Deparser 'deparser': end
[01:45:11.854] [bmv2] [D] [thread 4065] [4.0] [cxt 0] Transmitting packet of size 90 out of port 0
[01:45:11.931] [bmv2] [D] [thread 4060] [5.0] [cxt 0] Processing packet received on port 1
[01:45:11.931] [bmv2] [D] [thread 4060] [5.0] [cxt 0] Parser 'parser': start
[01:45:11.931] [bmv2] [D] [thread 4060] [5.0] [cxt 0] Parser 'parser' entering state 'start'
[01:45:11.931] [bmv2] [D] [thread 4060] [5.0] [cxt 0] Parser state 'start' has no switch, going to default next state
[01:45:11.931] [bmv2] [T] [thread 4060] [5.0] [cxt 0] Bytes parsed: 0
[01:45:11.931] [bmv2] [D] [thread 4060] [5.0] [cxt 0] Parser 'parser': end
[01:45:11.931] [bmv2] [D] [thread 4060] [5.0] [cxt 0] Pipeline 'ingress': start
[01:45:11.931] [bmv2] [T] [thread 4060] [5.0] [cxt 0] Applying table 'MyIngress.ipv4_lpm'
[01:45:11.931] [bmv2] [D] [thread 4060] [5.0] [cxt 0] Looking up key:
* hdr.ipv4.dstAddr    : 00000000

[01:45:11.931] [bmv2] [D] [thread 4060] [5.0] [cxt 0] Table 'MyIngress.ipv4_lpm': miss
[01:45:11.931] [bmv2] [D] [thread 4060] [5.0] [cxt 0] Action entry is NoAction - 
[01:45:11.931] [bmv2] [T] [thread 4060] [5.0] [cxt 0] Action NoAction
[01:45:11.931] [bmv2] [D] [thread 4060] [5.0] [cxt 0] Pipeline 'ingress': end
[01:45:11.931] [bmv2] [D] [thread 4060] [5.0] [cxt 0] Egress port is 0
[01:45:11.931] [bmv2] [D] [thread 4061] [5.0] [cxt 0] Pipeline 'egress': start
[01:45:11.931] [bmv2] [D] [thread 4061] [5.0] [cxt 0] Pipeline 'egress': end
[01:45:11.931] [bmv2] [D] [thread 4061] [5.0] [cxt 0] Deparser 'deparser': start
[01:45:11.931] [bmv2] [T] [thread 4061] [5.0] [cxt 0] Skipping checksum 'cksum' update because condition not met
[01:45:11.931] [bmv2] [D] [thread 4061] [5.0] [cxt 0] Deparser 'deparser': end
[01:45:11.931] [bmv2] [D] [thread 4065] [5.0] [cxt 0] Transmitting packet of size 223 out of port 0
[01:45:11.948] [bmv2] [D] [thread 4060] [6.0] [cxt 0] Processing packet received on port 2
[01:45:11.948] [bmv2] [D] [thread 4060] [6.0] [cxt 0] Parser 'parser': start
[01:45:11.948] [bmv2] [D] [thread 4060] [6.0] [cxt 0] Parser 'parser' entering state 'start'
[01:45:11.948] [bmv2] [D] [thread 4060] [6.0] [cxt 0] Parser state 'start' has no switch, going to default next state
[01:45:11.948] [bmv2] [T] [thread 4060] [6.0] [cxt 0] Bytes parsed: 0
[01:45:11.948] [bmv2] [D] [thread 4060] [6.0] [cxt 0] Parser 'parser': end
[01:45:11.948] [bmv2] [D] [thread 4060] [6.0] [cxt 0] Pipeline 'ingress': start
[01:45:11.948] [bmv2] [T] [thread 4060] [6.0] [cxt 0] Applying table 'MyIngress.ipv4_lpm'
[01:45:11.948] [bmv2] [D] [thread 4060] [6.0] [cxt 0] Looking up key:
* hdr.ipv4.dstAddr    : 00000000

[01:45:11.948] [bmv2] [D] [thread 4060] [6.0] [cxt 0] Table 'MyIngress.ipv4_lpm': miss
[01:45:11.948] [bmv2] [D] [thread 4060] [6.0] [cxt 0] Action entry is NoAction - 
[01:45:11.948] [bmv2] [T] [thread 4060] [6.0] [cxt 0] Action NoAction
[01:45:11.948] [bmv2] [D] [thread 4060] [6.0] [cxt 0] Pipeline 'ingress': end
[01:45:11.948] [bmv2] [D] [thread 4060] [6.0] [cxt 0] Egress port is 0
[01:45:11.948] [bmv2] [D] [thread 4061] [6.0] [cxt 0] Pipeline 'egress': start
[01:45:11.948] [bmv2] [D] [thread 4061] [6.0] [cxt 0] Pipeline 'egress': end
[01:45:11.948] [bmv2] [D] [thread 4061] [6.0] [cxt 0] Deparser 'deparser': start
[01:45:11.948] [bmv2] [T] [thread 4061] [6.0] [cxt 0] Skipping checksum 'cksum' update because condition not met
[01:45:11.948] [bmv2] [D] [thread 4061] [6.0] [cxt 0] Deparser 'deparser': end
[01:45:11.948] [bmv2] [D] [thread 4065] [6.0] [cxt 0] Transmitting packet of size 107 out of port 0
[01:45:11.973] [bmv2] [D] [thread 4060] [7.0] [cxt 0] Processing packet received on port 2
[01:45:11.973] [bmv2] [D] [thread 4060] [7.0] [cxt 0] Parser 'parser': start
[01:45:11.973] [bmv2] [D] [thread 4060] [7.0] [cxt 0] Parser 'parser' entering state 'start'
[01:45:11.973] [bmv2] [D] [thread 4060] [7.0] [cxt 0] Parser state 'start' has no switch, going to default next state
[01:45:11.973] [bmv2] [T] [thread 4060] [7.0] [cxt 0] Bytes parsed: 0
[01:45:11.973] [bmv2] [D] [thread 4060] [7.0] [cxt 0] Parser 'parser': end
[01:45:11.973] [bmv2] [D] [thread 4060] [7.0] [cxt 0] Pipeline 'ingress': start
[01:45:11.973] [bmv2] [T] [thread 4060] [7.0] [cxt 0] Applying table 'MyIngress.ipv4_lpm'
[01:45:11.973] [bmv2] [D] [thread 4060] [7.0] [cxt 0] Looking up key:
* hdr.ipv4.dstAddr    : 00000000

[01:45:11.973] [bmv2] [D] [thread 4060] [7.0] [cxt 0] Table 'MyIngress.ipv4_lpm': miss
[01:45:11.974] [bmv2] [D] [thread 4060] [7.0] [cxt 0] Action entry is NoAction - 
[01:45:11.974] [bmv2] [T] [thread 4060] [7.0] [cxt 0] Action NoAction
[01:45:11.974] [bmv2] [D] [thread 4060] [7.0] [cxt 0] Pipeline 'ingress': end
[01:45:11.974] [bmv2] [D] [thread 4060] [7.0] [cxt 0] Egress port is 0
[01:45:11.974] [bmv2] [D] [thread 4061] [7.0] [cxt 0] Pipeline 'egress': start
[01:45:11.974] [bmv2] [D] [thread 4061] [7.0] [cxt 0] Pipeline 'egress': end
[01:45:11.974] [bmv2] [D] [thread 4061] [7.0] [cxt 0] Deparser 'deparser': start
[01:45:11.974] [bmv2] [T] [thread 4061] [7.0] [cxt 0] Skipping checksum 'cksum' update because condition not met
[01:45:11.974] [bmv2] [D] [thread 4061] [7.0] [cxt 0] Deparser 'deparser': end
[01:45:11.974] [bmv2] [D] [thread 4065] [7.0] [cxt 0] Transmitting packet of size 90 out of port 0
[01:45:12.079] [bmv2] [D] [thread 4060] [8.0] [cxt 0] Processing packet received on port 2
[01:45:12.079] [bmv2] [D] [thread 4060] [8.0] [cxt 0] Parser 'parser': start
[01:45:12.079] [bmv2] [D] [thread 4060] [8.0] [cxt 0] Parser 'parser' entering state 'start'
[01:45:12.079] [bmv2] [D] [thread 4060] [8.0] [cxt 0] Parser state 'start' has no switch, going to default next state
[01:45:12.079] [bmv2] [T] [thread 4060] [8.0] [cxt 0] Bytes parsed: 0
[01:45:12.079] [bmv2] [D] [thread 4060] [8.0] [cxt 0] Parser 'parser': end
[01:45:12.079] [bmv2] [D] [thread 4060] [8.0] [cxt 0] Pipeline 'ingress': start
[01:45:12.079] [bmv2] [T] [thread 4060] [8.0] [cxt 0] Applying table 'MyIngress.ipv4_lpm'
[01:45:12.079] [bmv2] [D] [thread 4060] [8.0] [cxt 0] Looking up key:
* hdr.ipv4.dstAddr    : 00000000

[01:45:12.079] [bmv2] [D] [thread 4060] [8.0] [cxt 0] Table 'MyIngress.ipv4_lpm': miss
[01:45:12.079] [bmv2] [D] [thread 4060] [8.0] [cxt 0] Action entry is NoAction - 
[01:45:12.079] [bmv2] [T] [thread 4060] [8.0] [cxt 0] Action NoAction
[01:45:12.079] [bmv2] [D] [thread 4060] [8.0] [cxt 0] Pipeline 'ingress': end
[01:45:12.079] [bmv2] [D] [thread 4060] [8.0] [cxt 0] Egress port is 0
[01:45:12.080] [bmv2] [D] [thread 4061] [8.0] [cxt 0] Pipeline 'egress': start
[01:45:12.080] [bmv2] [D] [thread 4061] [8.0] [cxt 0] Pipeline 'egress': end
[01:45:12.080] [bmv2] [D] [thread 4061] [8.0] [cxt 0] Deparser 'deparser': start
[01:45:12.080] [bmv2] [T] [thread 4061] [8.0] [cxt 0] Skipping checksum 'cksum' update because condition not met
[01:45:12.080] [bmv2] [D] [thread 4061] [8.0] [cxt 0] Deparser 'deparser': end
[01:45:12.080] [bmv2] [D] [thread 4065] [8.0] [cxt 0] Transmitting packet of size 223 out of port 0
[01:45:12.085] [bmv2] [D] [thread 4060] [9.0] [cxt 0] Processing packet received on port 1
[01:45:12.085] [bmv2] [D] [thread 4060] [9.0] [cxt 0] Parser 'parser': start
[01:45:12.085] [bmv2] [D] [thread 4060] [9.0] [cxt 0] Parser 'parser' entering state 'start'
[01:45:12.085] [bmv2] [D] [thread 4060] [9.0] [cxt 0] Parser state 'start' has no switch, going to default next state
[01:45:12.085] [bmv2] [T] [thread 4060] [9.0] [cxt 0] Bytes parsed: 0
[01:45:12.085] [bmv2] [D] [thread 4060] [9.0] [cxt 0] Parser 'parser': end
[01:45:12.085] [bmv2] [D] [thread 4060] [9.0] [cxt 0] Pipeline 'ingress': start
[01:45:12.085] [bmv2] [T] [thread 4060] [9.0] [cxt 0] Applying table 'MyIngress.ipv4_lpm'
[01:45:12.085] [bmv2] [D] [thread 4060] [9.0] [cxt 0] Looking up key:
* hdr.ipv4.dstAddr    : 00000000

[01:45:12.085] [bmv2] [D] [thread 4060] [9.0] [cxt 0] Table 'MyIngress.ipv4_lpm': miss
[01:45:12.085] [bmv2] [D] [thread 4060] [9.0] [cxt 0] Action entry is NoAction - 
[01:45:12.085] [bmv2] [T] [thread 4060] [9.0] [cxt 0] Action NoAction
[01:45:12.085] [bmv2] [D] [thread 4060] [9.0] [cxt 0] Pipeline 'ingress': end
[01:45:12.085] [bmv2] [D] [thread 4060] [9.0] [cxt 0] Egress port is 0
[01:45:12.085] [bmv2] [D] [thread 4061] [9.0] [cxt 0] Pipeline 'egress': start
[01:45:12.085] [bmv2] [D] [thread 4061] [9.0] [cxt 0] Pipeline 'egress': end
[01:45:12.085] [bmv2] [D] [thread 4061] [9.0] [cxt 0] Deparser 'deparser': start
[01:45:12.085] [bmv2] [T] [thread 4061] [9.0] [cxt 0] Skipping checksum 'cksum' update because condition not met
[01:45:12.085] [bmv2] [D] [thread 4061] [9.0] [cxt 0] Deparser 'deparser': end
[01:45:12.085] [bmv2] [D] [thread 4065] [9.0] [cxt 0] Transmitting packet of size 223 out of port 0
[01:45:12.141] [bmv2] [D] [thread 4060] [10.0] [cxt 0] Processing packet received on port 1
[01:45:12.141] [bmv2] [D] [thread 4060] [10.0] [cxt 0] Parser 'parser': start
[01:45:12.141] [bmv2] [D] [thread 4060] [10.0] [cxt 0] Parser 'parser' entering state 'start'
[01:45:12.141] [bmv2] [D] [thread 4060] [10.0] [cxt 0] Parser state 'start' has no switch, going to default next state
[01:45:12.141] [bmv2] [T] [thread 4060] [10.0] [cxt 0] Bytes parsed: 0
[01:45:12.141] [bmv2] [D] [thread 4060] [10.0] [cxt 0] Parser 'parser': end
[01:45:12.141] [bmv2] [D] [thread 4060] [10.0] [cxt 0] Pipeline 'ingress': start
[01:45:12.141] [bmv2] [T] [thread 4060] [10.0] [cxt 0] Applying table 'MyIngress.ipv4_lpm'
[01:45:12.141] [bmv2] [D] [thread 4060] [10.0] [cxt 0] Looking up key:
* hdr.ipv4.dstAddr    : 00000000

[01:45:12.141] [bmv2] [D] [thread 4060] [10.0] [cxt 0] Table 'MyIngress.ipv4_lpm': miss
[01:45:12.141] [bmv2] [D] [thread 4060] [10.0] [cxt 0] Action entry is NoAction - 
[01:45:12.141] [bmv2] [T] [thread 4060] [10.0] [cxt 0] Action NoAction
[01:45:12.141] [bmv2] [D] [thread 4060] [10.0] [cxt 0] Pipeline 'ingress': end
[01:45:12.141] [bmv2] [D] [thread 4060] [10.0] [cxt 0] Egress port is 0
[01:45:12.141] [bmv2] [D] [thread 4061] [10.0] [cxt 0] Pipeline 'egress': start
[01:45:12.141] [bmv2] [D] [thread 4061] [10.0] [cxt 0] Pipeline 'egress': end
[01:45:12.141] [bmv2] [D] [thread 4061] [10.0] [cxt 0] Deparser 'deparser': start
[01:45:12.141] [bmv2] [T] [thread 4061] [10.0] [cxt 0] Skipping checksum 'cksum' update because condition not met
[01:45:12.142] [bmv2] [D] [thread 4061] [10.0] [cxt 0] Deparser 'deparser': end
[01:45:12.142] [bmv2] [D] [thread 4065] [10.0] [cxt 0] Transmitting packet of size 90 out of port 0
[01:45:12.181] [bmv2] [D] [thread 4060] [11.0] [cxt 0] Processing packet received on port 1
[01:45:12.181] [bmv2] [D] [thread 4060] [11.0] [cxt 0] Parser 'parser': start
[01:45:12.181] [bmv2] [D] [thread 4060] [11.0] [cxt 0] Parser 'parser' entering state 'start'
[01:45:12.181] [bmv2] [D] [thread 4060] [11.0] [cxt 0] Parser state 'start' has no switch, going to default next state
[01:45:12.181] [bmv2] [T] [thread 4060] [11.0] [cxt 0] Bytes parsed: 0
[01:45:12.181] [bmv2] [D] [thread 4060] [11.0] [cxt 0] Parser 'parser': end
[01:45:12.181] [bmv2] [D] [thread 4060] [11.0] [cxt 0] Pipeline 'ingress': start
[01:45:12.181] [bmv2] [T] [thread 4060] [11.0] [cxt 0] Applying table 'MyIngress.ipv4_lpm'
[01:45:12.181] [bmv2] [D] [thread 4060] [11.0] [cxt 0] Looking up key:
* hdr.ipv4.dstAddr    : 00000000

[01:45:12.181] [bmv2] [D] [thread 4060] [11.0] [cxt 0] Table 'MyIngress.ipv4_lpm': miss
[01:45:12.181] [bmv2] [D] [thread 4060] [11.0] [cxt 0] Action entry is NoAction - 
[01:45:12.181] [bmv2] [T] [thread 4060] [11.0] [cxt 0] Action NoAction
[01:45:12.181] [bmv2] [D] [thread 4060] [11.0] [cxt 0] Pipeline 'ingress': end
[01:45:12.181] [bmv2] [D] [thread 4060] [11.0] [cxt 0] Egress port is 0
[01:45:12.181] [bmv2] [D] [thread 4061] [11.0] [cxt 0] Pipeline 'egress': start
[01:45:12.181] [bmv2] [D] [thread 4061] [11.0] [cxt 0] Pipeline 'egress': end
[01:45:12.181] [bmv2] [D] [thread 4061] [11.0] [cxt 0] Deparser 'deparser': start
[01:45:12.181] [bmv2] [T] [thread 4061] [11.0] [cxt 0] Skipping checksum 'cksum' update because condition not met
[01:45:12.181] [bmv2] [D] [thread 4061] [11.0] [cxt 0] Deparser 'deparser': end
[01:45:12.181] [bmv2] [D] [thread 4065] [11.0] [cxt 0] Transmitting packet of size 223 out of port 0
[01:45:12.208] [bmv2] [D] [thread 4060] [12.0] [cxt 0] Processing packet received on port 1
[01:45:12.208] [bmv2] [D] [thread 4060] [12.0] [cxt 0] Parser 'parser': start
[01:45:12.208] [bmv2] [D] [thread 4060] [12.0] [cxt 0] Parser 'parser' entering state 'start'
[01:45:12.208] [bmv2] [D] [thread 4060] [12.0] [cxt 0] Parser state 'start' has no switch, going to default next state
[01:45:12.208] [bmv2] [T] [thread 4060] [12.0] [cxt 0] Bytes parsed: 0
[01:45:12.208] [bmv2] [D] [thread 4060] [12.0] [cxt 0] Parser 'parser': end
[01:45:12.208] [bmv2] [D] [thread 4060] [12.0] [cxt 0] Pipeline 'ingress': start
[01:45:12.208] [bmv2] [T] [thread 4060] [12.0] [cxt 0] Applying table 'MyIngress.ipv4_lpm'
[01:45:12.208] [bmv2] [D] [thread 4060] [12.0] [cxt 0] Looking up key:
* hdr.ipv4.dstAddr    : 00000000

[01:45:12.208] [bmv2] [D] [thread 4060] [12.0] [cxt 0] Table 'MyIngress.ipv4_lpm': miss
[01:45:12.208] [bmv2] [D] [thread 4060] [12.0] [cxt 0] Action entry is NoAction - 
[01:45:12.208] [bmv2] [T] [thread 4060] [12.0] [cxt 0] Action NoAction
[01:45:12.208] [bmv2] [D] [thread 4060] [12.0] [cxt 0] Pipeline 'ingress': end
[01:45:12.208] [bmv2] [D] [thread 4060] [12.0] [cxt 0] Egress port is 0
[01:45:12.208] [bmv2] [D] [thread 4061] [12.0] [cxt 0] Pipeline 'egress': start
[01:45:12.208] [bmv2] [D] [thread 4061] [12.0] [cxt 0] Pipeline 'egress': end
[01:45:12.208] [bmv2] [D] [thread 4061] [12.0] [cxt 0] Deparser 'deparser': start
[01:45:12.208] [bmv2] [T] [thread 4061] [12.0] [cxt 0] Skipping checksum 'cksum' update because condition not met
[01:45:12.208] [bmv2] [D] [thread 4061] [12.0] [cxt 0] Deparser 'deparser': end
[01:45:12.208] [bmv2] [D] [thread 4065] [12.0] [cxt 0] Transmitting packet of size 110 out of port 0
[01:45:12.238] [bmv2] [D] [thread 4060] [13.0] [cxt 0] Processing packet received on port 2
[01:45:12.238] [bmv2] [D] [thread 4060] [13.0] [cxt 0] Parser 'parser': start
[01:45:12.238] [bmv2] [D] [thread 4060] [13.0] [cxt 0] Parser 'parser' entering state 'start'
[01:45:12.238] [bmv2] [D] [thread 4060] [13.0] [cxt 0] Parser state 'start' has no switch, going to default next state
[01:45:12.238] [bmv2] [T] [thread 4060] [13.0] [cxt 0] Bytes parsed: 0
[01:45:12.238] [bmv2] [D] [thread 4060] [13.0] [cxt 0] Parser 'parser': end
[01:45:12.238] [bmv2] [D] [thread 4060] [13.0] [cxt 0] Pipeline 'ingress': start
[01:45:12.238] [bmv2] [T] [thread 4060] [13.0] [cxt 0] Applying table 'MyIngress.ipv4_lpm'
[01:45:12.238] [bmv2] [D] [thread 4060] [13.0] [cxt 0] Looking up key:
* hdr.ipv4.dstAddr    : 00000000

[01:45:12.238] [bmv2] [D] [thread 4060] [13.0] [cxt 0] Table 'MyIngress.ipv4_lpm': miss
[01:45:12.238] [bmv2] [D] [thread 4060] [13.0] [cxt 0] Action entry is NoAction - 
[01:45:12.238] [bmv2] [T] [thread 4060] [13.0] [cxt 0] Action NoAction
[01:45:12.239] [bmv2] [D] [thread 4060] [13.0] [cxt 0] Pipeline 'ingress': end
[01:45:12.239] [bmv2] [D] [thread 4060] [13.0] [cxt 0] Egress port is 0
[01:45:12.239] [bmv2] [D] [thread 4061] [13.0] [cxt 0] Pipeline 'egress': start
[01:45:12.239] [bmv2] [D] [thread 4061] [13.0] [cxt 0] Pipeline 'egress': end
[01:45:12.239] [bmv2] [D] [thread 4061] [13.0] [cxt 0] Deparser 'deparser': start
[01:45:12.239] [bmv2] [T] [thread 4061] [13.0] [cxt 0] Skipping checksum 'cksum' update because condition not met
[01:45:12.239] [bmv2] [D] [thread 4061] [13.0] [cxt 0] Deparser 'deparser': end
[01:45:12.239] [bmv2] [D] [thread 4065] [13.0] [cxt 0] Transmitting packet of size 110 out of port 0
[01:45:12.241] [bmv2] [D] [thread 4060] [14.0] [cxt 0] Processing packet received on port 1
[01:45:12.241] [bmv2] [D] [thread 4060] [14.0] [cxt 0] Parser 'parser': start
[01:45:12.241] [bmv2] [D] [thread 4060] [14.0] [cxt 0] Parser 'parser' entering state 'start'
[01:45:12.241] [bmv2] [D] [thread 4060] [14.0] [cxt 0] Parser state 'start' has no switch, going to default next state
[01:45:12.241] [bmv2] [T] [thread 4060] [14.0] [cxt 0] Bytes parsed: 0
[01:45:12.241] [bmv2] [D] [thread 4060] [14.0] [cxt 0] Parser 'parser': end
[01:45:12.241] [bmv2] [D] [thread 4060] [14.0] [cxt 0] Pipeline 'ingress': start
[01:45:12.241] [bmv2] [T] [thread 4060] [14.0] [cxt 0] Applying table 'MyIngress.ipv4_lpm'
[01:45:12.241] [bmv2] [D] [thread 4060] [14.0] [cxt 0] Looking up key:
* hdr.ipv4.dstAddr    : 00000000

[01:45:12.241] [bmv2] [D] [thread 4060] [14.0] [cxt 0] Table 'MyIngress.ipv4_lpm': miss
[01:45:12.241] [bmv2] [D] [thread 4060] [14.0] [cxt 0] Action entry is NoAction - 
[01:45:12.241] [bmv2] [T] [thread 4060] [14.0] [cxt 0] Action NoAction
[01:45:12.241] [bmv2] [D] [thread 4060] [14.0] [cxt 0] Pipeline 'ingress': end
[01:45:12.241] [bmv2] [D] [thread 4060] [14.0] [cxt 0] Egress port is 0
[01:45:12.242] [bmv2] [D] [thread 4061] [14.0] [cxt 0] Pipeline 'egress': start
[01:45:12.242] [bmv2] [D] [thread 4061] [14.0] [cxt 0] Pipeline 'egress': end
[01:45:12.242] [bmv2] [D] [thread 4061] [14.0] [cxt 0] Deparser 'deparser': start
[01:45:12.242] [bmv2] [T] [thread 4061] [14.0] [cxt 0] Skipping checksum 'cksum' update because condition not met
[01:45:12.242] [bmv2] [D] [thread 4061] [14.0] [cxt 0] Deparser 'deparser': end
[01:45:12.242] [bmv2] [D] [thread 4065] [14.0] [cxt 0] Transmitting packet of size 110 out of port 0
[01:45:12.343] [bmv2] [D] [thread 4060] [15.0] [cxt 0] Processing packet received on port 1
[01:45:12.343] [bmv2] [D] [thread 4060] [15.0] [cxt 0] Parser 'parser': start
[01:45:12.343] [bmv2] [D] [thread 4060] [15.0] [cxt 0] Parser 'parser' entering state 'start'
[01:45:12.343] [bmv2] [D] [thread 4060] [15.0] [cxt 0] Parser state 'start' has no switch, going to default next state
[01:45:12.343] [bmv2] [T] [thread 4060] [15.0] [cxt 0] Bytes parsed: 0
[01:45:12.343] [bmv2] [D] [thread 4060] [15.0] [cxt 0] Parser 'parser': end
[01:45:12.343] [bmv2] [D] [thread 4060] [15.0] [cxt 0] Pipeline 'ingress': start
[01:45:12.343] [bmv2] [T] [thread 4060] [15.0] [cxt 0] Applying table 'MyIngress.ipv4_lpm'
[01:45:12.343] [bmv2] [D] [thread 4060] [15.0] [cxt 0] Looking up key:
* hdr.ipv4.dstAddr    : 00000000

[01:45:12.343] [bmv2] [D] [thread 4060] [15.0] [cxt 0] Table 'MyIngress.ipv4_lpm': miss
[01:45:12.343] [bmv2] [D] [thread 4060] [15.0] [cxt 0] Action entry is NoAction - 
[01:45:12.343] [bmv2] [T] [thread 4060] [15.0] [cxt 0] Action NoAction
[01:45:12.343] [bmv2] [D] [thread 4060] [15.0] [cxt 0] Pipeline 'ingress': end
[01:45:12.343] [bmv2] [D] [thread 4060] [15.0] [cxt 0] Egress port is 0
[01:45:12.343] [bmv2] [D] [thread 4060] [16.0] [cxt 0] Processing packet received on port 2
[01:45:12.343] [bmv2] [D] [thread 4060] [16.0] [cxt 0] Parser 'parser': start
[01:45:12.343] [bmv2] [D] [thread 4060] [16.0] [cxt 0] Parser 'parser' entering state 'start'
[01:45:12.343] [bmv2] [D] [thread 4060] [16.0] [cxt 0] Parser state 'start' has no switch, going to default next state
[01:45:12.343] [bmv2] [T] [thread 4060] [16.0] [cxt 0] Bytes parsed: 0
[01:45:12.343] [bmv2] [D] [thread 4060] [16.0] [cxt 0] Parser 'parser': end
[01:45:12.343] [bmv2] [D] [thread 4060] [16.0] [cxt 0] Pipeline 'ingress': start
[01:45:12.343] [bmv2] [T] [thread 4060] [16.0] [cxt 0] Applying table 'MyIngress.ipv4_lpm'
[01:45:12.343] [bmv2] [D] [thread 4060] [16.0] [cxt 0] Looking up key:
* hdr.ipv4.dstAddr    : 00000000

[01:45:12.343] [bmv2] [D] [thread 4060] [16.0] [cxt 0] Table 'MyIngress.ipv4_lpm': miss
[01:45:12.343] [bmv2] [D] [thread 4060] [16.0] [cxt 0] Action entry is NoAction - 
[01:45:12.343] [bmv2] [D] [thread 4061] [15.0] [cxt 0] Pipeline 'egress': start
[01:45:12.343] [bmv2] [D] [thread 4061] [15.0] [cxt 0] Pipeline 'egress': end
[01:45:12.343] [bmv2] [D] [thread 4061] [15.0] [cxt 0] Deparser 'deparser': start
[01:45:12.343] [bmv2] [T] [thread 4061] [15.0] [cxt 0] Skipping checksum 'cksum' update because condition not met
[01:45:12.343] [bmv2] [D] [thread 4061] [15.0] [cxt 0] Deparser 'deparser': end
[01:45:12.343] [bmv2] [T] [thread 4060] [16.0] [cxt 0] Action NoAction
[01:45:12.343] [bmv2] [D] [thread 4060] [16.0] [cxt 0] Pipeline 'ingress': end
[01:45:12.343] [bmv2] [D] [thread 4060] [16.0] [cxt 0] Egress port is 0
[01:45:12.343] [bmv2] [D] [thread 4061] [16.0] [cxt 0] Pipeline 'egress': start
[01:45:12.343] [bmv2] [D] [thread 4065] [15.0] [cxt 0] Transmitting packet of size 223 out of port 0
[01:45:12.343] [bmv2] [D] [thread 4061] [16.0] [cxt 0] Pipeline 'egress': end
[01:45:12.343] [bmv2] [D] [thread 4061] [16.0] [cxt 0] Deparser 'deparser': start
[01:45:12.343] [bmv2] [T] [thread 4061] [16.0] [cxt 0] Skipping checksum 'cksum' update because condition not met
[01:45:12.343] [bmv2] [D] [thread 4061] [16.0] [cxt 0] Deparser 'deparser': end
[01:45:12.343] [bmv2] [D] [thread 4065] [16.0] [cxt 0] Transmitting packet of size 223 out of port 0
[01:45:12.366] [bmv2] [D] [thread 4060] [17.0] [cxt 0] Processing packet received on port 1
[01:45:12.366] [bmv2] [D] [thread 4060] [17.0] [cxt 0] Parser 'parser': start
[01:45:12.366] [bmv2] [D] [thread 4060] [17.0] [cxt 0] Parser 'parser' entering state 'start'
[01:45:12.366] [bmv2] [D] [thread 4060] [17.0] [cxt 0] Parser state 'start' has no switch, going to default next state
[01:45:12.366] [bmv2] [T] [thread 4060] [17.0] [cxt 0] Bytes parsed: 0
[01:45:12.366] [bmv2] [D] [thread 4060] [17.0] [cxt 0] Parser 'parser': end
[01:45:12.366] [bmv2] [D] [thread 4060] [17.0] [cxt 0] Pipeline 'ingress': start
[01:45:12.366] [bmv2] [T] [thread 4060] [17.0] [cxt 0] Applying table 'MyIngress.ipv4_lpm'
[01:45:12.366] [bmv2] [D] [thread 4060] [17.0] [cxt 0] Looking up key:
* hdr.ipv4.dstAddr    : 00000000

[01:45:12.366] [bmv2] [D] [thread 4060] [17.0] [cxt 0] Table 'MyIngress.ipv4_lpm': miss
[01:45:12.366] [bmv2] [D] [thread 4060] [17.0] [cxt 0] Action entry is NoAction - 
[01:45:12.366] [bmv2] [T] [thread 4060] [17.0] [cxt 0] Action NoAction
[01:45:12.366] [bmv2] [D] [thread 4060] [17.0] [cxt 0] Pipeline 'ingress': end
[01:45:12.366] [bmv2] [D] [thread 4060] [17.0] [cxt 0] Egress port is 0
[01:45:12.366] [bmv2] [D] [thread 4061] [17.0] [cxt 0] Pipeline 'egress': start
[01:45:12.366] [bmv2] [D] [thread 4061] [17.0] [cxt 0] Pipeline 'egress': end
[01:45:12.366] [bmv2] [D] [thread 4061] [17.0] [cxt 0] Deparser 'deparser': start
[01:45:12.366] [bmv2] [T] [thread 4061] [17.0] [cxt 0] Skipping checksum 'cksum' update because condition not met
[01:45:12.366] [bmv2] [D] [thread 4061] [17.0] [cxt 0] Deparser 'deparser': end
[01:45:12.366] [bmv2] [D] [thread 4065] [17.0] [cxt 0] Transmitting packet of size 90 out of port 0
[01:45:12.382] [bmv2] [D] [thread 4060] [18.0] [cxt 0] Processing packet received on port 1
[01:45:12.382] [bmv2] [D] [thread 4060] [18.0] [cxt 0] Parser 'parser': start
[01:45:12.382] [bmv2] [D] [thread 4060] [18.0] [cxt 0] Parser 'parser' entering state 'start'
[01:45:12.382] [bmv2] [D] [thread 4060] [18.0] [cxt 0] Parser state 'start' has no switch, going to default next state
[01:45:12.382] [bmv2] [T] [thread 4060] [18.0] [cxt 0] Bytes parsed: 0
[01:45:12.382] [bmv2] [D] [thread 4060] [18.0] [cxt 0] Parser 'parser': end
[01:45:12.382] [bmv2] [D] [thread 4060] [18.0] [cxt 0] Pipeline 'ingress': start
[01:45:12.382] [bmv2] [T] [thread 4060] [18.0] [cxt 0] Applying table 'MyIngress.ipv4_lpm'
[01:45:12.382] [bmv2] [D] [thread 4060] [18.0] [cxt 0] Looking up key:
* hdr.ipv4.dstAddr    : 00000000

[01:45:12.382] [bmv2] [D] [thread 4060] [18.0] [cxt 0] Table 'MyIngress.ipv4_lpm': miss
[01:45:12.382] [bmv2] [D] [thread 4060] [18.0] [cxt 0] Action entry is NoAction - 
[01:45:12.382] [bmv2] [T] [thread 4060] [18.0] [cxt 0] Action NoAction
[01:45:12.382] [bmv2] [D] [thread 4060] [18.0] [cxt 0] Pipeline 'ingress': end
[01:45:12.382] [bmv2] [D] [thread 4060] [18.0] [cxt 0] Egress port is 0
[01:45:12.382] [bmv2] [D] [thread 4061] [18.0] [cxt 0] Pipeline 'egress': start
[01:45:12.382] [bmv2] [D] [thread 4061] [18.0] [cxt 0] Pipeline 'egress': end
[01:45:12.382] [bmv2] [D] [thread 4061] [18.0] [cxt 0] Deparser 'deparser': start
[01:45:12.382] [bmv2] [T] [thread 4061] [18.0] [cxt 0] Skipping checksum 'cksum' update because condition not met
[01:45:12.382] [bmv2] [D] [thread 4061] [18.0] [cxt 0] Deparser 'deparser': end
[01:45:12.382] [bmv2] [D] [thread 4065] [18.0] [cxt 0] Transmitting packet of size 211 out of port 0
[01:45:12.400] [bmv2] [D] [thread 4060] [19.0] [cxt 0] Processing packet received on port 2
[01:45:12.400] [bmv2] [D] [thread 4060] [19.0] [cxt 0] Parser 'parser': start
[01:45:12.400] [bmv2] [D] [thread 4060] [19.0] [cxt 0] Parser 'parser' entering state 'start'
[01:45:12.400] [bmv2] [D] [thread 4060] [19.0] [cxt 0] Parser state 'start' has no switch, going to default next state
[01:45:12.400] [bmv2] [T] [thread 4060] [19.0] [cxt 0] Bytes parsed: 0
[01:45:12.400] [bmv2] [D] [thread 4060] [19.0] [cxt 0] Parser 'parser': end
[01:45:12.400] [bmv2] [D] [thread 4060] [19.0] [cxt 0] Pipeline 'ingress': start
[01:45:12.400] [bmv2] [T] [thread 4060] [19.0] [cxt 0] Applying table 'MyIngress.ipv4_lpm'
[01:45:12.400] [bmv2] [D] [thread 4060] [19.0] [cxt 0] Looking up key:
* hdr.ipv4.dstAddr    : 00000000

[01:45:12.400] [bmv2] [D] [thread 4060] [19.0] [cxt 0] Table 'MyIngress.ipv4_lpm': miss
[01:45:12.400] [bmv2] [D] [thread 4060] [19.0] [cxt 0] Action entry is NoAction - 
[01:45:12.400] [bmv2] [T] [thread 4060] [19.0] [cxt 0] Action NoAction
[01:45:12.400] [bmv2] [D] [thread 4060] [19.0] [cxt 0] Pipeline 'ingress': end
[01:45:12.400] [bmv2] [D] [thread 4060] [19.0] [cxt 0] Egress port is 0
[01:45:12.400] [bmv2] [D] [thread 4061] [19.0] [cxt 0] Pipeline 'egress': start
[01:45:12.400] [bmv2] [D] [thread 4061] [19.0] [cxt 0] Pipeline 'egress': end
[01:45:12.400] [bmv2] [D] [thread 4061] [19.0] [cxt 0] Deparser 'deparser': start
[01:45:12.400] [bmv2] [T] [thread 4061] [19.0] [cxt 0] Skipping checksum 'cksum' update because condition not met
[01:45:12.400] [bmv2] [D] [thread 4061] [19.0] [cxt 0] Deparser 'deparser': end
[01:45:12.400] [bmv2] [D] [thread 4065] [19.0] [cxt 0] Transmitting packet of size 90 out of port 0
[01:45:12.400] [bmv2] [D] [thread 4060] [20.0] [cxt 0] Processing packet received on port 2
[01:45:12.400] [bmv2] [D] [thread 4060] [20.0] [cxt 0] Parser 'parser': start
[01:45:12.400] [bmv2] [D] [thread 4060] [20.0] [cxt 0] Parser 'parser' entering state 'start'
[01:45:12.400] [bmv2] [D] [thread 4060] [20.0] [cxt 0] Parser state 'start' has no switch, going to default next state
[01:45:12.400] [bmv2] [T] [thread 4060] [20.0] [cxt 0] Bytes parsed: 0
[01:45:12.400] [bmv2] [D] [thread 4060] [20.0] [cxt 0] Parser 'parser': end
[01:45:12.400] [bmv2] [D] [thread 4060] [20.0] [cxt 0] Pipeline 'ingress': start
[01:45:12.400] [bmv2] [T] [thread 4060] [20.0] [cxt 0] Applying table 'MyIngress.ipv4_lpm'
[01:45:12.400] [bmv2] [D] [thread 4060] [20.0] [cxt 0] Looking up key:
* hdr.ipv4.dstAddr    : 00000000

[01:45:12.400] [bmv2] [D] [thread 4060] [20.0] [cxt 0] Table 'MyIngress.ipv4_lpm': miss
[01:45:12.400] [bmv2] [D] [thread 4060] [20.0] [cxt 0] Action entry is NoAction - 
[01:45:12.400] [bmv2] [T] [thread 4060] [20.0] [cxt 0] Action NoAction
[01:45:12.400] [bmv2] [D] [thread 4060] [20.0] [cxt 0] Pipeline 'ingress': end
[01:45:12.400] [bmv2] [D] [thread 4060] [20.0] [cxt 0] Egress port is 0
[01:45:12.400] [bmv2] [D] [thread 4061] [20.0] [cxt 0] Pipeline 'egress': start
[01:45:12.400] [bmv2] [D] [thread 4061] [20.0] [cxt 0] Pipeline 'egress': end
[01:45:12.400] [bmv2] [D] [thread 4061] [20.0] [cxt 0] Deparser 'deparser': start
[01:45:12.400] [bmv2] [T] [thread 4061] [20.0] [cxt 0] Skipping checksum 'cksum' update because condition not met
[01:45:12.400] [bmv2] [D] [thread 4061] [20.0] [cxt 0] Deparser 'deparser': end
[01:45:12.400] [bmv2] [D] [thread 4065] [20.0] [cxt 0] Transmitting packet of size 70 out of port 0
[01:45:12.414] [bmv2] [D] [thread 4060] [21.0] [cxt 0] Processing packet received on port 2
[01:45:12.414] [bmv2] [D] [thread 4060] [21.0] [cxt 0] Parser 'parser': start
[01:45:12.414] [bmv2] [D] [thread 4060] [21.0] [cxt 0] Parser 'parser' entering state 'start'
[01:45:12.414] [bmv2] [D] [thread 4060] [21.0] [cxt 0] Parser state 'start' has no switch, going to default next state
[01:45:12.414] [bmv2] [T] [thread 4060] [21.0] [cxt 0] Bytes parsed: 0
[01:45:12.414] [bmv2] [D] [thread 4060] [21.0] [cxt 0] Parser 'parser': end
[01:45:12.414] [bmv2] [D] [thread 4060] [21.0] [cxt 0] Pipeline 'ingress': start
[01:45:12.414] [bmv2] [T] [thread 4060] [21.0] [cxt 0] Applying table 'MyIngress.ipv4_lpm'
[01:45:12.414] [bmv2] [D] [thread 4060] [21.0] [cxt 0] Looking up key:
* hdr.ipv4.dstAddr    : 00000000

[01:45:12.414] [bmv2] [D] [thread 4060] [21.0] [cxt 0] Table 'MyIngress.ipv4_lpm': miss
[01:45:12.414] [bmv2] [D] [thread 4060] [21.0] [cxt 0] Action entry is NoAction - 
[01:45:12.414] [bmv2] [T] [thread 4060] [21.0] [cxt 0] Action NoAction
[01:45:12.414] [bmv2] [D] [thread 4060] [21.0] [cxt 0] Pipeline 'ingress': end
[01:45:12.414] [bmv2] [D] [thread 4060] [21.0] [cxt 0] Egress port is 0
[01:45:12.414] [bmv2] [D] [thread 4061] [21.0] [cxt 0] Pipeline 'egress': start
[01:45:12.414] [bmv2] [D] [thread 4061] [21.0] [cxt 0] Pipeline 'egress': end
[01:45:12.414] [bmv2] [D] [thread 4061] [21.0] [cxt 0] Deparser 'deparser': start
[01:45:12.414] [bmv2] [T] [thread 4061] [21.0] [cxt 0] Skipping checksum 'cksum' update because condition not met
[01:45:12.414] [bmv2] [D] [thread 4061] [21.0] [cxt 0] Deparser 'deparser': end
[01:45:12.414] [bmv2] [D] [thread 4065] [21.0] [cxt 0] Transmitting packet of size 90 out of port 0
[01:45:12.501] [bmv2] [D] [thread 4060] [22.0] [cxt 0] Processing packet received on port 2
[01:45:12.501] [bmv2] [D] [thread 4060] [22.0] [cxt 0] Parser 'parser': start
[01:45:12.501] [bmv2] [D] [thread 4060] [22.0] [cxt 0] Parser 'parser' entering state 'start'
[01:45:12.501] [bmv2] [D] [thread 4060] [22.0] [cxt 0] Parser state 'start' has no switch, going to default next state
[01:45:12.501] [bmv2] [T] [thread 4060] [22.0] [cxt 0] Bytes parsed: 0
[01:45:12.501] [bmv2] [D] [thread 4060] [22.0] [cxt 0] Parser 'parser': end
[01:45:12.501] [bmv2] [D] [thread 4060] [22.0] [cxt 0] Pipeline 'ingress': start
[01:45:12.501] [bmv2] [T] [thread 4060] [22.0] [cxt 0] Applying table 'MyIngress.ipv4_lpm'
[01:45:12.501] [bmv2] [D] [thread 4060] [22.0] [cxt 0] Looking up key:
* hdr.ipv4.dstAddr    : 00000000

[01:45:12.501] [bmv2] [D] [thread 4060] [22.0] [cxt 0] Table 'MyIngress.ipv4_lpm': miss
[01:45:12.501] [bmv2] [D] [thread 4060] [22.0] [cxt 0] Action entry is NoAction - 
[01:45:12.501] [bmv2] [T] [thread 4060] [22.0] [cxt 0] Action NoAction
[01:45:12.501] [bmv2] [D] [thread 4060] [22.0] [cxt 0] Pipeline 'ingress': end
[01:45:12.501] [bmv2] [D] [thread 4060] [22.0] [cxt 0] Egress port is 0
[01:45:12.501] [bmv2] [D] [thread 4061] [22.0] [cxt 0] Pipeline 'egress': start
[01:45:12.501] [bmv2] [D] [thread 4061] [22.0] [cxt 0] Pipeline 'egress': end
[01:45:12.501] [bmv2] [D] [thread 4061] [22.0] [cxt 0] Deparser 'deparser': start
[01:45:12.501] [bmv2] [T] [thread 4061] [22.0] [cxt 0] Skipping checksum 'cksum' update because condition not met
[01:45:12.501] [bmv2] [D] [thread 4061] [22.0] [cxt 0] Deparser 'deparser': end
[01:45:12.501] [bmv2] [D] [thread 4065] [22.0] [cxt 0] Transmitting packet of size 107 out of port 0
[01:45:12.537] [bmv2] [D] [thread 4060] [23.0] [cxt 0] Processing packet received on port 1
[01:45:12.537] [bmv2] [D] [thread 4060] [23.0] [cxt 0] Parser 'parser': start
[01:45:12.537] [bmv2] [D] [thread 4060] [23.0] [cxt 0] Parser 'parser' entering state 'start'
[01:45:12.537] [bmv2] [D] [thread 4060] [23.0] [cxt 0] Parser state 'start' has no switch, going to default next state
[01:45:12.537] [bmv2] [T] [thread 4060] [23.0] [cxt 0] Bytes parsed: 0
[01:45:12.537] [bmv2] [D] [thread 4060] [23.0] [cxt 0] Parser 'parser': end
[01:45:12.537] [bmv2] [D] [thread 4060] [23.0] [cxt 0] Pipeline 'ingress': start
[01:45:12.537] [bmv2] [T] [thread 4060] [23.0] [cxt 0] Applying table 'MyIngress.ipv4_lpm'
[01:45:12.537] [bmv2] [D] [thread 4060] [23.0] [cxt 0] Looking up key:
* hdr.ipv4.dstAddr    : 00000000

[01:45:12.537] [bmv2] [D] [thread 4060] [23.0] [cxt 0] Table 'MyIngress.ipv4_lpm': miss
[01:45:12.537] [bmv2] [D] [thread 4060] [23.0] [cxt 0] Action entry is NoAction - 
[01:45:12.537] [bmv2] [T] [thread 4060] [23.0] [cxt 0] Action NoAction
[01:45:12.537] [bmv2] [D] [thread 4060] [23.0] [cxt 0] Pipeline 'ingress': end
[01:45:12.537] [bmv2] [D] [thread 4060] [23.0] [cxt 0] Egress port is 0
[01:45:12.537] [bmv2] [D] [thread 4061] [23.0] [cxt 0] Pipeline 'egress': start
[01:45:12.537] [bmv2] [D] [thread 4061] [23.0] [cxt 0] Pipeline 'egress': end
[01:45:12.537] [bmv2] [D] [thread 4061] [23.0] [cxt 0] Deparser 'deparser': start
[01:45:12.537] [bmv2] [T] [thread 4061] [23.0] [cxt 0] Skipping checksum 'cksum' update because condition not met
[01:45:12.537] [bmv2] [D] [thread 4061] [23.0] [cxt 0] Deparser 'deparser': end
[01:45:12.537] [bmv2] [D] [thread 4065] [23.0] [cxt 0] Transmitting packet of size 211 out of port 0
[01:45:12.541] [bmv2] [D] [thread 4060] [24.0] [cxt 0] Processing packet received on port 1
[01:45:12.541] [bmv2] [D] [thread 4060] [24.0] [cxt 0] Parser 'parser': start
[01:45:12.541] [bmv2] [D] [thread 4060] [24.0] [cxt 0] Parser 'parser' entering state 'start'
[01:45:12.541] [bmv2] [D] [thread 4060] [24.0] [cxt 0] Parser state 'start' has no switch, going to default next state
[01:45:12.541] [bmv2] [T] [thread 4060] [24.0] [cxt 0] Bytes parsed: 0
[01:45:12.541] [bmv2] [D] [thread 4060] [24.0] [cxt 0] Parser 'parser': end
[01:45:12.541] [bmv2] [D] [thread 4060] [24.0] [cxt 0] Pipeline 'ingress': start
[01:45:12.541] [bmv2] [T] [thread 4060] [24.0] [cxt 0] Applying table 'MyIngress.ipv4_lpm'
[01:45:12.541] [bmv2] [D] [thread 4060] [24.0] [cxt 0] Looking up key:
* hdr.ipv4.dstAddr    : 00000000

[01:45:12.541] [bmv2] [D] [thread 4060] [24.0] [cxt 0] Table 'MyIngress.ipv4_lpm': miss
[01:45:12.541] [bmv2] [D] [thread 4060] [24.0] [cxt 0] Action entry is NoAction - 
[01:45:12.541] [bmv2] [T] [thread 4060] [24.0] [cxt 0] Action NoAction
[01:45:12.541] [bmv2] [D] [thread 4060] [24.0] [cxt 0] Pipeline 'ingress': end
[01:45:12.541] [bmv2] [D] [thread 4060] [24.0] [cxt 0] Egress port is 0
[01:45:12.541] [bmv2] [D] [thread 4061] [24.0] [cxt 0] Pipeline 'egress': start
[01:45:12.541] [bmv2] [D] [thread 4061] [24.0] [cxt 0] Pipeline 'egress': end
[01:45:12.541] [bmv2] [D] [thread 4061] [24.0] [cxt 0] Deparser 'deparser': start
[01:45:12.541] [bmv2] [T] [thread 4061] [24.0] [cxt 0] Skipping checksum 'cksum' update because condition not met
[01:45:12.541] [bmv2] [D] [thread 4061] [24.0] [cxt 0] Deparser 'deparser': end
[01:45:12.541] [bmv2] [D] [thread 4065] [24.0] [cxt 0] Transmitting packet of size 107 out of port 0
[01:45:12.588] [bmv2] [D] [thread 4060] [25.0] [cxt 0] Processing packet received on port 2
[01:45:12.588] [bmv2] [D] [thread 4060] [25.0] [cxt 0] Parser 'parser': start
[01:45:12.588] [bmv2] [D] [thread 4060] [25.0] [cxt 0] Parser 'parser' entering state 'start'
[01:45:12.588] [bmv2] [D] [thread 4060] [25.0] [cxt 0] Parser state 'start' has no switch, going to default next state
[01:45:12.588] [bmv2] [T] [thread 4060] [25.0] [cxt 0] Bytes parsed: 0
[01:45:12.588] [bmv2] [D] [thread 4060] [25.0] [cxt 0] Parser 'parser': end
[01:45:12.588] [bmv2] [D] [thread 4060] [25.0] [cxt 0] Pipeline 'ingress': start
[01:45:12.588] [bmv2] [T] [thread 4060] [25.0] [cxt 0] Applying table 'MyIngress.ipv4_lpm'
[01:45:12.588] [bmv2] [D] [thread 4060] [25.0] [cxt 0] Looking up key:
* hdr.ipv4.dstAddr    : 00000000

[01:45:12.588] [bmv2] [D] [thread 4060] [25.0] [cxt 0] Table 'MyIngress.ipv4_lpm': miss
[01:45:12.588] [bmv2] [D] [thread 4060] [25.0] [cxt 0] Action entry is NoAction - 
[01:45:12.588] [bmv2] [T] [thread 4060] [25.0] [cxt 0] Action NoAction
[01:45:12.588] [bmv2] [D] [thread 4060] [25.0] [cxt 0] Pipeline 'ingress': end
[01:45:12.588] [bmv2] [D] [thread 4060] [25.0] [cxt 0] Egress port is 0
[01:45:12.588] [bmv2] [D] [thread 4061] [25.0] [cxt 0] Pipeline 'egress': start
[01:45:12.588] [bmv2] [D] [thread 4061] [25.0] [cxt 0] Pipeline 'egress': end
[01:45:12.588] [bmv2] [D] [thread 4061] [25.0] [cxt 0] Deparser 'deparser': start
[01:45:12.588] [bmv2] [T] [thread 4061] [25.0] [cxt 0] Skipping checksum 'cksum' update because condition not met
[01:45:12.588] [bmv2] [D] [thread 4061] [25.0] [cxt 0] Deparser 'deparser': end
[01:45:12.588] [bmv2] [D] [thread 4065] [25.0] [cxt 0] Transmitting packet of size 223 out of port 0
[01:45:12.641] [bmv2] [D] [thread 4060] [26.0] [cxt 0] Processing packet received on port 2
[01:45:12.641] [bmv2] [D] [thread 4060] [26.0] [cxt 0] Parser 'parser': start
[01:45:12.641] [bmv2] [D] [thread 4060] [26.0] [cxt 0] Parser 'parser' entering state 'start'
[01:45:12.641] [bmv2] [D] [thread 4060] [26.0] [cxt 0] Parser state 'start' has no switch, going to default next state
[01:45:12.641] [bmv2] [T] [thread 4060] [26.0] [cxt 0] Bytes parsed: 0
[01:45:12.641] [bmv2] [D] [thread 4060] [26.0] [cxt 0] Parser 'parser': end
[01:45:12.641] [bmv2] [D] [thread 4060] [26.0] [cxt 0] Pipeline 'ingress': start
[01:45:12.641] [bmv2] [T] [thread 4060] [26.0] [cxt 0] Applying table 'MyIngress.ipv4_lpm'
[01:45:12.641] [bmv2] [D] [thread 4060] [26.0] [cxt 0] Looking up key:
* hdr.ipv4.dstAddr    : 00000000

[01:45:12.641] [bmv2] [D] [thread 4060] [26.0] [cxt 0] Table 'MyIngress.ipv4_lpm': miss
[01:45:12.641] [bmv2] [D] [thread 4060] [26.0] [cxt 0] Action entry is NoAction - 
[01:45:12.641] [bmv2] [T] [thread 4060] [26.0] [cxt 0] Action NoAction
[01:45:12.641] [bmv2] [D] [thread 4060] [26.0] [cxt 0] Pipeline 'ingress': end
[01:45:12.641] [bmv2] [D] [thread 4060] [26.0] [cxt 0] Egress port is 0
[01:45:12.641] [bmv2] [D] [thread 4061] [26.0] [cxt 0] Pipeline 'egress': start
[01:45:12.641] [bmv2] [D] [thread 4061] [26.0] [cxt 0] Pipeline 'egress': end
[01:45:12.641] [bmv2] [D] [thread 4061] [26.0] [cxt 0] Deparser 'deparser': start
[01:45:12.641] [bmv2] [T] [thread 4061] [26.0] [cxt 0] Skipping checksum 'cksum' update because condition not met
[01:45:12.641] [bmv2] [D] [thread 4061] [26.0] [cxt 0] Deparser 'deparser': end
[01:45:12.641] [bmv2] [D] [thread 4065] [26.0] [cxt 0] Transmitting packet of size 223 out of port 0
[01:45:12.787] [bmv2] [D] [thread 4060] [27.0] [cxt 0] Processing packet received on port 2
[01:45:12.787] [bmv2] [D] [thread 4060] [27.0] [cxt 0] Parser 'parser': start
[01:45:12.787] [bmv2] [D] [thread 4060] [27.0] [cxt 0] Parser 'parser' entering state 'start'
[01:45:12.787] [bmv2] [D] [thread 4060] [27.0] [cxt 0] Parser state 'start' has no switch, going to default next state
[01:45:12.787] [bmv2] [T] [thread 4060] [27.0] [cxt 0] Bytes parsed: 0
[01:45:12.787] [bmv2] [D] [thread 4060] [27.0] [cxt 0] Parser 'parser': end
[01:45:12.787] [bmv2] [D] [thread 4060] [27.0] [cxt 0] Pipeline 'ingress': start
[01:45:12.787] [bmv2] [T] [thread 4060] [27.0] [cxt 0] Applying table 'MyIngress.ipv4_lpm'
[01:45:12.787] [bmv2] [D] [thread 4060] [27.0] [cxt 0] Looking up key:
* hdr.ipv4.dstAddr    : 00000000

[01:45:12.787] [bmv2] [D] [thread 4060] [27.0] [cxt 0] Table 'MyIngress.ipv4_lpm': miss
[01:45:12.787] [bmv2] [D] [thread 4060] [27.0] [cxt 0] Action entry is NoAction - 
[01:45:12.787] [bmv2] [T] [thread 4060] [27.0] [cxt 0] Action NoAction
[01:45:12.787] [bmv2] [D] [thread 4060] [27.0] [cxt 0] Pipeline 'ingress': end
[01:45:12.787] [bmv2] [D] [thread 4060] [27.0] [cxt 0] Egress port is 0
[01:45:12.787] [bmv2] [D] [thread 4061] [27.0] [cxt 0] Pipeline 'egress': start
[01:45:12.787] [bmv2] [D] [thread 4061] [27.0] [cxt 0] Pipeline 'egress': end
[01:45:12.787] [bmv2] [D] [thread 4061] [27.0] [cxt 0] Deparser 'deparser': start
[01:45:12.787] [bmv2] [T] [thread 4061] [27.0] [cxt 0] Skipping checksum 'cksum' update because condition not met
[01:45:12.787] [bmv2] [D] [thread 4061] [27.0] [cxt 0] Deparser 'deparser': end
[01:45:12.787] [bmv2] [D] [thread 4065] [27.0] [cxt 0] Transmitting packet of size 90 out of port 0
[01:45:12.787] [bmv2] [D] [thread 4060] [28.0] [cxt 0] Processing packet received on port 2
[01:45:12.787] [bmv2] [D] [thread 4060] [28.0] [cxt 0] Parser 'parser': start
[01:45:12.787] [bmv2] [D] [thread 4060] [28.0] [cxt 0] Parser 'parser' entering state 'start'
[01:45:12.787] [bmv2] [D] [thread 4060] [28.0] [cxt 0] Parser state 'start' has no switch, going to default next state
[01:45:12.787] [bmv2] [T] [thread 4060] [28.0] [cxt 0] Bytes parsed: 0
[01:45:12.787] [bmv2] [D] [thread 4060] [28.0] [cxt 0] Parser 'parser': end
[01:45:12.787] [bmv2] [D] [thread 4060] [28.0] [cxt 0] Pipeline 'ingress': start
[01:45:12.787] [bmv2] [T] [thread 4060] [28.0] [cxt 0] Applying table 'MyIngress.ipv4_lpm'
[01:45:12.787] [bmv2] [D] [thread 4060] [28.0] [cxt 0] Looking up key:
* hdr.ipv4.dstAddr    : 00000000

[01:45:12.787] [bmv2] [D] [thread 4060] [28.0] [cxt 0] Table 'MyIngress.ipv4_lpm': miss
[01:45:12.787] [bmv2] [D] [thread 4060] [28.0] [cxt 0] Action entry is NoAction - 
[01:45:12.787] [bmv2] [T] [thread 4060] [28.0] [cxt 0] Action NoAction
[01:45:12.787] [bmv2] [D] [thread 4060] [28.0] [cxt 0] Pipeline 'ingress': end
[01:45:12.787] [bmv2] [D] [thread 4060] [28.0] [cxt 0] Egress port is 0
[01:45:12.787] [bmv2] [D] [thread 4061] [28.0] [cxt 0] Pipeline 'egress': start
[01:45:12.787] [bmv2] [D] [thread 4061] [28.0] [cxt 0] Pipeline 'egress': end
[01:45:12.787] [bmv2] [D] [thread 4061] [28.0] [cxt 0] Deparser 'deparser': start
[01:45:12.787] [bmv2] [T] [thread 4061] [28.0] [cxt 0] Skipping checksum 'cksum' update because condition not met
[01:45:12.787] [bmv2] [D] [thread 4061] [28.0] [cxt 0] Deparser 'deparser': end
[01:45:12.787] [bmv2] [D] [thread 4065] [28.0] [cxt 0] Transmitting packet of size 211 out of port 0
[01:45:12.911] [bmv2] [D] [thread 4060] [29.0] [cxt 0] Processing packet received on port 2
[01:45:12.911] [bmv2] [D] [thread 4060] [29.0] [cxt 0] Parser 'parser': start
[01:45:12.911] [bmv2] [D] [thread 4060] [29.0] [cxt 0] Parser 'parser' entering state 'start'
[01:45:12.911] [bmv2] [D] [thread 4060] [29.0] [cxt 0] Parser state 'start' has no switch, going to default next state
[01:45:12.911] [bmv2] [T] [thread 4060] [29.0] [cxt 0] Bytes parsed: 0
[01:45:12.911] [bmv2] [D] [thread 4060] [29.0] [cxt 0] Parser 'parser': end
[01:45:12.911] [bmv2] [D] [thread 4060] [29.0] [cxt 0] Pipeline 'ingress': start
[01:45:12.911] [bmv2] [T] [thread 4060] [29.0] [cxt 0] Applying table 'MyIngress.ipv4_lpm'
[01:45:12.911] [bmv2] [D] [thread 4060] [29.0] [cxt 0] Looking up key:
* hdr.ipv4.dstAddr    : 00000000

[01:45:12.911] [bmv2] [D] [thread 4060] [29.0] [cxt 0] Table 'MyIngress.ipv4_lpm': miss
[01:45:12.911] [bmv2] [D] [thread 4060] [29.0] [cxt 0] Action entry is NoAction - 
[01:45:12.911] [bmv2] [T] [thread 4060] [29.0] [cxt 0] Action NoAction
[01:45:12.911] [bmv2] [D] [thread 4060] [29.0] [cxt 0] Pipeline 'ingress': end
[01:45:12.911] [bmv2] [D] [thread 4060] [29.0] [cxt 0] Egress port is 0
[01:45:12.911] [bmv2] [D] [thread 4061] [29.0] [cxt 0] Pipeline 'egress': start
[01:45:12.911] [bmv2] [D] [thread 4061] [29.0] [cxt 0] Pipeline 'egress': end
[01:45:12.911] [bmv2] [D] [thread 4061] [29.0] [cxt 0] Deparser 'deparser': start
[01:45:12.911] [bmv2] [T] [thread 4061] [29.0] [cxt 0] Skipping checksum 'cksum' update because condition not met
[01:45:12.911] [bmv2] [D] [thread 4061] [29.0] [cxt 0] Deparser 'deparser': end
[01:45:12.911] [bmv2] [D] [thread 4065] [29.0] [cxt 0] Transmitting packet of size 223 out of port 0
[01:45:12.941] [bmv2] [D] [thread 4060] [30.0] [cxt 0] Processing packet received on port 2
[01:45:12.941] [bmv2] [D] [thread 4060] [30.0] [cxt 0] Parser 'parser': start
[01:45:12.941] [bmv2] [D] [thread 4060] [30.0] [cxt 0] Parser 'parser' entering state 'start'
[01:45:12.941] [bmv2] [D] [thread 4060] [30.0] [cxt 0] Parser state 'start' has no switch, going to default next state
[01:45:12.941] [bmv2] [T] [thread 4060] [30.0] [cxt 0] Bytes parsed: 0
[01:45:12.941] [bmv2] [D] [thread 4060] [30.0] [cxt 0] Parser 'parser': end
[01:45:12.941] [bmv2] [D] [thread 4060] [30.0] [cxt 0] Pipeline 'ingress': start
[01:45:12.941] [bmv2] [T] [thread 4060] [30.0] [cxt 0] Applying table 'MyIngress.ipv4_lpm'
[01:45:12.941] [bmv2] [D] [thread 4060] [30.0] [cxt 0] Looking up key:
* hdr.ipv4.dstAddr    : 00000000

[01:45:12.941] [bmv2] [D] [thread 4060] [30.0] [cxt 0] Table 'MyIngress.ipv4_lpm': miss
[01:45:12.941] [bmv2] [D] [thread 4060] [30.0] [cxt 0] Action entry is NoAction - 
[01:45:12.941] [bmv2] [T] [thread 4060] [30.0] [cxt 0] Action NoAction
[01:45:12.941] [bmv2] [D] [thread 4060] [30.0] [cxt 0] Pipeline 'ingress': end
[01:45:12.941] [bmv2] [D] [thread 4060] [30.0] [cxt 0] Egress port is 0
[01:45:12.941] [bmv2] [D] [thread 4061] [30.0] [cxt 0] Pipeline 'egress': start
[01:45:12.941] [bmv2] [D] [thread 4061] [30.0] [cxt 0] Pipeline 'egress': end
[01:45:12.941] [bmv2] [D] [thread 4061] [30.0] [cxt 0] Deparser 'deparser': start
[01:45:12.941] [bmv2] [T] [thread 4061] [30.0] [cxt 0] Skipping checksum 'cksum' update because condition not met
[01:45:12.941] [bmv2] [D] [thread 4061] [30.0] [cxt 0] Deparser 'deparser': end
[01:45:12.941] [bmv2] [D] [thread 4065] [30.0] [cxt 0] Transmitting packet of size 107 out of port 0
[01:45:13.161] [bmv2] [D] [thread 4060] [31.0] [cxt 0] Processing packet received on port 2
[01:45:13.161] [bmv2] [D] [thread 4060] [31.0] [cxt 0] Parser 'parser': start
[01:45:13.161] [bmv2] [D] [thread 4060] [31.0] [cxt 0] Parser 'parser' entering state 'start'
[01:45:13.161] [bmv2] [D] [thread 4060] [31.0] [cxt 0] Parser state 'start' has no switch, going to default next state
[01:45:13.161] [bmv2] [T] [thread 4060] [31.0] [cxt 0] Bytes parsed: 0
[01:45:13.161] [bmv2] [D] [thread 4060] [31.0] [cxt 0] Parser 'parser': end
[01:45:13.161] [bmv2] [D] [thread 4060] [31.0] [cxt 0] Pipeline 'ingress': start
[01:45:13.161] [bmv2] [T] [thread 4060] [31.0] [cxt 0] Applying table 'MyIngress.ipv4_lpm'
[01:45:13.161] [bmv2] [D] [thread 4060] [31.0] [cxt 0] Looking up key:
* hdr.ipv4.dstAddr    : 00000000

[01:45:13.161] [bmv2] [D] [thread 4060] [31.0] [cxt 0] Table 'MyIngress.ipv4_lpm': miss
[01:45:13.161] [bmv2] [D] [thread 4060] [31.0] [cxt 0] Action entry is NoAction - 
[01:45:13.161] [bmv2] [T] [thread 4060] [31.0] [cxt 0] Action NoAction
[01:45:13.161] [bmv2] [D] [thread 4060] [31.0] [cxt 0] Pipeline 'ingress': end
[01:45:13.161] [bmv2] [D] [thread 4060] [31.0] [cxt 0] Egress port is 0
[01:45:13.161] [bmv2] [D] [thread 4061] [31.0] [cxt 0] Pipeline 'egress': start
[01:45:13.161] [bmv2] [D] [thread 4061] [31.0] [cxt 0] Pipeline 'egress': end
[01:45:13.161] [bmv2] [D] [thread 4061] [31.0] [cxt 0] Deparser 'deparser': start
[01:45:13.161] [bmv2] [T] [thread 4061] [31.0] [cxt 0] Skipping checksum 'cksum' update because condition not met
[01:45:13.161] [bmv2] [D] [thread 4061] [31.0] [cxt 0] Deparser 'deparser': end
[01:45:13.161] [bmv2] [D] [thread 4065] [31.0] [cxt 0] Transmitting packet of size 223 out of port 0
[01:45:13.359] [bmv2] [D] [thread 4060] [32.0] [cxt 0] Processing packet received on port 2
[01:45:13.359] [bmv2] [D] [thread 4060] [32.0] [cxt 0] Parser 'parser': start
[01:45:13.359] [bmv2] [D] [thread 4060] [32.0] [cxt 0] Parser 'parser' entering state 'start'
[01:45:13.359] [bmv2] [D] [thread 4060] [32.0] [cxt 0] Parser state 'start' has no switch, going to default next state
[01:45:13.359] [bmv2] [T] [thread 4060] [32.0] [cxt 0] Bytes parsed: 0
[01:45:13.359] [bmv2] [D] [thread 4060] [32.0] [cxt 0] Parser 'parser': end
[01:45:13.359] [bmv2] [D] [thread 4060] [32.0] [cxt 0] Pipeline 'ingress': start
[01:45:13.359] [bmv2] [T] [thread 4060] [32.0] [cxt 0] Applying table 'MyIngress.ipv4_lpm'
[01:45:13.359] [bmv2] [D] [thread 4060] [32.0] [cxt 0] Looking up key:
* hdr.ipv4.dstAddr    : 00000000

[01:45:13.359] [bmv2] [D] [thread 4060] [32.0] [cxt 0] Table 'MyIngress.ipv4_lpm': miss
[01:45:13.359] [bmv2] [D] [thread 4060] [32.0] [cxt 0] Action entry is NoAction - 
[01:45:13.359] [bmv2] [T] [thread 4060] [32.0] [cxt 0] Action NoAction
[01:45:13.359] [bmv2] [D] [thread 4060] [32.0] [cxt 0] Pipeline 'ingress': end
[01:45:13.359] [bmv2] [D] [thread 4060] [32.0] [cxt 0] Egress port is 0
[01:45:13.359] [bmv2] [D] [thread 4061] [32.0] [cxt 0] Pipeline 'egress': start
[01:45:13.359] [bmv2] [D] [thread 4061] [32.0] [cxt 0] Pipeline 'egress': end
[01:45:13.359] [bmv2] [D] [thread 4061] [32.0] [cxt 0] Deparser 'deparser': start
[01:45:13.359] [bmv2] [T] [thread 4061] [32.0] [cxt 0] Skipping checksum 'cksum' update because condition not met
[01:45:13.359] [bmv2] [D] [thread 4061] [32.0] [cxt 0] Deparser 'deparser': end
[01:45:13.359] [bmv2] [D] [thread 4065] [32.0] [cxt 0] Transmitting packet of size 110 out of port 0
[01:45:13.361] [bmv2] [D] [thread 4060] [33.0] [cxt 0] Processing packet received on port 2
[01:45:13.361] [bmv2] [D] [thread 4060] [33.0] [cxt 0] Parser 'parser': start
[01:45:13.361] [bmv2] [D] [thread 4060] [33.0] [cxt 0] Parser 'parser' entering state 'start'
[01:45:13.361] [bmv2] [D] [thread 4060] [33.0] [cxt 0] Parser state 'start' has no switch, going to default next state
[01:45:13.361] [bmv2] [T] [thread 4060] [33.0] [cxt 0] Bytes parsed: 0
[01:45:13.361] [bmv2] [D] [thread 4060] [33.0] [cxt 0] Parser 'parser': end
[01:45:13.361] [bmv2] [D] [thread 4060] [33.0] [cxt 0] Pipeline 'ingress': start
[01:45:13.361] [bmv2] [T] [thread 4060] [33.0] [cxt 0] Applying table 'MyIngress.ipv4_lpm'
[01:45:13.361] [bmv2] [D] [thread 4060] [33.0] [cxt 0] Looking up key:
* hdr.ipv4.dstAddr    : 00000000

[01:45:13.361] [bmv2] [D] [thread 4060] [33.0] [cxt 0] Table 'MyIngress.ipv4_lpm': miss
[01:45:13.361] [bmv2] [D] [thread 4060] [33.0] [cxt 0] Action entry is NoAction - 
[01:45:13.361] [bmv2] [T] [thread 4060] [33.0] [cxt 0] Action NoAction
[01:45:13.361] [bmv2] [D] [thread 4060] [33.0] [cxt 0] Pipeline 'ingress': end
[01:45:13.361] [bmv2] [D] [thread 4060] [33.0] [cxt 0] Egress port is 0
[01:45:13.361] [bmv2] [D] [thread 4061] [33.0] [cxt 0] Pipeline 'egress': start
[01:45:13.361] [bmv2] [D] [thread 4061] [33.0] [cxt 0] Pipeline 'egress': end
[01:45:13.361] [bmv2] [D] [thread 4061] [33.0] [cxt 0] Deparser 'deparser': start
[01:45:13.361] [bmv2] [T] [thread 4061] [33.0] [cxt 0] Skipping checksum 'cksum' update because condition not met
[01:45:13.361] [bmv2] [D] [thread 4061] [33.0] [cxt 0] Deparser 'deparser': end
[01:45:13.361] [bmv2] [D] [thread 4065] [33.0] [cxt 0] Transmitting packet of size 211 out of port 0
[01:45:13.516] [bmv2] [D] [thread 4060] [34.0] [cxt 0] Processing packet received on port 2
[01:45:13.516] [bmv2] [D] [thread 4060] [34.0] [cxt 0] Parser 'parser': start
[01:45:13.516] [bmv2] [D] [thread 4060] [34.0] [cxt 0] Parser 'parser' entering state 'start'
[01:45:13.516] [bmv2] [D] [thread 4060] [34.0] [cxt 0] Parser state 'start' has no switch, going to default next state
[01:45:13.516] [bmv2] [T] [thread 4060] [34.0] [cxt 0] Bytes parsed: 0
[01:45:13.516] [bmv2] [D] [thread 4060] [34.0] [cxt 0] Parser 'parser': end
[01:45:13.516] [bmv2] [D] [thread 4060] [34.0] [cxt 0] Pipeline 'ingress': start
[01:45:13.516] [bmv2] [T] [thread 4060] [34.0] [cxt 0] Applying table 'MyIngress.ipv4_lpm'
[01:45:13.516] [bmv2] [D] [thread 4060] [34.0] [cxt 0] Looking up key:
* hdr.ipv4.dstAddr    : 00000000

[01:45:13.516] [bmv2] [D] [thread 4060] [34.0] [cxt 0] Table 'MyIngress.ipv4_lpm': miss
[01:45:13.516] [bmv2] [D] [thread 4060] [34.0] [cxt 0] Action entry is NoAction - 
[01:45:13.516] [bmv2] [T] [thread 4060] [34.0] [cxt 0] Action NoAction
[01:45:13.516] [bmv2] [D] [thread 4060] [34.0] [cxt 0] Pipeline 'ingress': end
[01:45:13.516] [bmv2] [D] [thread 4060] [34.0] [cxt 0] Egress port is 0
[01:45:13.516] [bmv2] [D] [thread 4061] [34.0] [cxt 0] Pipeline 'egress': start
[01:45:13.516] [bmv2] [D] [thread 4061] [34.0] [cxt 0] Pipeline 'egress': end
[01:45:13.516] [bmv2] [D] [thread 4061] [34.0] [cxt 0] Deparser 'deparser': start
[01:45:13.516] [bmv2] [T] [thread 4061] [34.0] [cxt 0] Skipping checksum 'cksum' update because condition not met
[01:45:13.516] [bmv2] [D] [thread 4061] [34.0] [cxt 0] Deparser 'deparser': end
[01:45:13.516] [bmv2] [D] [thread 4065] [34.0] [cxt 0] Transmitting packet of size 107 out of port 0
[01:45:13.571] [bmv2] [D] [thread 4060] [35.0] [cxt 0] Processing packet received on port 1
[01:45:13.571] [bmv2] [D] [thread 4060] [35.0] [cxt 0] Parser 'parser': start
[01:45:13.571] [bmv2] [D] [thread 4060] [35.0] [cxt 0] Parser 'parser' entering state 'start'
[01:45:13.571] [bmv2] [D] [thread 4060] [35.0] [cxt 0] Parser state 'start' has no switch, going to default next state
[01:45:13.571] [bmv2] [T] [thread 4060] [35.0] [cxt 0] Bytes parsed: 0
[01:45:13.571] [bmv2] [D] [thread 4060] [35.0] [cxt 0] Parser 'parser': end
[01:45:13.571] [bmv2] [D] [thread 4060] [35.0] [cxt 0] Pipeline 'ingress': start
[01:45:13.571] [bmv2] [T] [thread 4060] [35.0] [cxt 0] Applying table 'MyIngress.ipv4_lpm'
[01:45:13.571] [bmv2] [D] [thread 4060] [35.0] [cxt 0] Looking up key:
* hdr.ipv4.dstAddr    : 00000000

[01:45:13.571] [bmv2] [D] [thread 4060] [35.0] [cxt 0] Table 'MyIngress.ipv4_lpm': miss
[01:45:13.571] [bmv2] [D] [thread 4060] [35.0] [cxt 0] Action entry is NoAction - 
[01:45:13.571] [bmv2] [T] [thread 4060] [35.0] [cxt 0] Action NoAction
[01:45:13.571] [bmv2] [D] [thread 4060] [35.0] [cxt 0] Pipeline 'ingress': end
[01:45:13.571] [bmv2] [D] [thread 4060] [35.0] [cxt 0] Egress port is 0
[01:45:13.571] [bmv2] [D] [thread 4061] [35.0] [cxt 0] Pipeline 'egress': start
[01:45:13.571] [bmv2] [D] [thread 4061] [35.0] [cxt 0] Pipeline 'egress': end
[01:45:13.571] [bmv2] [D] [thread 4061] [35.0] [cxt 0] Deparser 'deparser': start
[01:45:13.571] [bmv2] [T] [thread 4061] [35.0] [cxt 0] Skipping checksum 'cksum' update because condition not met
[01:45:13.571] [bmv2] [D] [thread 4061] [35.0] [cxt 0] Deparser 'deparser': end
[01:45:13.571] [bmv2] [D] [thread 4065] [35.0] [cxt 0] Transmitting packet of size 211 out of port 0
[01:45:13.724] [bmv2] [W] [thread 4097] [P4Runtime] p4::tmp::P4DeviceConfig is deprecated
[01:45:13.725] [bmv2] [D] [thread 4097] Set default default entry for table 'MyIngress.ipv4_lpm': NoAction - 
[01:45:13.725] [bmv2] [D] [thread 4060] [36.0] [cxt 0] Processing packet received on port 1
[01:45:13.726] [bmv2] [D] [thread 4060] [36.0] [cxt 0] Parser 'parser': start
[01:45:13.726] [bmv2] [D] [thread 4060] [36.0] [cxt 0] Parser 'parser' entering state 'start'
[01:45:13.726] [bmv2] [D] [thread 4060] [36.0] [cxt 0] Parser state 'start' has no switch, going to default next state
[01:45:13.726] [bmv2] [T] [thread 4060] [36.0] [cxt 0] Bytes parsed: 0
[01:45:13.726] [bmv2] [D] [thread 4060] [36.0] [cxt 0] Parser 'parser': end
[01:45:13.726] [bmv2] [D] [thread 4060] [36.0] [cxt 0] Pipeline 'ingress': start
[01:45:13.726] [bmv2] [T] [thread 4060] [36.0] [cxt 0] Applying table 'MyIngress.ipv4_lpm'
[01:45:13.726] [bmv2] [D] [thread 4060] [36.0] [cxt 0] Looking up key:
* hdr.ipv4.dstAddr    : 00000000

[01:45:13.726] [bmv2] [D] [thread 4060] [36.0] [cxt 0] Table 'MyIngress.ipv4_lpm': miss
[01:45:13.726] [bmv2] [D] [thread 4060] [36.0] [cxt 0] Action entry is NoAction - 
[01:45:13.726] [bmv2] [T] [thread 4060] [36.0] [cxt 0] Action NoAction
[01:45:13.726] [bmv2] [D] [thread 4060] [36.0] [cxt 0] Pipeline 'ingress': end
[01:45:13.726] [bmv2] [D] [thread 4060] [36.0] [cxt 0] Egress port is 0
[01:45:13.726] [bmv2] [D] [thread 4061] [36.0] [cxt 0] Pipeline 'egress': start
[01:45:13.726] [bmv2] [D] [thread 4061] [36.0] [cxt 0] Pipeline 'egress': end
[01:45:13.726] [bmv2] [D] [thread 4061] [36.0] [cxt 0] Deparser 'deparser': start
[01:45:13.726] [bmv2] [T] [thread 4061] [36.0] [cxt 0] Skipping checksum 'cksum' update because condition not met
[01:45:13.726] [bmv2] [D] [thread 4061] [36.0] [cxt 0] Deparser 'deparser': end
[01:45:13.726] [bmv2] [D] [thread 4065] [36.0] [cxt 0] Transmitting packet of size 211 out of port 0
[01:45:13.726] [bmv2] [D] [thread 4097] simple_switch target has been notified of a config swap
[01:45:13.728] [bmv2] [D] [thread 4098] Set default entry for table 'MyIngress.ipv4_lpm': MyIngress.drop - 
[01:45:13.730] [bmv2] [D] [thread 4097] Entry 0 added to table 'MyIngress.ipv4_lpm'
[01:45:13.730] [bmv2] [D] [thread 4097] Dumping entry 0
Match key:
* hdr.ipv4.dstAddr    : LPM       0a000101/32
Action entry: MyIngress.ipv4_forward - 80000000100,1,

[01:45:13.733] [bmv2] [D] [thread 4098] Entry 1 added to table 'MyIngress.ipv4_lpm'
[01:45:13.733] [bmv2] [D] [thread 4098] Dumping entry 1
Match key:
* hdr.ipv4.dstAddr    : LPM       0a000202/32
Action entry: MyIngress.ipv4_forward - 80000000100,1,

[01:45:13.735] [bmv2] [D] [thread 4097] Entry 2 added to table 'MyIngress.ipv4_lpm'
[01:45:13.735] [bmv2] [D] [thread 4097] Dumping entry 2
Match key:
* hdr.ipv4.dstAddr    : LPM       0a000303/32
Action entry: MyIngress.ipv4_forward - 80000000200,2,

[01:45:13.737] [bmv2] [D] [thread 4098] Entry 3 added to table 'MyIngress.ipv4_lpm'
[01:45:13.737] [bmv2] [D] [thread 4098] Dumping entry 3
Match key:
* hdr.ipv4.dstAddr    : LPM       0a000404/32
Action entry: MyIngress.ipv4_forward - 80000000200,2,

[01:45:13.977] [bmv2] [D] [thread 4060] [37.0] [cxt 0] Processing packet received on port 2
[01:45:13.977] [bmv2] [D] [thread 4060] [37.0] [cxt 0] Parser 'parser': start
[01:45:13.977] [bmv2] [D] [thread 4060] [37.0] [cxt 0] Parser 'parser' entering state 'start'
[01:45:13.977] [bmv2] [D] [thread 4060] [37.0] [cxt 0] Parser state 'start' has no switch, going to default next state
[01:45:13.977] [bmv2] [T] [thread 4060] [37.0] [cxt 0] Bytes parsed: 0
[01:45:13.977] [bmv2] [D] [thread 4060] [37.0] [cxt 0] Parser 'parser': end
[01:45:13.977] [bmv2] [D] [thread 4060] [37.0] [cxt 0] Pipeline 'ingress': start
[01:45:13.977] [bmv2] [T] [thread 4060] [37.0] [cxt 0] Applying table 'MyIngress.ipv4_lpm'
[01:45:13.977] [bmv2] [D] [thread 4060] [37.0] [cxt 0] Looking up key:
* hdr.ipv4.dstAddr    : 00000000

[01:45:13.977] [bmv2] [D] [thread 4060] [37.0] [cxt 0] Table 'MyIngress.ipv4_lpm': miss
[01:45:13.977] [bmv2] [D] [thread 4060] [37.0] [cxt 0] Action entry is MyIngress.drop - 
[01:45:13.977] [bmv2] [T] [thread 4060] [37.0] [cxt 0] Action MyIngress.drop
[01:45:13.977] [bmv2] [T] [thread 4060] [37.0] [cxt 0] basic.p4(78) Primitive mark_to_drop(standard_metadata)
[01:45:13.977] [bmv2] [D] [thread 4060] [37.0] [cxt 0] Pipeline 'ingress': end
[01:45:13.977] [bmv2] [D] [thread 4060] [37.0] [cxt 0] Egress port is 511
[01:45:13.977] [bmv2] [D] [thread 4060] [37.0] [cxt 0] Dropping packet at the end of ingress
[01:45:14.542] [bmv2] [D] [thread 4060] [38.0] [cxt 0] Processing packet received on port 1
[01:45:14.542] [bmv2] [D] [thread 4060] [38.0] [cxt 0] Parser 'parser': start
[01:45:14.542] [bmv2] [D] [thread 4060] [38.0] [cxt 0] Parser 'parser' entering state 'start'
[01:45:14.542] [bmv2] [D] [thread 4060] [38.0] [cxt 0] Parser state 'start' has no switch, going to default next state
[01:45:14.542] [bmv2] [T] [thread 4060] [38.0] [cxt 0] Bytes parsed: 0
[01:45:14.542] [bmv2] [D] [thread 4060] [38.0] [cxt 0] Parser 'parser': end
[01:45:14.542] [bmv2] [D] [thread 4060] [38.0] [cxt 0] Pipeline 'ingress': start
[01:45:14.542] [bmv2] [T] [thread 4060] [38.0] [cxt 0] Applying table 'MyIngress.ipv4_lpm'
[01:45:14.542] [bmv2] [D] [thread 4060] [38.0] [cxt 0] Looking up key:
* hdr.ipv4.dstAddr    : 00000000

[01:45:14.542] [bmv2] [D] [thread 4060] [38.0] [cxt 0] Table 'MyIngress.ipv4_lpm': miss
[01:45:14.542] [bmv2] [D] [thread 4060] [38.0] [cxt 0] Action entry is MyIngress.drop - 
[01:45:14.542] [bmv2] [T] [thread 4060] [38.0] [cxt 0] Action MyIngress.drop
[01:45:14.542] [bmv2] [T] [thread 4060] [38.0] [cxt 0] basic.p4(78) Primitive mark_to_drop(standard_metadata)
[01:45:14.542] [bmv2] [D] [thread 4060] [38.0] [cxt 0] Pipeline 'ingress': end
[01:45:14.542] [bmv2] [D] [thread 4060] [38.0] [cxt 0] Egress port is 511
[01:45:14.542] [bmv2] [D] [thread 4060] [38.0] [cxt 0] Dropping packet at the end of ingress
[01:45:14.550] [bmv2] [D] [thread 4060] [39.0] [cxt 0] Processing packet received on port 2
[01:45:14.550] [bmv2] [D] [thread 4060] [39.0] [cxt 0] Parser 'parser': start
[01:45:14.550] [bmv2] [D] [thread 4060] [39.0] [cxt 0] Parser 'parser' entering state 'start'
[01:45:14.550] [bmv2] [D] [thread 4060] [39.0] [cxt 0] Parser state 'start' has no switch, going to default next state
[01:45:14.550] [bmv2] [T] [thread 4060] [39.0] [cxt 0] Bytes parsed: 0
[01:45:14.550] [bmv2] [D] [thread 4060] [39.0] [cxt 0] Parser 'parser': end
[01:45:14.550] [bmv2] [D] [thread 4060] [39.0] [cxt 0] Pipeline 'ingress': start
[01:45:14.550] [bmv2] [T] [thread 4060] [39.0] [cxt 0] Applying table 'MyIngress.ipv4_lpm'
[01:45:14.550] [bmv2] [D] [thread 4060] [39.0] [cxt 0] Looking up key:
* hdr.ipv4.dstAddr    : 00000000

[01:45:14.550] [bmv2] [D] [thread 4060] [39.0] [cxt 0] Table 'MyIngress.ipv4_lpm': miss
[01:45:14.550] [bmv2] [D] [thread 4060] [39.0] [cxt 0] Action entry is MyIngress.drop - 
[01:45:14.550] [bmv2] [T] [thread 4060] [39.0] [cxt 0] Action MyIngress.drop
[01:45:14.550] [bmv2] [T] [thread 4060] [39.0] [cxt 0] basic.p4(78) Primitive mark_to_drop(standard_metadata)
[01:45:14.550] [bmv2] [D] [thread 4060] [39.0] [cxt 0] Pipeline 'ingress': end
[01:45:14.550] [bmv2] [D] [thread 4060] [39.0] [cxt 0] Egress port is 511
[01:45:14.550] [bmv2] [D] [thread 4060] [39.0] [cxt 0] Dropping packet at the end of ingress
[01:45:14.946] [bmv2] [D] [thread 4060] [40.0] [cxt 0] Processing packet received on port 2
[01:45:14.946] [bmv2] [D] [thread 4060] [40.0] [cxt 0] Parser 'parser': start
[01:45:14.946] [bmv2] [D] [thread 4060] [40.0] [cxt 0] Parser 'parser' entering state 'start'
[01:45:14.946] [bmv2] [D] [thread 4060] [40.0] [cxt 0] Parser state 'start' has no switch, going to default next state
[01:45:14.946] [bmv2] [T] [thread 4060] [40.0] [cxt 0] Bytes parsed: 0
[01:45:14.946] [bmv2] [D] [thread 4060] [40.0] [cxt 0] Parser 'parser': end
[01:45:14.946] [bmv2] [D] [thread 4060] [40.0] [cxt 0] Pipeline 'ingress': start
[01:45:14.946] [bmv2] [T] [thread 4060] [40.0] [cxt 0] Applying table 'MyIngress.ipv4_lpm'
[01:45:14.946] [bmv2] [D] [thread 4060] [40.0] [cxt 0] Looking up key:
* hdr.ipv4.dstAddr    : 00000000

[01:45:14.946] [bmv2] [D] [thread 4060] [40.0] [cxt 0] Table 'MyIngress.ipv4_lpm': miss
[01:45:14.946] [bmv2] [D] [thread 4060] [40.0] [cxt 0] Action entry is MyIngress.drop - 
[01:45:14.946] [bmv2] [T] [thread 4060] [40.0] [cxt 0] Action MyIngress.drop
[01:45:14.946] [bmv2] [T] [thread 4060] [40.0] [cxt 0] basic.p4(78) Primitive mark_to_drop(standard_metadata)
[01:45:14.946] [bmv2] [D] [thread 4060] [40.0] [cxt 0] Pipeline 'ingress': end
[01:45:14.946] [bmv2] [D] [thread 4060] [40.0] [cxt 0] Egress port is 511
[01:45:14.946] [bmv2] [D] [thread 4060] [40.0] [cxt 0] Dropping packet at the end of ingress
[01:45:15.316] [bmv2] [D] [thread 4060] [41.0] [cxt 0] Processing packet received on port 1
[01:45:15.316] [bmv2] [D] [thread 4060] [41.0] [cxt 0] Parser 'parser': start
[01:45:15.316] [bmv2] [D] [thread 4060] [41.0] [cxt 0] Parser 'parser' entering state 'start'
[01:45:15.316] [bmv2] [D] [thread 4060] [41.0] [cxt 0] Parser state 'start' has no switch, going to default next state
[01:45:15.316] [bmv2] [T] [thread 4060] [41.0] [cxt 0] Bytes parsed: 0
[01:45:15.316] [bmv2] [D] [thread 4060] [41.0] [cxt 0] Parser 'parser': end
[01:45:15.316] [bmv2] [D] [thread 4060] [41.0] [cxt 0] Pipeline 'ingress': start
[01:45:15.316] [bmv2] [T] [thread 4060] [41.0] [cxt 0] Applying table 'MyIngress.ipv4_lpm'
[01:45:15.316] [bmv2] [D] [thread 4060] [41.0] [cxt 0] Looking up key:
* hdr.ipv4.dstAddr    : 00000000

[01:45:15.316] [bmv2] [D] [thread 4060] [41.0] [cxt 0] Table 'MyIngress.ipv4_lpm': miss
[01:45:15.316] [bmv2] [D] [thread 4060] [41.0] [cxt 0] Action entry is MyIngress.drop - 
[01:45:15.316] [bmv2] [T] [thread 4060] [41.0] [cxt 0] Action MyIngress.drop
[01:45:15.316] [bmv2] [T] [thread 4060] [41.0] [cxt 0] basic.p4(78) Primitive mark_to_drop(standard_metadata)
[01:45:15.316] [bmv2] [D] [thread 4060] [41.0] [cxt 0] Pipeline 'ingress': end
[01:45:15.316] [bmv2] [D] [thread 4060] [41.0] [cxt 0] Egress port is 511
[01:45:15.316] [bmv2] [D] [thread 4060] [41.0] [cxt 0] Dropping packet at the end of ingress
[01:45:15.529] [bmv2] [D] [thread 4060] [42.0] [cxt 0] Processing packet received on port 2
[01:45:15.529] [bmv2] [D] [thread 4060] [42.0] [cxt 0] Parser 'parser': start
[01:45:15.529] [bmv2] [D] [thread 4060] [42.0] [cxt 0] Parser 'parser' entering state 'start'
[01:45:15.529] [bmv2] [D] [thread 4060] [42.0] [cxt 0] Parser state 'start' has no switch, going to default next state
[01:45:15.529] [bmv2] [T] [thread 4060] [42.0] [cxt 0] Bytes parsed: 0
[01:45:15.529] [bmv2] [D] [thread 4060] [42.0] [cxt 0] Parser 'parser': end
[01:45:15.529] [bmv2] [D] [thread 4060] [42.0] [cxt 0] Pipeline 'ingress': start
[01:45:15.529] [bmv2] [T] [thread 4060] [42.0] [cxt 0] Applying table 'MyIngress.ipv4_lpm'
[01:45:15.529] [bmv2] [D] [thread 4060] [42.0] [cxt 0] Looking up key:
* hdr.ipv4.dstAddr    : 00000000

[01:45:15.529] [bmv2] [D] [thread 4060] [42.0] [cxt 0] Table 'MyIngress.ipv4_lpm': miss
[01:45:15.529] [bmv2] [D] [thread 4060] [42.0] [cxt 0] Action entry is MyIngress.drop - 
[01:45:15.529] [bmv2] [T] [thread 4060] [42.0] [cxt 0] Action MyIngress.drop
[01:45:15.529] [bmv2] [T] [thread 4060] [42.0] [cxt 0] basic.p4(78) Primitive mark_to_drop(standard_metadata)
[01:45:15.529] [bmv2] [D] [thread 4060] [42.0] [cxt 0] Pipeline 'ingress': end
[01:45:15.529] [bmv2] [D] [thread 4060] [42.0] [cxt 0] Egress port is 511
[01:45:15.529] [bmv2] [D] [thread 4060] [42.0] [cxt 0] Dropping packet at the end of ingress
[01:45:15.760] [bmv2] [D] [thread 4060] [43.0] [cxt 0] Processing packet received on port 1
[01:45:15.760] [bmv2] [D] [thread 4060] [43.0] [cxt 0] Parser 'parser': start
[01:45:15.760] [bmv2] [D] [thread 4060] [43.0] [cxt 0] Parser 'parser' entering state 'start'
[01:45:15.760] [bmv2] [D] [thread 4060] [43.0] [cxt 0] Parser state 'start' has no switch, going to default next state
[01:45:15.760] [bmv2] [T] [thread 4060] [43.0] [cxt 0] Bytes parsed: 0
[01:45:15.760] [bmv2] [D] [thread 4060] [43.0] [cxt 0] Parser 'parser': end
[01:45:15.760] [bmv2] [D] [thread 4060] [43.0] [cxt 0] Pipeline 'ingress': start
[01:45:15.760] [bmv2] [T] [thread 4060] [43.0] [cxt 0] Applying table 'MyIngress.ipv4_lpm'
[01:45:15.760] [bmv2] [D] [thread 4060] [43.0] [cxt 0] Looking up key:
* hdr.ipv4.dstAddr    : 00000000

[01:45:15.760] [bmv2] [D] [thread 4060] [43.0] [cxt 0] Table 'MyIngress.ipv4_lpm': miss
[01:45:15.760] [bmv2] [D] [thread 4060] [43.0] [cxt 0] Action entry is MyIngress.drop - 
[01:45:15.760] [bmv2] [T] [thread 4060] [43.0] [cxt 0] Action MyIngress.drop
[01:45:15.760] [bmv2] [T] [thread 4060] [43.0] [cxt 0] basic.p4(78) Primitive mark_to_drop(standard_metadata)
[01:45:15.760] [bmv2] [D] [thread 4060] [43.0] [cxt 0] Pipeline 'ingress': end
[01:45:15.760] [bmv2] [D] [thread 4060] [43.0] [cxt 0] Egress port is 511
[01:45:15.760] [bmv2] [D] [thread 4060] [43.0] [cxt 0] Dropping packet at the end of ingress
[01:45:15.829] [bmv2] [D] [thread 4060] [44.0] [cxt 0] Processing packet received on port 1
[01:45:15.829] [bmv2] [D] [thread 4060] [44.0] [cxt 0] Parser 'parser': start
[01:45:15.829] [bmv2] [D] [thread 4060] [44.0] [cxt 0] Parser 'parser' entering state 'start'
[01:45:15.829] [bmv2] [D] [thread 4060] [44.0] [cxt 0] Parser state 'start' has no switch, going to default next state
[01:45:15.829] [bmv2] [T] [thread 4060] [44.0] [cxt 0] Bytes parsed: 0
[01:45:15.829] [bmv2] [D] [thread 4060] [44.0] [cxt 0] Parser 'parser': end
[01:45:15.829] [bmv2] [D] [thread 4060] [44.0] [cxt 0] Pipeline 'ingress': start
[01:45:15.829] [bmv2] [T] [thread 4060] [44.0] [cxt 0] Applying table 'MyIngress.ipv4_lpm'
[01:45:15.829] [bmv2] [D] [thread 4060] [44.0] [cxt 0] Looking up key:
* hdr.ipv4.dstAddr    : 00000000

[01:45:15.829] [bmv2] [D] [thread 4060] [44.0] [cxt 0] Table 'MyIngress.ipv4_lpm': miss
[01:45:15.829] [bmv2] [D] [thread 4060] [44.0] [cxt 0] Action entry is MyIngress.drop - 
[01:45:15.829] [bmv2] [T] [thread 4060] [44.0] [cxt 0] Action MyIngress.drop
[01:45:15.829] [bmv2] [T] [thread 4060] [44.0] [cxt 0] basic.p4(78) Primitive mark_to_drop(standard_metadata)
[01:45:15.829] [bmv2] [D] [thread 4060] [44.0] [cxt 0] Pipeline 'ingress': end
[01:45:15.829] [bmv2] [D] [thread 4060] [44.0] [cxt 0] Egress port is 511
[01:45:15.829] [bmv2] [D] [thread 4060] [44.0] [cxt 0] Dropping packet at the end of ingress
[01:45:15.933] [bmv2] [D] [thread 4060] [45.0] [cxt 0] Processing packet received on port 1
[01:45:15.933] [bmv2] [D] [thread 4060] [45.0] [cxt 0] Parser 'parser': start
[01:45:15.933] [bmv2] [D] [thread 4060] [45.0] [cxt 0] Parser 'parser' entering state 'start'
[01:45:15.933] [bmv2] [D] [thread 4060] [45.0] [cxt 0] Parser state 'start' has no switch, going to default next state
[01:45:15.933] [bmv2] [T] [thread 4060] [45.0] [cxt 0] Bytes parsed: 0
[01:45:15.933] [bmv2] [D] [thread 4060] [45.0] [cxt 0] Parser 'parser': end
[01:45:15.933] [bmv2] [D] [thread 4060] [45.0] [cxt 0] Pipeline 'ingress': start
[01:45:15.933] [bmv2] [T] [thread 4060] [45.0] [cxt 0] Applying table 'MyIngress.ipv4_lpm'
[01:45:15.933] [bmv2] [D] [thread 4060] [45.0] [cxt 0] Looking up key:
* hdr.ipv4.dstAddr    : 00000000

[01:45:15.933] [bmv2] [D] [thread 4060] [45.0] [cxt 0] Table 'MyIngress.ipv4_lpm': miss
[01:45:15.933] [bmv2] [D] [thread 4060] [45.0] [cxt 0] Action entry is MyIngress.drop - 
[01:45:15.933] [bmv2] [T] [thread 4060] [45.0] [cxt 0] Action MyIngress.drop
[01:45:15.933] [bmv2] [T] [thread 4060] [45.0] [cxt 0] basic.p4(78) Primitive mark_to_drop(standard_metadata)
[01:45:15.933] [bmv2] [D] [thread 4060] [45.0] [cxt 0] Pipeline 'ingress': end
[01:45:15.933] [bmv2] [D] [thread 4060] [45.0] [cxt 0] Egress port is 511
[01:45:15.933] [bmv2] [D] [thread 4060] [45.0] [cxt 0] Dropping packet at the end of ingress
[01:45:16.079] [bmv2] [D] [thread 4060] [46.0] [cxt 0] Processing packet received on port 2
[01:45:16.079] [bmv2] [D] [thread 4060] [46.0] [cxt 0] Parser 'parser': start
[01:45:16.079] [bmv2] [D] [thread 4060] [46.0] [cxt 0] Parser 'parser' entering state 'start'
[01:45:16.079] [bmv2] [D] [thread 4060] [46.0] [cxt 0] Parser state 'start' has no switch, going to default next state
[01:45:16.079] [bmv2] [T] [thread 4060] [46.0] [cxt 0] Bytes parsed: 0
[01:45:16.079] [bmv2] [D] [thread 4060] [46.0] [cxt 0] Parser 'parser': end
[01:45:16.079] [bmv2] [D] [thread 4060] [46.0] [cxt 0] Pipeline 'ingress': start
[01:45:16.079] [bmv2] [T] [thread 4060] [46.0] [cxt 0] Applying table 'MyIngress.ipv4_lpm'
[01:45:16.079] [bmv2] [D] [thread 4060] [46.0] [cxt 0] Looking up key:
* hdr.ipv4.dstAddr    : 00000000

[01:45:16.079] [bmv2] [D] [thread 4060] [46.0] [cxt 0] Table 'MyIngress.ipv4_lpm': miss
[01:45:16.079] [bmv2] [D] [thread 4060] [46.0] [cxt 0] Action entry is MyIngress.drop - 
[01:45:16.079] [bmv2] [T] [thread 4060] [46.0] [cxt 0] Action MyIngress.drop
[01:45:16.079] [bmv2] [T] [thread 4060] [46.0] [cxt 0] basic.p4(78) Primitive mark_to_drop(standard_metadata)
[01:45:16.079] [bmv2] [D] [thread 4060] [46.0] [cxt 0] Pipeline 'ingress': end
[01:45:16.079] [bmv2] [D] [thread 4060] [46.0] [cxt 0] Egress port is 511
[01:45:16.079] [bmv2] [D] [thread 4060] [46.0] [cxt 0] Dropping packet at the end of ingress
[01:45:16.171] [bmv2] [D] [thread 4060] [47.0] [cxt 0] Processing packet received on port 2
[01:45:16.171] [bmv2] [D] [thread 4060] [47.0] [cxt 0] Parser 'parser': start
[01:45:16.171] [bmv2] [D] [thread 4060] [47.0] [cxt 0] Parser 'parser' entering state 'start'
[01:45:16.171] [bmv2] [D] [thread 4060] [47.0] [cxt 0] Parser state 'start' has no switch, going to default next state
[01:45:16.171] [bmv2] [T] [thread 4060] [47.0] [cxt 0] Bytes parsed: 0
[01:45:16.171] [bmv2] [D] [thread 4060] [47.0] [cxt 0] Parser 'parser': end
[01:45:16.171] [bmv2] [D] [thread 4060] [47.0] [cxt 0] Pipeline 'ingress': start
[01:45:16.171] [bmv2] [T] [thread 4060] [47.0] [cxt 0] Applying table 'MyIngress.ipv4_lpm'
[01:45:16.171] [bmv2] [D] [thread 4060] [47.0] [cxt 0] Looking up key:
* hdr.ipv4.dstAddr    : 00000000

[01:45:16.171] [bmv2] [D] [thread 4060] [47.0] [cxt 0] Table 'MyIngress.ipv4_lpm': miss
[01:45:16.171] [bmv2] [D] [thread 4060] [47.0] [cxt 0] Action entry is MyIngress.drop - 
[01:45:16.171] [bmv2] [T] [thread 4060] [47.0] [cxt 0] Action MyIngress.drop
[01:45:16.171] [bmv2] [T] [thread 4060] [47.0] [cxt 0] basic.p4(78) Primitive mark_to_drop(standard_metadata)
[01:45:16.171] [bmv2] [D] [thread 4060] [47.0] [cxt 0] Pipeline 'ingress': end
[01:45:16.171] [bmv2] [D] [thread 4060] [47.0] [cxt 0] Egress port is 511
[01:45:16.171] [bmv2] [D] [thread 4060] [47.0] [cxt 0] Dropping packet at the end of ingress
[01:45:16.639] [bmv2] [D] [thread 4060] [48.0] [cxt 0] Processing packet received on port 2
[01:45:16.639] [bmv2] [D] [thread 4060] [48.0] [cxt 0] Parser 'parser': start
[01:45:16.639] [bmv2] [D] [thread 4060] [48.0] [cxt 0] Parser 'parser' entering state 'start'
[01:45:16.639] [bmv2] [D] [thread 4060] [48.0] [cxt 0] Parser state 'start' has no switch, going to default next state
[01:45:16.639] [bmv2] [T] [thread 4060] [48.0] [cxt 0] Bytes parsed: 0
[01:45:16.639] [bmv2] [D] [thread 4060] [48.0] [cxt 0] Parser 'parser': end
[01:45:16.639] [bmv2] [D] [thread 4060] [48.0] [cxt 0] Pipeline 'ingress': start
[01:45:16.639] [bmv2] [T] [thread 4060] [48.0] [cxt 0] Applying table 'MyIngress.ipv4_lpm'
[01:45:16.639] [bmv2] [D] [thread 4060] [48.0] [cxt 0] Looking up key:
* hdr.ipv4.dstAddr    : 00000000

[01:45:16.639] [bmv2] [D] [thread 4060] [48.0] [cxt 0] Table 'MyIngress.ipv4_lpm': miss
[01:45:16.639] [bmv2] [D] [thread 4060] [48.0] [cxt 0] Action entry is MyIngress.drop - 
[01:45:16.639] [bmv2] [T] [thread 4060] [48.0] [cxt 0] Action MyIngress.drop
[01:45:16.639] [bmv2] [T] [thread 4060] [48.0] [cxt 0] basic.p4(78) Primitive mark_to_drop(standard_metadata)
[01:45:16.639] [bmv2] [D] [thread 4060] [48.0] [cxt 0] Pipeline 'ingress': end
[01:45:16.639] [bmv2] [D] [thread 4060] [48.0] [cxt 0] Egress port is 511
[01:45:16.639] [bmv2] [D] [thread 4060] [48.0] [cxt 0] Dropping packet at the end of ingress
[01:45:16.739] [bmv2] [D] [thread 4060] [49.0] [cxt 0] Processing packet received on port 2
[01:45:16.739] [bmv2] [D] [thread 4060] [49.0] [cxt 0] Parser 'parser': start
[01:45:16.739] [bmv2] [D] [thread 4060] [49.0] [cxt 0] Parser 'parser' entering state 'start'
[01:45:16.739] [bmv2] [D] [thread 4060] [49.0] [cxt 0] Parser state 'start' has no switch, going to default next state
[01:45:16.739] [bmv2] [T] [thread 4060] [49.0] [cxt 0] Bytes parsed: 0
[01:45:16.739] [bmv2] [D] [thread 4060] [49.0] [cxt 0] Parser 'parser': end
[01:45:16.739] [bmv2] [D] [thread 4060] [49.0] [cxt 0] Pipeline 'ingress': start
[01:45:16.739] [bmv2] [T] [thread 4060] [49.0] [cxt 0] Applying table 'MyIngress.ipv4_lpm'
[01:45:16.739] [bmv2] [D] [thread 4060] [49.0] [cxt 0] Looking up key:
* hdr.ipv4.dstAddr    : 00000000

[01:45:16.739] [bmv2] [D] [thread 4060] [49.0] [cxt 0] Table 'MyIngress.ipv4_lpm': miss
[01:45:16.739] [bmv2] [D] [thread 4060] [49.0] [cxt 0] Action entry is MyIngress.drop - 
[01:45:16.739] [bmv2] [T] [thread 4060] [49.0] [cxt 0] Action MyIngress.drop
[01:45:16.739] [bmv2] [T] [thread 4060] [49.0] [cxt 0] basic.p4(78) Primitive mark_to_drop(standard_metadata)
[01:45:16.739] [bmv2] [D] [thread 4060] [49.0] [cxt 0] Pipeline 'ingress': end
[01:45:16.739] [bmv2] [D] [thread 4060] [49.0] [cxt 0] Egress port is 511
[01:45:16.739] [bmv2] [D] [thread 4060] [49.0] [cxt 0] Dropping packet at the end of ingress
open: No such file or directory
open: No such file or directory
open: No such file or directory
open: No such file or directory
