Calling target program-options parser
[01:45:12.163] [bmv2] [D] [thread 4067] Set default default entry for table 'MyIngress.ipv4_lpm': NoAction - 
Adding interface s4-eth1 as port 1
[01:45:12.163] [bmv2] [D] [thread 4067] Adding interface s4-eth1 as port 1
Adding interface s4-eth2 as port 2
[01:45:12.201] [bmv2] [D] [thread 4067] Adding interface s4-eth2 as port 2
Server listening on 0.0.0.0:50054
[01:45:12.242] [bmv2] [I] [thread 4067] Starting Thrift server on port 9093
[01:45:12.242] [bmv2] [I] [thread 4067] Thrift server was started
[01:45:12.257] [bmv2] [D] [thread 4077] [0.0] [cxt 0] Processing packet received on port 1
[01:45:12.257] [bmv2] [D] [thread 4077] [0.0] [cxt 0] Parser 'parser': start
[01:45:12.257] [bmv2] [D] [thread 4077] [0.0] [cxt 0] Parser 'parser' entering state 'start'
[01:45:12.257] [bmv2] [D] [thread 4077] [0.0] [cxt 0] Parser state 'start' has no switch, going to default next state
[01:45:12.257] [bmv2] [T] [thread 4077] [0.0] [cxt 0] Bytes parsed: 0
[01:45:12.257] [bmv2] [D] [thread 4077] [0.0] [cxt 0] Parser 'parser': end
[01:45:12.257] [bmv2] [D] [thread 4077] [0.0] [cxt 0] Pipeline 'ingress': start
[01:45:12.257] [bmv2] [T] [thread 4077] [0.0] [cxt 0] Applying table 'MyIngress.ipv4_lpm'
[01:45:12.257] [bmv2] [D] [thread 4077] [0.0] [cxt 0] Looking up key:
* hdr.ipv4.dstAddr    : 00000000

[01:45:12.257] [bmv2] [D] [thread 4077] [0.0] [cxt 0] Table 'MyIngress.ipv4_lpm': miss
[01:45:12.257] [bmv2] [D] [thread 4077] [0.0] [cxt 0] Action entry is NoAction - 
[01:45:12.257] [bmv2] [T] [thread 4077] [0.0] [cxt 0] Action NoAction
[01:45:12.257] [bmv2] [D] [thread 4077] [0.0] [cxt 0] Pipeline 'ingress': end
[01:45:12.257] [bmv2] [D] [thread 4077] [0.0] [cxt 0] Egress port is 0
[01:45:12.257] [bmv2] [D] [thread 4078] [0.0] [cxt 0] Pipeline 'egress': start
[01:45:12.257] [bmv2] [D] [thread 4078] [0.0] [cxt 0] Pipeline 'egress': end
[01:45:12.257] [bmv2] [D] [thread 4078] [0.0] [cxt 0] Deparser 'deparser': start
[01:45:12.257] [bmv2] [T] [thread 4078] [0.0] [cxt 0] Skipping checksum 'cksum' update because condition not met
[01:45:12.257] [bmv2] [D] [thread 4078] [0.0] [cxt 0] Deparser 'deparser': end
[01:45:12.258] [bmv2] [D] [thread 4082] [0.0] [cxt 0] Transmitting packet of size 223 out of port 0
[01:45:12.353] [bmv2] [D] [thread 4077] [1.0] [cxt 0] Processing packet received on port 1
[01:45:12.353] [bmv2] [D] [thread 4077] [1.0] [cxt 0] Parser 'parser': start
[01:45:12.353] [bmv2] [D] [thread 4077] [1.0] [cxt 0] Parser 'parser' entering state 'start'
[01:45:12.353] [bmv2] [D] [thread 4077] [1.0] [cxt 0] Parser state 'start' has no switch, going to default next state
[01:45:12.353] [bmv2] [T] [thread 4077] [1.0] [cxt 0] Bytes parsed: 0
[01:45:12.353] [bmv2] [D] [thread 4077] [1.0] [cxt 0] Parser 'parser': end
[01:45:12.353] [bmv2] [D] [thread 4077] [1.0] [cxt 0] Pipeline 'ingress': start
[01:45:12.353] [bmv2] [T] [thread 4077] [1.0] [cxt 0] Applying table 'MyIngress.ipv4_lpm'
[01:45:12.353] [bmv2] [D] [thread 4077] [1.0] [cxt 0] Looking up key:
* hdr.ipv4.dstAddr    : 00000000

[01:45:12.353] [bmv2] [D] [thread 4077] [1.0] [cxt 0] Table 'MyIngress.ipv4_lpm': miss
[01:45:12.353] [bmv2] [D] [thread 4077] [1.0] [cxt 0] Action entry is NoAction - 
[01:45:12.353] [bmv2] [T] [thread 4077] [1.0] [cxt 0] Action NoAction
[01:45:12.353] [bmv2] [D] [thread 4077] [1.0] [cxt 0] Pipeline 'ingress': end
[01:45:12.353] [bmv2] [D] [thread 4077] [1.0] [cxt 0] Egress port is 0
[01:45:12.354] [bmv2] [D] [thread 4078] [1.0] [cxt 0] Pipeline 'egress': start
[01:45:12.354] [bmv2] [D] [thread 4078] [1.0] [cxt 0] Pipeline 'egress': end
[01:45:12.354] [bmv2] [D] [thread 4078] [1.0] [cxt 0] Deparser 'deparser': start
[01:45:12.354] [bmv2] [T] [thread 4078] [1.0] [cxt 0] Skipping checksum 'cksum' update because condition not met
[01:45:12.354] [bmv2] [D] [thread 4078] [1.0] [cxt 0] Deparser 'deparser': end
[01:45:12.354] [bmv2] [D] [thread 4077] [2.0] [cxt 0] Processing packet received on port 2
[01:45:12.354] [bmv2] [D] [thread 4077] [2.0] [cxt 0] Parser 'parser': start
[01:45:12.354] [bmv2] [D] [thread 4077] [2.0] [cxt 0] Parser 'parser' entering state 'start'
[01:45:12.354] [bmv2] [D] [thread 4077] [2.0] [cxt 0] Parser state 'start' has no switch, going to default next state
[01:45:12.354] [bmv2] [D] [thread 4082] [1.0] [cxt 0] Transmitting packet of size 223 out of port 0
[01:45:12.354] [bmv2] [T] [thread 4077] [2.0] [cxt 0] Bytes parsed: 0
[01:45:12.354] [bmv2] [D] [thread 4077] [2.0] [cxt 0] Parser 'parser': end
[01:45:12.354] [bmv2] [D] [thread 4077] [2.0] [cxt 0] Pipeline 'ingress': start
[01:45:12.354] [bmv2] [T] [thread 4077] [2.0] [cxt 0] Applying table 'MyIngress.ipv4_lpm'
[01:45:12.354] [bmv2] [D] [thread 4077] [2.0] [cxt 0] Looking up key:
* hdr.ipv4.dstAddr    : 00000000

[01:45:12.354] [bmv2] [D] [thread 4077] [2.0] [cxt 0] Table 'MyIngress.ipv4_lpm': miss
[01:45:12.354] [bmv2] [D] [thread 4077] [2.0] [cxt 0] Action entry is NoAction - 
[01:45:12.354] [bmv2] [T] [thread 4077] [2.0] [cxt 0] Action NoAction
[01:45:12.354] [bmv2] [D] [thread 4077] [2.0] [cxt 0] Pipeline 'ingress': end
[01:45:12.354] [bmv2] [D] [thread 4077] [2.0] [cxt 0] Egress port is 0
[01:45:12.354] [bmv2] [D] [thread 4077] [3.0] [cxt 0] Processing packet received on port 2
[01:45:12.354] [bmv2] [D] [thread 4077] [3.0] [cxt 0] Parser 'parser': start
[01:45:12.354] [bmv2] [D] [thread 4077] [3.0] [cxt 0] Parser 'parser' entering state 'start'
[01:45:12.354] [bmv2] [D] [thread 4077] [3.0] [cxt 0] Parser state 'start' has no switch, going to default next state
[01:45:12.354] [bmv2] [T] [thread 4077] [3.0] [cxt 0] Bytes parsed: 0
[01:45:12.354] [bmv2] [D] [thread 4077] [3.0] [cxt 0] Parser 'parser': end
[01:45:12.354] [bmv2] [D] [thread 4077] [3.0] [cxt 0] Pipeline 'ingress': start
[01:45:12.354] [bmv2] [T] [thread 4077] [3.0] [cxt 0] Applying table 'MyIngress.ipv4_lpm'
[01:45:12.354] [bmv2] [D] [thread 4077] [3.0] [cxt 0] Looking up key:
* hdr.ipv4.dstAddr    : 00000000

[01:45:12.354] [bmv2] [D] [thread 4077] [3.0] [cxt 0] Table 'MyIngress.ipv4_lpm': miss
[01:45:12.354] [bmv2] [D] [thread 4077] [3.0] [cxt 0] Action entry is NoAction - 
[01:45:12.354] [bmv2] [T] [thread 4077] [3.0] [cxt 0] Action NoAction
[01:45:12.354] [bmv2] [D] [thread 4077] [3.0] [cxt 0] Pipeline 'ingress': end
[01:45:12.354] [bmv2] [D] [thread 4078] [2.0] [cxt 0] Pipeline 'egress': start
[01:45:12.354] [bmv2] [D] [thread 4078] [2.0] [cxt 0] Pipeline 'egress': end
[01:45:12.354] [bmv2] [D] [thread 4077] [3.0] [cxt 0] Egress port is 0
[01:45:12.354] [bmv2] [D] [thread 4078] [2.0] [cxt 0] Deparser 'deparser': start
[01:45:12.354] [bmv2] [T] [thread 4078] [2.0] [cxt 0] Skipping checksum 'cksum' update because condition not met
[01:45:12.354] [bmv2] [D] [thread 4078] [2.0] [cxt 0] Deparser 'deparser': end
[01:45:12.354] [bmv2] [D] [thread 4078] [3.0] [cxt 0] Pipeline 'egress': start
[01:45:12.354] [bmv2] [D] [thread 4078] [3.0] [cxt 0] Pipeline 'egress': end
[01:45:12.354] [bmv2] [D] [thread 4078] [3.0] [cxt 0] Deparser 'deparser': start
[01:45:12.354] [bmv2] [T] [thread 4078] [3.0] [cxt 0] Skipping checksum 'cksum' update because condition not met
[01:45:12.354] [bmv2] [D] [thread 4078] [3.0] [cxt 0] Deparser 'deparser': end
[01:45:12.354] [bmv2] [D] [thread 4082] [2.0] [cxt 0] Transmitting packet of size 223 out of port 0
[01:45:12.354] [bmv2] [D] [thread 4082] [3.0] [cxt 0] Transmitting packet of size 223 out of port 0
[01:45:12.507] [bmv2] [D] [thread 4077] [4.0] [cxt 0] Processing packet received on port 1
[01:45:12.507] [bmv2] [D] [thread 4077] [4.0] [cxt 0] Parser 'parser': start
[01:45:12.507] [bmv2] [D] [thread 4077] [4.0] [cxt 0] Parser 'parser' entering state 'start'
[01:45:12.507] [bmv2] [D] [thread 4077] [4.0] [cxt 0] Parser state 'start' has no switch, going to default next state
[01:45:12.507] [bmv2] [T] [thread 4077] [4.0] [cxt 0] Bytes parsed: 0
[01:45:12.507] [bmv2] [D] [thread 4077] [4.0] [cxt 0] Parser 'parser': end
[01:45:12.507] [bmv2] [D] [thread 4077] [4.0] [cxt 0] Pipeline 'ingress': start
[01:45:12.507] [bmv2] [T] [thread 4077] [4.0] [cxt 0] Applying table 'MyIngress.ipv4_lpm'
[01:45:12.507] [bmv2] [D] [thread 4077] [4.0] [cxt 0] Looking up key:
* hdr.ipv4.dstAddr    : 00000000

[01:45:12.507] [bmv2] [D] [thread 4077] [4.0] [cxt 0] Table 'MyIngress.ipv4_lpm': miss
[01:45:12.507] [bmv2] [D] [thread 4077] [4.0] [cxt 0] Action entry is NoAction - 
[01:45:12.507] [bmv2] [T] [thread 4077] [4.0] [cxt 0] Action NoAction
[01:45:12.507] [bmv2] [D] [thread 4077] [4.0] [cxt 0] Pipeline 'ingress': end
[01:45:12.507] [bmv2] [D] [thread 4077] [4.0] [cxt 0] Egress port is 0
[01:45:12.507] [bmv2] [D] [thread 4078] [4.0] [cxt 0] Pipeline 'egress': start
[01:45:12.507] [bmv2] [D] [thread 4078] [4.0] [cxt 0] Pipeline 'egress': end
[01:45:12.507] [bmv2] [D] [thread 4078] [4.0] [cxt 0] Deparser 'deparser': start
[01:45:12.507] [bmv2] [T] [thread 4078] [4.0] [cxt 0] Skipping checksum 'cksum' update because condition not met
[01:45:12.507] [bmv2] [D] [thread 4078] [4.0] [cxt 0] Deparser 'deparser': end
[01:45:12.507] [bmv2] [D] [thread 4082] [4.0] [cxt 0] Transmitting packet of size 223 out of port 0
[01:45:12.577] [bmv2] [D] [thread 4077] [5.0] [cxt 0] Processing packet received on port 2
[01:45:12.577] [bmv2] [D] [thread 4077] [5.0] [cxt 0] Parser 'parser': start
[01:45:12.577] [bmv2] [D] [thread 4077] [5.0] [cxt 0] Parser 'parser' entering state 'start'
[01:45:12.577] [bmv2] [D] [thread 4077] [5.0] [cxt 0] Parser state 'start' has no switch, going to default next state
[01:45:12.577] [bmv2] [T] [thread 4077] [5.0] [cxt 0] Bytes parsed: 0
[01:45:12.577] [bmv2] [D] [thread 4077] [5.0] [cxt 0] Parser 'parser': end
[01:45:12.577] [bmv2] [D] [thread 4077] [5.0] [cxt 0] Pipeline 'ingress': start
[01:45:12.577] [bmv2] [T] [thread 4077] [5.0] [cxt 0] Applying table 'MyIngress.ipv4_lpm'
[01:45:12.577] [bmv2] [D] [thread 4077] [5.0] [cxt 0] Looking up key:
* hdr.ipv4.dstAddr    : 00000000

[01:45:12.577] [bmv2] [D] [thread 4077] [5.0] [cxt 0] Table 'MyIngress.ipv4_lpm': miss
[01:45:12.577] [bmv2] [D] [thread 4077] [5.0] [cxt 0] Action entry is NoAction - 
[01:45:12.577] [bmv2] [T] [thread 4077] [5.0] [cxt 0] Action NoAction
[01:45:12.577] [bmv2] [D] [thread 4077] [5.0] [cxt 0] Pipeline 'ingress': end
[01:45:12.577] [bmv2] [D] [thread 4077] [5.0] [cxt 0] Egress port is 0
[01:45:12.577] [bmv2] [D] [thread 4077] [6.0] [cxt 0] Processing packet received on port 2
[01:45:12.577] [bmv2] [D] [thread 4077] [6.0] [cxt 0] Parser 'parser': start
[01:45:12.577] [bmv2] [D] [thread 4077] [6.0] [cxt 0] Parser 'parser' entering state 'start'
[01:45:12.577] [bmv2] [D] [thread 4077] [6.0] [cxt 0] Parser state 'start' has no switch, going to default next state
[01:45:12.577] [bmv2] [T] [thread 4077] [6.0] [cxt 0] Bytes parsed: 0
[01:45:12.577] [bmv2] [D] [thread 4077] [6.0] [cxt 0] Parser 'parser': end
[01:45:12.577] [bmv2] [D] [thread 4077] [6.0] [cxt 0] Pipeline 'ingress': start
[01:45:12.577] [bmv2] [T] [thread 4077] [6.0] [cxt 0] Applying table 'MyIngress.ipv4_lpm'
[01:45:12.577] [bmv2] [D] [thread 4077] [6.0] [cxt 0] Looking up key:
* hdr.ipv4.dstAddr    : 00000000

[01:45:12.577] [bmv2] [D] [thread 4077] [6.0] [cxt 0] Table 'MyIngress.ipv4_lpm': miss
[01:45:12.577] [bmv2] [D] [thread 4077] [6.0] [cxt 0] Action entry is NoAction - 
[01:45:12.577] [bmv2] [T] [thread 4077] [6.0] [cxt 0] Action NoAction
[01:45:12.577] [bmv2] [D] [thread 4077] [6.0] [cxt 0] Pipeline 'ingress': end
[01:45:12.577] [bmv2] [D] [thread 4077] [6.0] [cxt 0] Egress port is 0
[01:45:12.577] [bmv2] [D] [thread 4078] [5.0] [cxt 0] Pipeline 'egress': start
[01:45:12.577] [bmv2] [D] [thread 4078] [5.0] [cxt 0] Pipeline 'egress': end
[01:45:12.577] [bmv2] [D] [thread 4078] [5.0] [cxt 0] Deparser 'deparser': start
[01:45:12.577] [bmv2] [T] [thread 4078] [5.0] [cxt 0] Skipping checksum 'cksum' update because condition not met
[01:45:12.577] [bmv2] [D] [thread 4078] [5.0] [cxt 0] Deparser 'deparser': end
[01:45:12.577] [bmv2] [D] [thread 4078] [6.0] [cxt 0] Pipeline 'egress': start
[01:45:12.577] [bmv2] [D] [thread 4078] [6.0] [cxt 0] Pipeline 'egress': end
[01:45:12.577] [bmv2] [D] [thread 4078] [6.0] [cxt 0] Deparser 'deparser': start
[01:45:12.577] [bmv2] [T] [thread 4078] [6.0] [cxt 0] Skipping checksum 'cksum' update because condition not met
[01:45:12.577] [bmv2] [D] [thread 4078] [6.0] [cxt 0] Deparser 'deparser': end
[01:45:12.577] [bmv2] [D] [thread 4082] [5.0] [cxt 0] Transmitting packet of size 90 out of port 0
[01:45:12.577] [bmv2] [D] [thread 4082] [6.0] [cxt 0] Transmitting packet of size 90 out of port 0
[01:45:12.614] [bmv2] [D] [thread 4077] [7.0] [cxt 0] Processing packet received on port 1
[01:45:12.614] [bmv2] [D] [thread 4077] [7.0] [cxt 0] Parser 'parser': start
[01:45:12.614] [bmv2] [D] [thread 4077] [7.0] [cxt 0] Parser 'parser' entering state 'start'
[01:45:12.614] [bmv2] [D] [thread 4077] [7.0] [cxt 0] Parser state 'start' has no switch, going to default next state
[01:45:12.614] [bmv2] [T] [thread 4077] [7.0] [cxt 0] Bytes parsed: 0
[01:45:12.614] [bmv2] [D] [thread 4077] [7.0] [cxt 0] Parser 'parser': end
[01:45:12.614] [bmv2] [D] [thread 4077] [7.0] [cxt 0] Pipeline 'ingress': start
[01:45:12.614] [bmv2] [T] [thread 4077] [7.0] [cxt 0] Applying table 'MyIngress.ipv4_lpm'
[01:45:12.614] [bmv2] [D] [thread 4077] [7.0] [cxt 0] Looking up key:
* hdr.ipv4.dstAddr    : 00000000

[01:45:12.614] [bmv2] [D] [thread 4077] [7.0] [cxt 0] Table 'MyIngress.ipv4_lpm': miss
[01:45:12.614] [bmv2] [D] [thread 4077] [7.0] [cxt 0] Action entry is NoAction - 
[01:45:12.614] [bmv2] [T] [thread 4077] [7.0] [cxt 0] Action NoAction
[01:45:12.614] [bmv2] [D] [thread 4077] [7.0] [cxt 0] Pipeline 'ingress': end
[01:45:12.614] [bmv2] [D] [thread 4077] [7.0] [cxt 0] Egress port is 0
[01:45:12.614] [bmv2] [D] [thread 4078] [7.0] [cxt 0] Pipeline 'egress': start
[01:45:12.614] [bmv2] [D] [thread 4078] [7.0] [cxt 0] Pipeline 'egress': end
[01:45:12.614] [bmv2] [D] [thread 4078] [7.0] [cxt 0] Deparser 'deparser': start
[01:45:12.614] [bmv2] [T] [thread 4078] [7.0] [cxt 0] Skipping checksum 'cksum' update because condition not met
[01:45:12.614] [bmv2] [D] [thread 4078] [7.0] [cxt 0] Deparser 'deparser': end
[01:45:12.614] [bmv2] [D] [thread 4077] [8.0] [cxt 0] Processing packet received on port 2
[01:45:12.614] [bmv2] [D] [thread 4077] [8.0] [cxt 0] Parser 'parser': start
[01:45:12.614] [bmv2] [D] [thread 4077] [8.0] [cxt 0] Parser 'parser' entering state 'start'
[01:45:12.614] [bmv2] [D] [thread 4077] [8.0] [cxt 0] Parser state 'start' has no switch, going to default next state
[01:45:12.614] [bmv2] [T] [thread 4077] [8.0] [cxt 0] Bytes parsed: 0
[01:45:12.614] [bmv2] [D] [thread 4077] [8.0] [cxt 0] Parser 'parser': end
[01:45:12.614] [bmv2] [D] [thread 4077] [8.0] [cxt 0] Pipeline 'ingress': start
[01:45:12.614] [bmv2] [T] [thread 4077] [8.0] [cxt 0] Applying table 'MyIngress.ipv4_lpm'
[01:45:12.614] [bmv2] [D] [thread 4077] [8.0] [cxt 0] Looking up key:
* hdr.ipv4.dstAddr    : 00000000

[01:45:12.615] [bmv2] [D] [thread 4077] [8.0] [cxt 0] Table 'MyIngress.ipv4_lpm': miss
[01:45:12.615] [bmv2] [D] [thread 4077] [8.0] [cxt 0] Action entry is NoAction - 
[01:45:12.615] [bmv2] [T] [thread 4077] [8.0] [cxt 0] Action NoAction
[01:45:12.615] [bmv2] [D] [thread 4077] [8.0] [cxt 0] Pipeline 'ingress': end
[01:45:12.615] [bmv2] [D] [thread 4082] [7.0] [cxt 0] Transmitting packet of size 223 out of port 0
[01:45:12.615] [bmv2] [D] [thread 4077] [8.0] [cxt 0] Egress port is 0
[01:45:12.615] [bmv2] [D] [thread 4077] [9.0] [cxt 0] Processing packet received on port 2
[01:45:12.615] [bmv2] [D] [thread 4077] [9.0] [cxt 0] Parser 'parser': start
[01:45:12.615] [bmv2] [D] [thread 4077] [9.0] [cxt 0] Parser 'parser' entering state 'start'
[01:45:12.615] [bmv2] [D] [thread 4077] [9.0] [cxt 0] Parser state 'start' has no switch, going to default next state
[01:45:12.615] [bmv2] [D] [thread 4078] [8.0] [cxt 0] Pipeline 'egress': start
[01:45:12.615] [bmv2] [D] [thread 4078] [8.0] [cxt 0] Pipeline 'egress': end
[01:45:12.615] [bmv2] [D] [thread 4078] [8.0] [cxt 0] Deparser 'deparser': start
[01:45:12.615] [bmv2] [T] [thread 4078] [8.0] [cxt 0] Skipping checksum 'cksum' update because condition not met
[01:45:12.615] [bmv2] [T] [thread 4077] [9.0] [cxt 0] Bytes parsed: 0
[01:45:12.615] [bmv2] [D] [thread 4077] [9.0] [cxt 0] Parser 'parser': end
[01:45:12.615] [bmv2] [D] [thread 4078] [8.0] [cxt 0] Deparser 'deparser': end
[01:45:12.615] [bmv2] [D] [thread 4077] [9.0] [cxt 0] Pipeline 'ingress': start
[01:45:12.615] [bmv2] [T] [thread 4077] [9.0] [cxt 0] Applying table 'MyIngress.ipv4_lpm'
[01:45:12.615] [bmv2] [D] [thread 4077] [9.0] [cxt 0] Looking up key:
* hdr.ipv4.dstAddr    : 00000000

[01:45:12.615] [bmv2] [D] [thread 4077] [9.0] [cxt 0] Table 'MyIngress.ipv4_lpm': miss
[01:45:12.615] [bmv2] [D] [thread 4082] [8.0] [cxt 0] Transmitting packet of size 223 out of port 0
[01:45:12.615] [bmv2] [D] [thread 4077] [9.0] [cxt 0] Action entry is NoAction - 
[01:45:12.615] [bmv2] [T] [thread 4077] [9.0] [cxt 0] Action NoAction
[01:45:12.615] [bmv2] [D] [thread 4077] [9.0] [cxt 0] Pipeline 'ingress': end
[01:45:12.615] [bmv2] [D] [thread 4077] [9.0] [cxt 0] Egress port is 0
[01:45:12.615] [bmv2] [D] [thread 4078] [9.0] [cxt 0] Pipeline 'egress': start
[01:45:12.615] [bmv2] [D] [thread 4078] [9.0] [cxt 0] Pipeline 'egress': end
[01:45:12.615] [bmv2] [D] [thread 4078] [9.0] [cxt 0] Deparser 'deparser': start
[01:45:12.615] [bmv2] [T] [thread 4078] [9.0] [cxt 0] Skipping checksum 'cksum' update because condition not met
[01:45:12.615] [bmv2] [D] [thread 4078] [9.0] [cxt 0] Deparser 'deparser': end
[01:45:12.615] [bmv2] [D] [thread 4082] [9.0] [cxt 0] Transmitting packet of size 223 out of port 0
[01:45:12.653] [bmv2] [D] [thread 4077] [10.0] [cxt 0] Processing packet received on port 1
[01:45:12.653] [bmv2] [D] [thread 4077] [10.0] [cxt 0] Parser 'parser': start
[01:45:12.653] [bmv2] [D] [thread 4077] [10.0] [cxt 0] Parser 'parser' entering state 'start'
[01:45:12.653] [bmv2] [D] [thread 4077] [10.0] [cxt 0] Parser state 'start' has no switch, going to default next state
[01:45:12.653] [bmv2] [T] [thread 4077] [10.0] [cxt 0] Bytes parsed: 0
[01:45:12.653] [bmv2] [D] [thread 4077] [10.0] [cxt 0] Parser 'parser': end
[01:45:12.653] [bmv2] [D] [thread 4077] [10.0] [cxt 0] Pipeline 'ingress': start
[01:45:12.653] [bmv2] [T] [thread 4077] [10.0] [cxt 0] Applying table 'MyIngress.ipv4_lpm'
[01:45:12.653] [bmv2] [D] [thread 4077] [10.0] [cxt 0] Looking up key:
* hdr.ipv4.dstAddr    : 00000000

[01:45:12.653] [bmv2] [D] [thread 4077] [10.0] [cxt 0] Table 'MyIngress.ipv4_lpm': miss
[01:45:12.653] [bmv2] [D] [thread 4077] [10.0] [cxt 0] Action entry is NoAction - 
[01:45:12.653] [bmv2] [T] [thread 4077] [10.0] [cxt 0] Action NoAction
[01:45:12.653] [bmv2] [D] [thread 4077] [10.0] [cxt 0] Pipeline 'ingress': end
[01:45:12.653] [bmv2] [D] [thread 4077] [10.0] [cxt 0] Egress port is 0
[01:45:12.653] [bmv2] [D] [thread 4078] [10.0] [cxt 0] Pipeline 'egress': start
[01:45:12.653] [bmv2] [D] [thread 4078] [10.0] [cxt 0] Pipeline 'egress': end
[01:45:12.653] [bmv2] [D] [thread 4078] [10.0] [cxt 0] Deparser 'deparser': start
[01:45:12.653] [bmv2] [T] [thread 4078] [10.0] [cxt 0] Skipping checksum 'cksum' update because condition not met
[01:45:12.653] [bmv2] [D] [thread 4078] [10.0] [cxt 0] Deparser 'deparser': end
[01:45:12.653] [bmv2] [D] [thread 4082] [10.0] [cxt 0] Transmitting packet of size 110 out of port 0
[01:45:12.753] [bmv2] [D] [thread 4077] [11.0] [cxt 0] Processing packet received on port 1
[01:45:12.753] [bmv2] [D] [thread 4077] [11.0] [cxt 0] Parser 'parser': start
[01:45:12.753] [bmv2] [D] [thread 4077] [11.0] [cxt 0] Parser 'parser' entering state 'start'
[01:45:12.753] [bmv2] [D] [thread 4077] [11.0] [cxt 0] Parser state 'start' has no switch, going to default next state
[01:45:12.753] [bmv2] [T] [thread 4077] [11.0] [cxt 0] Bytes parsed: 0
[01:45:12.753] [bmv2] [D] [thread 4077] [11.0] [cxt 0] Parser 'parser': end
[01:45:12.753] [bmv2] [D] [thread 4077] [11.0] [cxt 0] Pipeline 'ingress': start
[01:45:12.753] [bmv2] [T] [thread 4077] [11.0] [cxt 0] Applying table 'MyIngress.ipv4_lpm'
[01:45:12.753] [bmv2] [D] [thread 4077] [11.0] [cxt 0] Looking up key:
* hdr.ipv4.dstAddr    : 00000000

[01:45:12.753] [bmv2] [D] [thread 4077] [11.0] [cxt 0] Table 'MyIngress.ipv4_lpm': miss
[01:45:12.753] [bmv2] [D] [thread 4077] [11.0] [cxt 0] Action entry is NoAction - 
[01:45:12.753] [bmv2] [T] [thread 4077] [11.0] [cxt 0] Action NoAction
[01:45:12.753] [bmv2] [D] [thread 4077] [11.0] [cxt 0] Pipeline 'ingress': end
[01:45:12.753] [bmv2] [D] [thread 4077] [11.0] [cxt 0] Egress port is 0
[01:45:12.753] [bmv2] [D] [thread 4078] [11.0] [cxt 0] Pipeline 'egress': start
[01:45:12.753] [bmv2] [D] [thread 4078] [11.0] [cxt 0] Pipeline 'egress': end
[01:45:12.753] [bmv2] [D] [thread 4078] [11.0] [cxt 0] Deparser 'deparser': start
[01:45:12.753] [bmv2] [T] [thread 4078] [11.0] [cxt 0] Skipping checksum 'cksum' update because condition not met
[01:45:12.753] [bmv2] [D] [thread 4078] [11.0] [cxt 0] Deparser 'deparser': end
[01:45:12.753] [bmv2] [D] [thread 4082] [11.0] [cxt 0] Transmitting packet of size 90 out of port 0
[01:45:12.763] [bmv2] [D] [thread 4077] [12.0] [cxt 0] Processing packet received on port 1
[01:45:12.763] [bmv2] [D] [thread 4077] [12.0] [cxt 0] Parser 'parser': start
[01:45:12.763] [bmv2] [D] [thread 4077] [12.0] [cxt 0] Parser 'parser' entering state 'start'
[01:45:12.763] [bmv2] [D] [thread 4077] [12.0] [cxt 0] Parser state 'start' has no switch, going to default next state
[01:45:12.763] [bmv2] [T] [thread 4077] [12.0] [cxt 0] Bytes parsed: 0
[01:45:12.763] [bmv2] [D] [thread 4077] [12.0] [cxt 0] Parser 'parser': end
[01:45:12.763] [bmv2] [D] [thread 4077] [12.0] [cxt 0] Pipeline 'ingress': start
[01:45:12.763] [bmv2] [T] [thread 4077] [12.0] [cxt 0] Applying table 'MyIngress.ipv4_lpm'
[01:45:12.763] [bmv2] [D] [thread 4077] [12.0] [cxt 0] Looking up key:
* hdr.ipv4.dstAddr    : 00000000

[01:45:12.763] [bmv2] [D] [thread 4077] [12.0] [cxt 0] Table 'MyIngress.ipv4_lpm': miss
[01:45:12.763] [bmv2] [D] [thread 4077] [12.0] [cxt 0] Action entry is NoAction - 
[01:45:12.763] [bmv2] [T] [thread 4077] [12.0] [cxt 0] Action NoAction
[01:45:12.763] [bmv2] [D] [thread 4077] [12.0] [cxt 0] Pipeline 'ingress': end
[01:45:12.763] [bmv2] [D] [thread 4077] [12.0] [cxt 0] Egress port is 0
[01:45:12.763] [bmv2] [D] [thread 4078] [12.0] [cxt 0] Pipeline 'egress': start
[01:45:12.764] [bmv2] [D] [thread 4078] [12.0] [cxt 0] Pipeline 'egress': end
[01:45:12.764] [bmv2] [D] [thread 4078] [12.0] [cxt 0] Deparser 'deparser': start
[01:45:12.764] [bmv2] [T] [thread 4078] [12.0] [cxt 0] Skipping checksum 'cksum' update because condition not met
[01:45:12.764] [bmv2] [D] [thread 4078] [12.0] [cxt 0] Deparser 'deparser': end
[01:45:12.764] [bmv2] [D] [thread 4082] [12.0] [cxt 0] Transmitting packet of size 223 out of port 0
[01:45:12.805] [bmv2] [D] [thread 4077] [13.0] [cxt 0] Processing packet received on port 2
[01:45:12.805] [bmv2] [D] [thread 4077] [13.0] [cxt 0] Parser 'parser': start
[01:45:12.805] [bmv2] [D] [thread 4077] [13.0] [cxt 0] Parser 'parser' entering state 'start'
[01:45:12.805] [bmv2] [D] [thread 4077] [13.0] [cxt 0] Parser state 'start' has no switch, going to default next state
[01:45:12.805] [bmv2] [T] [thread 4077] [13.0] [cxt 0] Bytes parsed: 0
[01:45:12.805] [bmv2] [D] [thread 4077] [13.0] [cxt 0] Parser 'parser': end
[01:45:12.805] [bmv2] [D] [thread 4077] [13.0] [cxt 0] Pipeline 'ingress': start
[01:45:12.805] [bmv2] [T] [thread 4077] [13.0] [cxt 0] Applying table 'MyIngress.ipv4_lpm'
[01:45:12.805] [bmv2] [D] [thread 4077] [13.0] [cxt 0] Looking up key:
* hdr.ipv4.dstAddr    : 00000000

[01:45:12.805] [bmv2] [D] [thread 4077] [13.0] [cxt 0] Table 'MyIngress.ipv4_lpm': miss
[01:45:12.805] [bmv2] [D] [thread 4077] [13.0] [cxt 0] Action entry is NoAction - 
[01:45:12.805] [bmv2] [T] [thread 4077] [13.0] [cxt 0] Action NoAction
[01:45:12.805] [bmv2] [D] [thread 4077] [13.0] [cxt 0] Pipeline 'ingress': end
[01:45:12.805] [bmv2] [D] [thread 4077] [13.0] [cxt 0] Egress port is 0
[01:45:12.805] [bmv2] [D] [thread 4078] [13.0] [cxt 0] Pipeline 'egress': start
[01:45:12.805] [bmv2] [D] [thread 4078] [13.0] [cxt 0] Pipeline 'egress': end
[01:45:12.805] [bmv2] [D] [thread 4078] [13.0] [cxt 0] Deparser 'deparser': start
[01:45:12.805] [bmv2] [T] [thread 4078] [13.0] [cxt 0] Skipping checksum 'cksum' update because condition not met
[01:45:12.805] [bmv2] [D] [thread 4078] [13.0] [cxt 0] Deparser 'deparser': end
[01:45:12.805] [bmv2] [D] [thread 4082] [13.0] [cxt 0] Transmitting packet of size 211 out of port 0
[01:45:12.857] [bmv2] [D] [thread 4077] [14.0] [cxt 0] Processing packet received on port 1
[01:45:12.857] [bmv2] [D] [thread 4077] [14.0] [cxt 0] Parser 'parser': start
[01:45:12.857] [bmv2] [D] [thread 4077] [14.0] [cxt 0] Parser 'parser' entering state 'start'
[01:45:12.857] [bmv2] [D] [thread 4077] [14.0] [cxt 0] Parser state 'start' has no switch, going to default next state
[01:45:12.857] [bmv2] [T] [thread 4077] [14.0] [cxt 0] Bytes parsed: 0
[01:45:12.857] [bmv2] [D] [thread 4077] [14.0] [cxt 0] Parser 'parser': end
[01:45:12.857] [bmv2] [D] [thread 4077] [14.0] [cxt 0] Pipeline 'ingress': start
[01:45:12.857] [bmv2] [T] [thread 4077] [14.0] [cxt 0] Applying table 'MyIngress.ipv4_lpm'
[01:45:12.857] [bmv2] [D] [thread 4077] [14.0] [cxt 0] Looking up key:
* hdr.ipv4.dstAddr    : 00000000

[01:45:12.857] [bmv2] [D] [thread 4077] [14.0] [cxt 0] Table 'MyIngress.ipv4_lpm': miss
[01:45:12.857] [bmv2] [D] [thread 4077] [14.0] [cxt 0] Action entry is NoAction - 
[01:45:12.857] [bmv2] [T] [thread 4077] [14.0] [cxt 0] Action NoAction
[01:45:12.857] [bmv2] [D] [thread 4077] [14.0] [cxt 0] Pipeline 'ingress': end
[01:45:12.857] [bmv2] [D] [thread 4077] [14.0] [cxt 0] Egress port is 0
[01:45:12.857] [bmv2] [D] [thread 4077] [15.0] [cxt 0] Processing packet received on port 2
[01:45:12.857] [bmv2] [D] [thread 4077] [15.0] [cxt 0] Parser 'parser': start
[01:45:12.857] [bmv2] [D] [thread 4077] [15.0] [cxt 0] Parser 'parser' entering state 'start'
[01:45:12.857] [bmv2] [D] [thread 4077] [15.0] [cxt 0] Parser state 'start' has no switch, going to default next state
[01:45:12.857] [bmv2] [T] [thread 4077] [15.0] [cxt 0] Bytes parsed: 0
[01:45:12.857] [bmv2] [D] [thread 4078] [14.0] [cxt 0] Pipeline 'egress': start
[01:45:12.857] [bmv2] [D] [thread 4078] [14.0] [cxt 0] Pipeline 'egress': end
[01:45:12.857] [bmv2] [D] [thread 4078] [14.0] [cxt 0] Deparser 'deparser': start
[01:45:12.857] [bmv2] [T] [thread 4078] [14.0] [cxt 0] Skipping checksum 'cksum' update because condition not met
[01:45:12.857] [bmv2] [D] [thread 4078] [14.0] [cxt 0] Deparser 'deparser': end
[01:45:12.857] [bmv2] [D] [thread 4077] [15.0] [cxt 0] Parser 'parser': end
[01:45:12.857] [bmv2] [D] [thread 4082] [14.0] [cxt 0] Transmitting packet of size 223 out of port 0
[01:45:12.857] [bmv2] [D] [thread 4077] [15.0] [cxt 0] Pipeline 'ingress': start
[01:45:12.857] [bmv2] [T] [thread 4077] [15.0] [cxt 0] Applying table 'MyIngress.ipv4_lpm'
[01:45:12.857] [bmv2] [D] [thread 4077] [15.0] [cxt 0] Looking up key:
* hdr.ipv4.dstAddr    : 00000000

[01:45:12.857] [bmv2] [D] [thread 4077] [15.0] [cxt 0] Table 'MyIngress.ipv4_lpm': miss
[01:45:12.857] [bmv2] [D] [thread 4077] [15.0] [cxt 0] Action entry is NoAction - 
[01:45:12.857] [bmv2] [T] [thread 4077] [15.0] [cxt 0] Action NoAction
[01:45:12.857] [bmv2] [D] [thread 4077] [15.0] [cxt 0] Pipeline 'ingress': end
[01:45:12.857] [bmv2] [D] [thread 4077] [15.0] [cxt 0] Egress port is 0
[01:45:12.857] [bmv2] [D] [thread 4078] [15.0] [cxt 0] Pipeline 'egress': start
[01:45:12.857] [bmv2] [D] [thread 4078] [15.0] [cxt 0] Pipeline 'egress': end
[01:45:12.857] [bmv2] [D] [thread 4078] [15.0] [cxt 0] Deparser 'deparser': start
[01:45:12.857] [bmv2] [T] [thread 4078] [15.0] [cxt 0] Skipping checksum 'cksum' update because condition not met
[01:45:12.857] [bmv2] [D] [thread 4078] [15.0] [cxt 0] Deparser 'deparser': end
[01:45:12.857] [bmv2] [D] [thread 4082] [15.0] [cxt 0] Transmitting packet of size 223 out of port 0
[01:45:12.957] [bmv2] [D] [thread 4077] [16.0] [cxt 0] Processing packet received on port 2
[01:45:12.957] [bmv2] [D] [thread 4077] [16.0] [cxt 0] Parser 'parser': start
[01:45:12.957] [bmv2] [D] [thread 4077] [16.0] [cxt 0] Parser 'parser' entering state 'start'
[01:45:12.957] [bmv2] [D] [thread 4077] [16.0] [cxt 0] Parser state 'start' has no switch, going to default next state
[01:45:12.957] [bmv2] [T] [thread 4077] [16.0] [cxt 0] Bytes parsed: 0
[01:45:12.957] [bmv2] [D] [thread 4077] [16.0] [cxt 0] Parser 'parser': end
[01:45:12.957] [bmv2] [D] [thread 4077] [16.0] [cxt 0] Pipeline 'ingress': start
[01:45:12.957] [bmv2] [T] [thread 4077] [16.0] [cxt 0] Applying table 'MyIngress.ipv4_lpm'
[01:45:12.957] [bmv2] [D] [thread 4077] [16.0] [cxt 0] Looking up key:
* hdr.ipv4.dstAddr    : 00000000

[01:45:12.957] [bmv2] [D] [thread 4077] [16.0] [cxt 0] Table 'MyIngress.ipv4_lpm': miss
[01:45:12.957] [bmv2] [D] [thread 4077] [16.0] [cxt 0] Action entry is NoAction - 
[01:45:12.957] [bmv2] [T] [thread 4077] [16.0] [cxt 0] Action NoAction
[01:45:12.957] [bmv2] [D] [thread 4077] [16.0] [cxt 0] Pipeline 'ingress': end
[01:45:12.957] [bmv2] [D] [thread 4077] [16.0] [cxt 0] Egress port is 0
[01:45:12.958] [bmv2] [D] [thread 4078] [16.0] [cxt 0] Pipeline 'egress': start
[01:45:12.958] [bmv2] [D] [thread 4078] [16.0] [cxt 0] Pipeline 'egress': end
[01:45:12.958] [bmv2] [D] [thread 4078] [16.0] [cxt 0] Deparser 'deparser': start
[01:45:12.958] [bmv2] [T] [thread 4078] [16.0] [cxt 0] Skipping checksum 'cksum' update because condition not met
[01:45:12.958] [bmv2] [D] [thread 4078] [16.0] [cxt 0] Deparser 'deparser': end
[01:45:12.958] [bmv2] [D] [thread 4082] [16.0] [cxt 0] Transmitting packet of size 107 out of port 0
[01:45:12.963] [bmv2] [D] [thread 4077] [17.0] [cxt 0] Processing packet received on port 1
[01:45:12.963] [bmv2] [D] [thread 4077] [17.0] [cxt 0] Parser 'parser': start
[01:45:12.963] [bmv2] [D] [thread 4077] [17.0] [cxt 0] Parser 'parser' entering state 'start'
[01:45:12.963] [bmv2] [D] [thread 4077] [17.0] [cxt 0] Parser state 'start' has no switch, going to default next state
[01:45:12.963] [bmv2] [T] [thread 4077] [17.0] [cxt 0] Bytes parsed: 0
[01:45:12.963] [bmv2] [D] [thread 4077] [17.0] [cxt 0] Parser 'parser': end
[01:45:12.963] [bmv2] [D] [thread 4077] [17.0] [cxt 0] Pipeline 'ingress': start
[01:45:12.963] [bmv2] [T] [thread 4077] [17.0] [cxt 0] Applying table 'MyIngress.ipv4_lpm'
[01:45:12.963] [bmv2] [D] [thread 4077] [17.0] [cxt 0] Looking up key:
* hdr.ipv4.dstAddr    : 00000000

[01:45:12.963] [bmv2] [D] [thread 4077] [17.0] [cxt 0] Table 'MyIngress.ipv4_lpm': miss
[01:45:12.963] [bmv2] [D] [thread 4077] [17.0] [cxt 0] Action entry is NoAction - 
[01:45:12.964] [bmv2] [T] [thread 4077] [17.0] [cxt 0] Action NoAction
[01:45:12.964] [bmv2] [D] [thread 4077] [17.0] [cxt 0] Pipeline 'ingress': end
[01:45:12.964] [bmv2] [D] [thread 4077] [17.0] [cxt 0] Egress port is 0
[01:45:12.964] [bmv2] [D] [thread 4078] [17.0] [cxt 0] Pipeline 'egress': start
[01:45:12.964] [bmv2] [D] [thread 4078] [17.0] [cxt 0] Pipeline 'egress': end
[01:45:12.964] [bmv2] [D] [thread 4078] [17.0] [cxt 0] Deparser 'deparser': start
[01:45:12.964] [bmv2] [T] [thread 4078] [17.0] [cxt 0] Skipping checksum 'cksum' update because condition not met
[01:45:12.964] [bmv2] [D] [thread 4078] [17.0] [cxt 0] Deparser 'deparser': end
[01:45:12.964] [bmv2] [D] [thread 4082] [17.0] [cxt 0] Transmitting packet of size 211 out of port 0
[01:45:12.974] [bmv2] [D] [thread 4077] [18.0] [cxt 0] Processing packet received on port 1
[01:45:12.974] [bmv2] [D] [thread 4077] [18.0] [cxt 0] Parser 'parser': start
[01:45:12.974] [bmv2] [D] [thread 4077] [18.0] [cxt 0] Parser 'parser' entering state 'start'
[01:45:12.974] [bmv2] [D] [thread 4077] [18.0] [cxt 0] Parser state 'start' has no switch, going to default next state
[01:45:12.974] [bmv2] [T] [thread 4077] [18.0] [cxt 0] Bytes parsed: 0
[01:45:12.974] [bmv2] [D] [thread 4077] [18.0] [cxt 0] Parser 'parser': end
[01:45:12.974] [bmv2] [D] [thread 4077] [18.0] [cxt 0] Pipeline 'ingress': start
[01:45:12.974] [bmv2] [T] [thread 4077] [18.0] [cxt 0] Applying table 'MyIngress.ipv4_lpm'
[01:45:12.974] [bmv2] [D] [thread 4077] [18.0] [cxt 0] Looking up key:
* hdr.ipv4.dstAddr    : 00000000

[01:45:12.974] [bmv2] [D] [thread 4077] [18.0] [cxt 0] Table 'MyIngress.ipv4_lpm': miss
[01:45:12.974] [bmv2] [D] [thread 4077] [18.0] [cxt 0] Action entry is NoAction - 
[01:45:12.974] [bmv2] [T] [thread 4077] [18.0] [cxt 0] Action NoAction
[01:45:12.974] [bmv2] [D] [thread 4077] [18.0] [cxt 0] Pipeline 'ingress': end
[01:45:12.974] [bmv2] [D] [thread 4077] [18.0] [cxt 0] Egress port is 0
[01:45:12.974] [bmv2] [D] [thread 4078] [18.0] [cxt 0] Pipeline 'egress': start
[01:45:12.974] [bmv2] [D] [thread 4078] [18.0] [cxt 0] Pipeline 'egress': end
[01:45:12.974] [bmv2] [D] [thread 4078] [18.0] [cxt 0] Deparser 'deparser': start
[01:45:12.974] [bmv2] [T] [thread 4078] [18.0] [cxt 0] Skipping checksum 'cksum' update because condition not met
[01:45:12.974] [bmv2] [D] [thread 4078] [18.0] [cxt 0] Deparser 'deparser': end
[01:45:12.974] [bmv2] [D] [thread 4082] [18.0] [cxt 0] Transmitting packet of size 90 out of port 0
[01:45:13.019] [bmv2] [D] [thread 4077] [19.0] [cxt 0] Processing packet received on port 1
[01:45:13.019] [bmv2] [D] [thread 4077] [19.0] [cxt 0] Parser 'parser': start
[01:45:13.019] [bmv2] [D] [thread 4077] [19.0] [cxt 0] Parser 'parser' entering state 'start'
[01:45:13.019] [bmv2] [D] [thread 4077] [19.0] [cxt 0] Parser state 'start' has no switch, going to default next state
[01:45:13.019] [bmv2] [T] [thread 4077] [19.0] [cxt 0] Bytes parsed: 0
[01:45:13.019] [bmv2] [D] [thread 4077] [19.0] [cxt 0] Parser 'parser': end
[01:45:13.019] [bmv2] [D] [thread 4077] [19.0] [cxt 0] Pipeline 'ingress': start
[01:45:13.019] [bmv2] [T] [thread 4077] [19.0] [cxt 0] Applying table 'MyIngress.ipv4_lpm'
[01:45:13.019] [bmv2] [D] [thread 4077] [19.0] [cxt 0] Looking up key:
* hdr.ipv4.dstAddr    : 00000000

[01:45:13.019] [bmv2] [D] [thread 4077] [19.0] [cxt 0] Table 'MyIngress.ipv4_lpm': miss
[01:45:13.019] [bmv2] [D] [thread 4077] [19.0] [cxt 0] Action entry is NoAction - 
[01:45:13.019] [bmv2] [T] [thread 4077] [19.0] [cxt 0] Action NoAction
[01:45:13.019] [bmv2] [D] [thread 4077] [19.0] [cxt 0] Pipeline 'ingress': end
[01:45:13.019] [bmv2] [D] [thread 4077] [19.0] [cxt 0] Egress port is 0
[01:45:13.019] [bmv2] [D] [thread 4078] [19.0] [cxt 0] Pipeline 'egress': start
[01:45:13.019] [bmv2] [D] [thread 4078] [19.0] [cxt 0] Pipeline 'egress': end
[01:45:13.019] [bmv2] [D] [thread 4078] [19.0] [cxt 0] Deparser 'deparser': start
[01:45:13.019] [bmv2] [T] [thread 4078] [19.0] [cxt 0] Skipping checksum 'cksum' update because condition not met
[01:45:13.019] [bmv2] [D] [thread 4078] [19.0] [cxt 0] Deparser 'deparser': end
[01:45:13.019] [bmv2] [D] [thread 4082] [19.0] [cxt 0] Transmitting packet of size 110 out of port 0
[01:45:13.057] [bmv2] [D] [thread 4077] [20.0] [cxt 0] Processing packet received on port 1
[01:45:13.057] [bmv2] [D] [thread 4077] [20.0] [cxt 0] Parser 'parser': start
[01:45:13.057] [bmv2] [D] [thread 4077] [20.0] [cxt 0] Parser 'parser' entering state 'start'
[01:45:13.057] [bmv2] [D] [thread 4077] [20.0] [cxt 0] Parser state 'start' has no switch, going to default next state
[01:45:13.057] [bmv2] [T] [thread 4077] [20.0] [cxt 0] Bytes parsed: 0
[01:45:13.057] [bmv2] [D] [thread 4077] [20.0] [cxt 0] Parser 'parser': end
[01:45:13.057] [bmv2] [D] [thread 4077] [20.0] [cxt 0] Pipeline 'ingress': start
[01:45:13.057] [bmv2] [T] [thread 4077] [20.0] [cxt 0] Applying table 'MyIngress.ipv4_lpm'
[01:45:13.057] [bmv2] [D] [thread 4077] [20.0] [cxt 0] Looking up key:
* hdr.ipv4.dstAddr    : 00000000

[01:45:13.057] [bmv2] [D] [thread 4077] [20.0] [cxt 0] Table 'MyIngress.ipv4_lpm': miss
[01:45:13.057] [bmv2] [D] [thread 4077] [20.0] [cxt 0] Action entry is NoAction - 
[01:45:13.057] [bmv2] [T] [thread 4077] [20.0] [cxt 0] Action NoAction
[01:45:13.057] [bmv2] [D] [thread 4077] [20.0] [cxt 0] Pipeline 'ingress': end
[01:45:13.057] [bmv2] [D] [thread 4077] [20.0] [cxt 0] Egress port is 0
[01:45:13.057] [bmv2] [D] [thread 4077] [21.0] [cxt 0] Processing packet received on port 2
[01:45:13.057] [bmv2] [D] [thread 4077] [21.0] [cxt 0] Parser 'parser': start
[01:45:13.057] [bmv2] [D] [thread 4077] [21.0] [cxt 0] Parser 'parser' entering state 'start'
[01:45:13.057] [bmv2] [D] [thread 4077] [21.0] [cxt 0] Parser state 'start' has no switch, going to default next state
[01:45:13.057] [bmv2] [T] [thread 4077] [21.0] [cxt 0] Bytes parsed: 0
[01:45:13.057] [bmv2] [D] [thread 4077] [21.0] [cxt 0] Parser 'parser': end
[01:45:13.057] [bmv2] [D] [thread 4077] [21.0] [cxt 0] Pipeline 'ingress': start
[01:45:13.057] [bmv2] [T] [thread 4077] [21.0] [cxt 0] Applying table 'MyIngress.ipv4_lpm'
[01:45:13.057] [bmv2] [D] [thread 4077] [21.0] [cxt 0] Looking up key:
* hdr.ipv4.dstAddr    : 00000000

[01:45:13.057] [bmv2] [D] [thread 4077] [21.0] [cxt 0] Table 'MyIngress.ipv4_lpm': miss
[01:45:13.057] [bmv2] [D] [thread 4077] [21.0] [cxt 0] Action entry is NoAction - 
[01:45:13.057] [bmv2] [T] [thread 4077] [21.0] [cxt 0] Action NoAction
[01:45:13.057] [bmv2] [D] [thread 4077] [21.0] [cxt 0] Pipeline 'ingress': end
[01:45:13.057] [bmv2] [D] [thread 4077] [21.0] [cxt 0] Egress port is 0
[01:45:13.057] [bmv2] [D] [thread 4078] [20.0] [cxt 0] Pipeline 'egress': start
[01:45:13.057] [bmv2] [D] [thread 4078] [20.0] [cxt 0] Pipeline 'egress': end
[01:45:13.057] [bmv2] [D] [thread 4078] [20.0] [cxt 0] Deparser 'deparser': start
[01:45:13.057] [bmv2] [T] [thread 4078] [20.0] [cxt 0] Skipping checksum 'cksum' update because condition not met
[01:45:13.057] [bmv2] [D] [thread 4078] [20.0] [cxt 0] Deparser 'deparser': end
[01:45:13.057] [bmv2] [D] [thread 4078] [21.0] [cxt 0] Pipeline 'egress': start
[01:45:13.057] [bmv2] [D] [thread 4078] [21.0] [cxt 0] Pipeline 'egress': end
[01:45:13.057] [bmv2] [D] [thread 4078] [21.0] [cxt 0] Deparser 'deparser': start
[01:45:13.057] [bmv2] [T] [thread 4078] [21.0] [cxt 0] Skipping checksum 'cksum' update because condition not met
[01:45:13.057] [bmv2] [D] [thread 4078] [21.0] [cxt 0] Deparser 'deparser': end
[01:45:13.057] [bmv2] [D] [thread 4082] [20.0] [cxt 0] Transmitting packet of size 211 out of port 0
[01:45:13.057] [bmv2] [D] [thread 4082] [21.0] [cxt 0] Transmitting packet of size 211 out of port 0
[01:45:13.122] [bmv2] [D] [thread 4077] [22.0] [cxt 0] Processing packet received on port 1
[01:45:13.122] [bmv2] [D] [thread 4077] [22.0] [cxt 0] Parser 'parser': start
[01:45:13.122] [bmv2] [D] [thread 4077] [22.0] [cxt 0] Parser 'parser' entering state 'start'
[01:45:13.122] [bmv2] [D] [thread 4077] [22.0] [cxt 0] Parser state 'start' has no switch, going to default next state
[01:45:13.122] [bmv2] [T] [thread 4077] [22.0] [cxt 0] Bytes parsed: 0
[01:45:13.122] [bmv2] [D] [thread 4077] [22.0] [cxt 0] Parser 'parser': end
[01:45:13.122] [bmv2] [D] [thread 4077] [22.0] [cxt 0] Pipeline 'ingress': start
[01:45:13.122] [bmv2] [T] [thread 4077] [22.0] [cxt 0] Applying table 'MyIngress.ipv4_lpm'
[01:45:13.122] [bmv2] [D] [thread 4077] [22.0] [cxt 0] Looking up key:
* hdr.ipv4.dstAddr    : 00000000

[01:45:13.122] [bmv2] [D] [thread 4077] [22.0] [cxt 0] Table 'MyIngress.ipv4_lpm': miss
[01:45:13.122] [bmv2] [D] [thread 4077] [22.0] [cxt 0] Action entry is NoAction - 
[01:45:13.122] [bmv2] [T] [thread 4077] [22.0] [cxt 0] Action NoAction
[01:45:13.122] [bmv2] [D] [thread 4077] [22.0] [cxt 0] Pipeline 'ingress': end
[01:45:13.122] [bmv2] [D] [thread 4077] [22.0] [cxt 0] Egress port is 0
[01:45:13.122] [bmv2] [D] [thread 4078] [22.0] [cxt 0] Pipeline 'egress': start
[01:45:13.122] [bmv2] [D] [thread 4078] [22.0] [cxt 0] Pipeline 'egress': end
[01:45:13.122] [bmv2] [D] [thread 4078] [22.0] [cxt 0] Deparser 'deparser': start
[01:45:13.122] [bmv2] [T] [thread 4078] [22.0] [cxt 0] Skipping checksum 'cksum' update because condition not met
[01:45:13.122] [bmv2] [D] [thread 4078] [22.0] [cxt 0] Deparser 'deparser': end
[01:45:13.122] [bmv2] [D] [thread 4082] [22.0] [cxt 0] Transmitting packet of size 107 out of port 0
[01:45:13.216] [bmv2] [D] [thread 4077] [23.0] [cxt 0] Processing packet received on port 2
[01:45:13.216] [bmv2] [D] [thread 4077] [23.0] [cxt 0] Parser 'parser': start
[01:45:13.216] [bmv2] [D] [thread 4077] [23.0] [cxt 0] Parser 'parser' entering state 'start'
[01:45:13.216] [bmv2] [D] [thread 4077] [23.0] [cxt 0] Parser state 'start' has no switch, going to default next state
[01:45:13.216] [bmv2] [T] [thread 4077] [23.0] [cxt 0] Bytes parsed: 0
[01:45:13.216] [bmv2] [D] [thread 4077] [23.0] [cxt 0] Parser 'parser': end
[01:45:13.216] [bmv2] [D] [thread 4077] [23.0] [cxt 0] Pipeline 'ingress': start
[01:45:13.216] [bmv2] [T] [thread 4077] [23.0] [cxt 0] Applying table 'MyIngress.ipv4_lpm'
[01:45:13.216] [bmv2] [D] [thread 4077] [23.0] [cxt 0] Looking up key:
* hdr.ipv4.dstAddr    : 00000000

[01:45:13.216] [bmv2] [D] [thread 4077] [23.0] [cxt 0] Table 'MyIngress.ipv4_lpm': miss
[01:45:13.216] [bmv2] [D] [thread 4077] [23.0] [cxt 0] Action entry is NoAction - 
[01:45:13.216] [bmv2] [T] [thread 4077] [23.0] [cxt 0] Action NoAction
[01:45:13.216] [bmv2] [D] [thread 4077] [23.0] [cxt 0] Pipeline 'ingress': end
[01:45:13.216] [bmv2] [D] [thread 4077] [23.0] [cxt 0] Egress port is 0
[01:45:13.216] [bmv2] [D] [thread 4078] [23.0] [cxt 0] Pipeline 'egress': start
[01:45:13.216] [bmv2] [D] [thread 4078] [23.0] [cxt 0] Pipeline 'egress': end
[01:45:13.216] [bmv2] [D] [thread 4078] [23.0] [cxt 0] Deparser 'deparser': start
[01:45:13.216] [bmv2] [T] [thread 4078] [23.0] [cxt 0] Skipping checksum 'cksum' update because condition not met
[01:45:13.216] [bmv2] [D] [thread 4078] [23.0] [cxt 0] Deparser 'deparser': end
[01:45:13.216] [bmv2] [D] [thread 4082] [23.0] [cxt 0] Transmitting packet of size 107 out of port 0
[01:45:13.787] [bmv2] [W] [thread 4121] [P4Runtime] p4::tmp::P4DeviceConfig is deprecated
[01:45:13.788] [bmv2] [D] [thread 4121] Set default default entry for table 'MyIngress.ipv4_lpm': NoAction - 
[01:45:13.788] [bmv2] [D] [thread 4121] simple_switch target has been notified of a config swap
[01:45:13.790] [bmv2] [D] [thread 4122] Set default entry for table 'MyIngress.ipv4_lpm': MyIngress.drop - 
[01:45:13.792] [bmv2] [D] [thread 4121] Entry 0 added to table 'MyIngress.ipv4_lpm'
[01:45:13.792] [bmv2] [D] [thread 4121] Dumping entry 0
Match key:
* hdr.ipv4.dstAddr    : LPM       0a000101/32
Action entry: MyIngress.ipv4_forward - 80000000100,2,

[01:45:13.794] [bmv2] [D] [thread 4122] Entry 1 added to table 'MyIngress.ipv4_lpm'
[01:45:13.794] [bmv2] [D] [thread 4122] Dumping entry 1
Match key:
* hdr.ipv4.dstAddr    : LPM       0a000202/32
Action entry: MyIngress.ipv4_forward - 80000000100,2,

[01:45:13.796] [bmv2] [D] [thread 4121] Entry 2 added to table 'MyIngress.ipv4_lpm'
[01:45:13.796] [bmv2] [D] [thread 4121] Dumping entry 2
Match key:
* hdr.ipv4.dstAddr    : LPM       0a000303/32
Action entry: MyIngress.ipv4_forward - 80000000200,1,

[01:45:13.799] [bmv2] [D] [thread 4122] Entry 3 added to table 'MyIngress.ipv4_lpm'
[01:45:13.799] [bmv2] [D] [thread 4122] Dumping entry 3
Match key:
* hdr.ipv4.dstAddr    : LPM       0a000404/32
Action entry: MyIngress.ipv4_forward - 80000000200,1,

[01:45:13.995] [bmv2] [D] [thread 4077] [24.0] [cxt 0] Processing packet received on port 2
[01:45:13.995] [bmv2] [D] [thread 4077] [24.0] [cxt 0] Parser 'parser': start
[01:45:13.995] [bmv2] [D] [thread 4077] [24.0] [cxt 0] Parser 'parser' entering state 'start'
[01:45:13.995] [bmv2] [D] [thread 4077] [24.0] [cxt 0] Parser state 'start' has no switch, going to default next state
[01:45:13.995] [bmv2] [T] [thread 4077] [24.0] [cxt 0] Bytes parsed: 0
[01:45:13.995] [bmv2] [D] [thread 4077] [24.0] [cxt 0] Parser 'parser': end
[01:45:13.995] [bmv2] [D] [thread 4077] [24.0] [cxt 0] Pipeline 'ingress': start
[01:45:13.995] [bmv2] [T] [thread 4077] [24.0] [cxt 0] Applying table 'MyIngress.ipv4_lpm'
[01:45:13.995] [bmv2] [D] [thread 4077] [24.0] [cxt 0] Looking up key:
* hdr.ipv4.dstAddr    : 00000000

[01:45:13.995] [bmv2] [D] [thread 4077] [24.0] [cxt 0] Table 'MyIngress.ipv4_lpm': miss
[01:45:13.995] [bmv2] [D] [thread 4077] [24.0] [cxt 0] Action entry is MyIngress.drop - 
[01:45:13.995] [bmv2] [T] [thread 4077] [24.0] [cxt 0] Action MyIngress.drop
[01:45:13.995] [bmv2] [T] [thread 4077] [24.0] [cxt 0] basic.p4(78) Primitive mark_to_drop(standard_metadata)
[01:45:13.995] [bmv2] [D] [thread 4077] [24.0] [cxt 0] Pipeline 'ingress': end
[01:45:13.995] [bmv2] [D] [thread 4077] [24.0] [cxt 0] Egress port is 511
[01:45:13.995] [bmv2] [D] [thread 4077] [24.0] [cxt 0] Dropping packet at the end of ingress
[01:45:14.157] [bmv2] [D] [thread 4077] [25.0] [cxt 0] Processing packet received on port 1
[01:45:14.157] [bmv2] [D] [thread 4077] [25.0] [cxt 0] Parser 'parser': start
[01:45:14.157] [bmv2] [D] [thread 4077] [25.0] [cxt 0] Parser 'parser' entering state 'start'
[01:45:14.157] [bmv2] [D] [thread 4077] [25.0] [cxt 0] Parser state 'start' has no switch, going to default next state
[01:45:14.157] [bmv2] [T] [thread 4077] [25.0] [cxt 0] Bytes parsed: 0
[01:45:14.157] [bmv2] [D] [thread 4077] [25.0] [cxt 0] Parser 'parser': end
[01:45:14.157] [bmv2] [D] [thread 4077] [25.0] [cxt 0] Pipeline 'ingress': start
[01:45:14.157] [bmv2] [T] [thread 4077] [25.0] [cxt 0] Applying table 'MyIngress.ipv4_lpm'
[01:45:14.157] [bmv2] [D] [thread 4077] [25.0] [cxt 0] Looking up key:
* hdr.ipv4.dstAddr    : 00000000

[01:45:14.157] [bmv2] [D] [thread 4077] [25.0] [cxt 0] Table 'MyIngress.ipv4_lpm': miss
[01:45:14.157] [bmv2] [D] [thread 4077] [25.0] [cxt 0] Action entry is MyIngress.drop - 
[01:45:14.157] [bmv2] [T] [thread 4077] [25.0] [cxt 0] Action MyIngress.drop
[01:45:14.157] [bmv2] [T] [thread 4077] [25.0] [cxt 0] basic.p4(78) Primitive mark_to_drop(standard_metadata)
[01:45:14.157] [bmv2] [D] [thread 4077] [25.0] [cxt 0] Pipeline 'ingress': end
[01:45:14.157] [bmv2] [D] [thread 4077] [25.0] [cxt 0] Egress port is 511
[01:45:14.157] [bmv2] [D] [thread 4077] [25.0] [cxt 0] Dropping packet at the end of ingress
[01:45:14.249] [bmv2] [D] [thread 4077] [26.0] [cxt 0] Processing packet received on port 2
[01:45:14.249] [bmv2] [D] [thread 4077] [26.0] [cxt 0] Parser 'parser': start
[01:45:14.249] [bmv2] [D] [thread 4077] [26.0] [cxt 0] Parser 'parser' entering state 'start'
[01:45:14.249] [bmv2] [D] [thread 4077] [26.0] [cxt 0] Parser state 'start' has no switch, going to default next state
[01:45:14.249] [bmv2] [T] [thread 4077] [26.0] [cxt 0] Bytes parsed: 0
[01:45:14.249] [bmv2] [D] [thread 4077] [26.0] [cxt 0] Parser 'parser': end
[01:45:14.249] [bmv2] [D] [thread 4077] [26.0] [cxt 0] Pipeline 'ingress': start
[01:45:14.249] [bmv2] [T] [thread 4077] [26.0] [cxt 0] Applying table 'MyIngress.ipv4_lpm'
[01:45:14.249] [bmv2] [D] [thread 4077] [26.0] [cxt 0] Looking up key:
* hdr.ipv4.dstAddr    : 00000000

[01:45:14.249] [bmv2] [D] [thread 4077] [26.0] [cxt 0] Table 'MyIngress.ipv4_lpm': miss
[01:45:14.249] [bmv2] [D] [thread 4077] [26.0] [cxt 0] Action entry is MyIngress.drop - 
[01:45:14.249] [bmv2] [T] [thread 4077] [26.0] [cxt 0] Action MyIngress.drop
[01:45:14.249] [bmv2] [T] [thread 4077] [26.0] [cxt 0] basic.p4(78) Primitive mark_to_drop(standard_metadata)
[01:45:14.249] [bmv2] [D] [thread 4077] [26.0] [cxt 0] Pipeline 'ingress': end
[01:45:14.249] [bmv2] [D] [thread 4077] [26.0] [cxt 0] Egress port is 511
[01:45:14.249] [bmv2] [D] [thread 4077] [26.0] [cxt 0] Dropping packet at the end of ingress
[01:45:14.249] [bmv2] [D] [thread 4077] [27.0] [cxt 0] Processing packet received on port 1
[01:45:14.249] [bmv2] [D] [thread 4077] [27.0] [cxt 0] Parser 'parser': start
[01:45:14.249] [bmv2] [D] [thread 4077] [27.0] [cxt 0] Parser 'parser' entering state 'start'
[01:45:14.249] [bmv2] [D] [thread 4077] [27.0] [cxt 0] Parser state 'start' has no switch, going to default next state
[01:45:14.249] [bmv2] [T] [thread 4077] [27.0] [cxt 0] Bytes parsed: 0
[01:45:14.249] [bmv2] [D] [thread 4077] [27.0] [cxt 0] Parser 'parser': end
[01:45:14.249] [bmv2] [D] [thread 4077] [27.0] [cxt 0] Pipeline 'ingress': start
[01:45:14.249] [bmv2] [T] [thread 4077] [27.0] [cxt 0] Applying table 'MyIngress.ipv4_lpm'
[01:45:14.249] [bmv2] [D] [thread 4077] [27.0] [cxt 0] Looking up key:
* hdr.ipv4.dstAddr    : 00000000

[01:45:14.249] [bmv2] [D] [thread 4077] [27.0] [cxt 0] Table 'MyIngress.ipv4_lpm': miss
[01:45:14.249] [bmv2] [D] [thread 4077] [27.0] [cxt 0] Action entry is MyIngress.drop - 
[01:45:14.249] [bmv2] [T] [thread 4077] [27.0] [cxt 0] Action MyIngress.drop
[01:45:14.249] [bmv2] [T] [thread 4077] [27.0] [cxt 0] basic.p4(78) Primitive mark_to_drop(standard_metadata)
[01:45:14.249] [bmv2] [D] [thread 4077] [27.0] [cxt 0] Pipeline 'ingress': end
[01:45:14.249] [bmv2] [D] [thread 4077] [27.0] [cxt 0] Egress port is 511
[01:45:14.249] [bmv2] [D] [thread 4077] [27.0] [cxt 0] Dropping packet at the end of ingress
[01:45:14.959] [bmv2] [D] [thread 4077] [28.0] [cxt 0] Processing packet received on port 2
[01:45:14.959] [bmv2] [D] [thread 4077] [28.0] [cxt 0] Parser 'parser': start
[01:45:14.959] [bmv2] [D] [thread 4077] [28.0] [cxt 0] Parser 'parser' entering state 'start'
[01:45:14.959] [bmv2] [D] [thread 4077] [28.0] [cxt 0] Parser state 'start' has no switch, going to default next state
[01:45:14.959] [bmv2] [T] [thread 4077] [28.0] [cxt 0] Bytes parsed: 0
[01:45:14.959] [bmv2] [D] [thread 4077] [28.0] [cxt 0] Parser 'parser': end
[01:45:14.959] [bmv2] [D] [thread 4077] [28.0] [cxt 0] Pipeline 'ingress': start
[01:45:14.959] [bmv2] [T] [thread 4077] [28.0] [cxt 0] Applying table 'MyIngress.ipv4_lpm'
[01:45:14.959] [bmv2] [D] [thread 4077] [28.0] [cxt 0] Looking up key:
* hdr.ipv4.dstAddr    : 00000000

[01:45:14.959] [bmv2] [D] [thread 4077] [28.0] [cxt 0] Table 'MyIngress.ipv4_lpm': miss
[01:45:14.959] [bmv2] [D] [thread 4077] [28.0] [cxt 0] Action entry is MyIngress.drop - 
[01:45:14.959] [bmv2] [T] [thread 4077] [28.0] [cxt 0] Action MyIngress.drop
[01:45:14.959] [bmv2] [T] [thread 4077] [28.0] [cxt 0] basic.p4(78) Primitive mark_to_drop(standard_metadata)
[01:45:14.959] [bmv2] [D] [thread 4077] [28.0] [cxt 0] Pipeline 'ingress': end
[01:45:14.959] [bmv2] [D] [thread 4077] [28.0] [cxt 0] Egress port is 511
[01:45:14.959] [bmv2] [D] [thread 4077] [28.0] [cxt 0] Dropping packet at the end of ingress
[01:45:15.122] [bmv2] [D] [thread 4077] [29.0] [cxt 0] Processing packet received on port 1
[01:45:15.122] [bmv2] [D] [thread 4077] [29.0] [cxt 0] Parser 'parser': start
[01:45:15.122] [bmv2] [D] [thread 4077] [29.0] [cxt 0] Parser 'parser' entering state 'start'
[01:45:15.122] [bmv2] [D] [thread 4077] [29.0] [cxt 0] Parser state 'start' has no switch, going to default next state
[01:45:15.122] [bmv2] [T] [thread 4077] [29.0] [cxt 0] Bytes parsed: 0
[01:45:15.122] [bmv2] [D] [thread 4077] [29.0] [cxt 0] Parser 'parser': end
[01:45:15.122] [bmv2] [D] [thread 4077] [29.0] [cxt 0] Pipeline 'ingress': start
[01:45:15.122] [bmv2] [T] [thread 4077] [29.0] [cxt 0] Applying table 'MyIngress.ipv4_lpm'
[01:45:15.122] [bmv2] [D] [thread 4077] [29.0] [cxt 0] Looking up key:
* hdr.ipv4.dstAddr    : 00000000

[01:45:15.122] [bmv2] [D] [thread 4077] [29.0] [cxt 0] Table 'MyIngress.ipv4_lpm': miss
[01:45:15.122] [bmv2] [D] [thread 4077] [29.0] [cxt 0] Action entry is MyIngress.drop - 
[01:45:15.122] [bmv2] [T] [thread 4077] [29.0] [cxt 0] Action MyIngress.drop
[01:45:15.122] [bmv2] [T] [thread 4077] [29.0] [cxt 0] basic.p4(78) Primitive mark_to_drop(standard_metadata)
[01:45:15.122] [bmv2] [D] [thread 4077] [29.0] [cxt 0] Pipeline 'ingress': end
[01:45:15.122] [bmv2] [D] [thread 4077] [29.0] [cxt 0] Egress port is 511
[01:45:15.122] [bmv2] [D] [thread 4077] [29.0] [cxt 0] Dropping packet at the end of ingress
[01:45:15.231] [bmv2] [D] [thread 4077] [30.0] [cxt 0] Processing packet received on port 2
[01:45:15.231] [bmv2] [D] [thread 4077] [30.0] [cxt 0] Parser 'parser': start
[01:45:15.231] [bmv2] [D] [thread 4077] [30.0] [cxt 0] Parser 'parser' entering state 'start'
[01:45:15.231] [bmv2] [D] [thread 4077] [30.0] [cxt 0] Parser state 'start' has no switch, going to default next state
[01:45:15.231] [bmv2] [T] [thread 4077] [30.0] [cxt 0] Bytes parsed: 0
[01:45:15.231] [bmv2] [D] [thread 4077] [30.0] [cxt 0] Parser 'parser': end
[01:45:15.231] [bmv2] [D] [thread 4077] [30.0] [cxt 0] Pipeline 'ingress': start
[01:45:15.231] [bmv2] [T] [thread 4077] [30.0] [cxt 0] Applying table 'MyIngress.ipv4_lpm'
[01:45:15.231] [bmv2] [D] [thread 4077] [30.0] [cxt 0] Looking up key:
* hdr.ipv4.dstAddr    : 00000000

[01:45:15.231] [bmv2] [D] [thread 4077] [30.0] [cxt 0] Table 'MyIngress.ipv4_lpm': miss
[01:45:15.231] [bmv2] [D] [thread 4077] [30.0] [cxt 0] Action entry is MyIngress.drop - 
[01:45:15.231] [bmv2] [T] [thread 4077] [30.0] [cxt 0] Action MyIngress.drop
[01:45:15.231] [bmv2] [T] [thread 4077] [30.0] [cxt 0] basic.p4(78) Primitive mark_to_drop(standard_metadata)
[01:45:15.231] [bmv2] [D] [thread 4077] [30.0] [cxt 0] Pipeline 'ingress': end
[01:45:15.231] [bmv2] [D] [thread 4077] [30.0] [cxt 0] Egress port is 511
[01:45:15.231] [bmv2] [D] [thread 4077] [30.0] [cxt 0] Dropping packet at the end of ingress
[01:45:15.829] [bmv2] [D] [thread 4077] [31.0] [cxt 0] Processing packet received on port 1
[01:45:15.829] [bmv2] [D] [thread 4077] [31.0] [cxt 0] Parser 'parser': start
[01:45:15.829] [bmv2] [D] [thread 4077] [31.0] [cxt 0] Parser 'parser' entering state 'start'
[01:45:15.829] [bmv2] [D] [thread 4077] [31.0] [cxt 0] Parser state 'start' has no switch, going to default next state
[01:45:15.829] [bmv2] [T] [thread 4077] [31.0] [cxt 0] Bytes parsed: 0
[01:45:15.829] [bmv2] [D] [thread 4077] [31.0] [cxt 0] Parser 'parser': end
[01:45:15.829] [bmv2] [D] [thread 4077] [31.0] [cxt 0] Pipeline 'ingress': start
[01:45:15.829] [bmv2] [T] [thread 4077] [31.0] [cxt 0] Applying table 'MyIngress.ipv4_lpm'
[01:45:15.829] [bmv2] [D] [thread 4077] [31.0] [cxt 0] Looking up key:
* hdr.ipv4.dstAddr    : 00000000

[01:45:15.829] [bmv2] [D] [thread 4077] [31.0] [cxt 0] Table 'MyIngress.ipv4_lpm': miss
[01:45:15.829] [bmv2] [D] [thread 4077] [31.0] [cxt 0] Action entry is MyIngress.drop - 
[01:45:15.829] [bmv2] [T] [thread 4077] [31.0] [cxt 0] Action MyIngress.drop
[01:45:15.829] [bmv2] [T] [thread 4077] [31.0] [cxt 0] basic.p4(78) Primitive mark_to_drop(standard_metadata)
[01:45:15.829] [bmv2] [D] [thread 4077] [31.0] [cxt 0] Pipeline 'ingress': end
[01:45:15.829] [bmv2] [D] [thread 4077] [31.0] [cxt 0] Egress port is 511
[01:45:15.829] [bmv2] [D] [thread 4077] [31.0] [cxt 0] Dropping packet at the end of ingress
[01:45:16.079] [bmv2] [D] [thread 4077] [32.0] [cxt 0] Processing packet received on port 1
[01:45:16.079] [bmv2] [D] [thread 4077] [32.0] [cxt 0] Parser 'parser': start
[01:45:16.079] [bmv2] [D] [thread 4077] [32.0] [cxt 0] Parser 'parser' entering state 'start'
[01:45:16.079] [bmv2] [D] [thread 4077] [32.0] [cxt 0] Parser state 'start' has no switch, going to default next state
[01:45:16.079] [bmv2] [T] [thread 4077] [32.0] [cxt 0] Bytes parsed: 0
[01:45:16.079] [bmv2] [D] [thread 4077] [32.0] [cxt 0] Parser 'parser': end
[01:45:16.079] [bmv2] [D] [thread 4077] [32.0] [cxt 0] Pipeline 'ingress': start
[01:45:16.079] [bmv2] [T] [thread 4077] [32.0] [cxt 0] Applying table 'MyIngress.ipv4_lpm'
[01:45:16.079] [bmv2] [D] [thread 4077] [32.0] [cxt 0] Looking up key:
* hdr.ipv4.dstAddr    : 00000000

[01:45:16.079] [bmv2] [D] [thread 4077] [32.0] [cxt 0] Table 'MyIngress.ipv4_lpm': miss
[01:45:16.079] [bmv2] [D] [thread 4077] [32.0] [cxt 0] Action entry is MyIngress.drop - 
[01:45:16.079] [bmv2] [T] [thread 4077] [32.0] [cxt 0] Action MyIngress.drop
[01:45:16.079] [bmv2] [T] [thread 4077] [32.0] [cxt 0] basic.p4(78) Primitive mark_to_drop(standard_metadata)
[01:45:16.079] [bmv2] [D] [thread 4077] [32.0] [cxt 0] Pipeline 'ingress': end
[01:45:16.079] [bmv2] [D] [thread 4077] [32.0] [cxt 0] Egress port is 511
[01:45:16.079] [bmv2] [D] [thread 4077] [32.0] [cxt 0] Dropping packet at the end of ingress
[01:45:16.079] [bmv2] [D] [thread 4077] [33.0] [cxt 0] Processing packet received on port 2
[01:45:16.079] [bmv2] [D] [thread 4077] [33.0] [cxt 0] Parser 'parser': start
[01:45:16.079] [bmv2] [D] [thread 4077] [33.0] [cxt 0] Parser 'parser' entering state 'start'
[01:45:16.079] [bmv2] [D] [thread 4077] [33.0] [cxt 0] Parser state 'start' has no switch, going to default next state
[01:45:16.079] [bmv2] [T] [thread 4077] [33.0] [cxt 0] Bytes parsed: 0
[01:45:16.079] [bmv2] [D] [thread 4077] [33.0] [cxt 0] Parser 'parser': end
[01:45:16.079] [bmv2] [D] [thread 4077] [33.0] [cxt 0] Pipeline 'ingress': start
[01:45:16.079] [bmv2] [T] [thread 4077] [33.0] [cxt 0] Applying table 'MyIngress.ipv4_lpm'
[01:45:16.079] [bmv2] [D] [thread 4077] [33.0] [cxt 0] Looking up key:
* hdr.ipv4.dstAddr    : 00000000

[01:45:16.079] [bmv2] [D] [thread 4077] [33.0] [cxt 0] Table 'MyIngress.ipv4_lpm': miss
[01:45:16.079] [bmv2] [D] [thread 4077] [33.0] [cxt 0] Action entry is MyIngress.drop - 
[01:45:16.079] [bmv2] [T] [thread 4077] [33.0] [cxt 0] Action MyIngress.drop
[01:45:16.079] [bmv2] [T] [thread 4077] [33.0] [cxt 0] basic.p4(78) Primitive mark_to_drop(standard_metadata)
[01:45:16.079] [bmv2] [D] [thread 4077] [33.0] [cxt 0] Pipeline 'ingress': end
[01:45:16.079] [bmv2] [D] [thread 4077] [33.0] [cxt 0] Egress port is 511
[01:45:16.079] [bmv2] [D] [thread 4077] [33.0] [cxt 0] Dropping packet at the end of ingress
[01:45:16.185] [bmv2] [D] [thread 4077] [34.0] [cxt 0] Processing packet received on port 2
[01:45:16.185] [bmv2] [D] [thread 4077] [34.0] [cxt 0] Parser 'parser': start
[01:45:16.185] [bmv2] [D] [thread 4077] [34.0] [cxt 0] Parser 'parser' entering state 'start'
[01:45:16.185] [bmv2] [D] [thread 4077] [34.0] [cxt 0] Parser state 'start' has no switch, going to default next state
[01:45:16.185] [bmv2] [T] [thread 4077] [34.0] [cxt 0] Bytes parsed: 0
[01:45:16.185] [bmv2] [D] [thread 4077] [34.0] [cxt 0] Parser 'parser': end
[01:45:16.185] [bmv2] [D] [thread 4077] [34.0] [cxt 0] Pipeline 'ingress': start
[01:45:16.185] [bmv2] [T] [thread 4077] [34.0] [cxt 0] Applying table 'MyIngress.ipv4_lpm'
[01:45:16.185] [bmv2] [D] [thread 4077] [34.0] [cxt 0] Looking up key:
* hdr.ipv4.dstAddr    : 00000000

[01:45:16.185] [bmv2] [D] [thread 4077] [34.0] [cxt 0] Table 'MyIngress.ipv4_lpm': miss
[01:45:16.185] [bmv2] [D] [thread 4077] [34.0] [cxt 0] Action entry is MyIngress.drop - 
[01:45:16.185] [bmv2] [T] [thread 4077] [34.0] [cxt 0] Action MyIngress.drop
[01:45:16.185] [bmv2] [T] [thread 4077] [34.0] [cxt 0] basic.p4(78) Primitive mark_to_drop(standard_metadata)
[01:45:16.185] [bmv2] [D] [thread 4077] [34.0] [cxt 0] Pipeline 'ingress': end
[01:45:16.185] [bmv2] [D] [thread 4077] [34.0] [cxt 0] Egress port is 511
[01:45:16.185] [bmv2] [D] [thread 4077] [34.0] [cxt 0] Dropping packet at the end of ingress
[01:45:16.335] [bmv2] [D] [thread 4077] [35.0] [cxt 0] Processing packet received on port 2
[01:45:16.335] [bmv2] [D] [thread 4077] [35.0] [cxt 0] Parser 'parser': start
[01:45:16.335] [bmv2] [D] [thread 4077] [35.0] [cxt 0] Parser 'parser' entering state 'start'
[01:45:16.335] [bmv2] [D] [thread 4077] [35.0] [cxt 0] Parser state 'start' has no switch, going to default next state
[01:45:16.335] [bmv2] [T] [thread 4077] [35.0] [cxt 0] Bytes parsed: 0
[01:45:16.335] [bmv2] [D] [thread 4077] [35.0] [cxt 0] Parser 'parser': end
[01:45:16.335] [bmv2] [D] [thread 4077] [35.0] [cxt 0] Pipeline 'ingress': start
[01:45:16.335] [bmv2] [T] [thread 4077] [35.0] [cxt 0] Applying table 'MyIngress.ipv4_lpm'
[01:45:16.335] [bmv2] [D] [thread 4077] [35.0] [cxt 0] Looking up key:
* hdr.ipv4.dstAddr    : 00000000

[01:45:16.335] [bmv2] [D] [thread 4077] [35.0] [cxt 0] Table 'MyIngress.ipv4_lpm': miss
[01:45:16.335] [bmv2] [D] [thread 4077] [35.0] [cxt 0] Action entry is MyIngress.drop - 
[01:45:16.335] [bmv2] [T] [thread 4077] [35.0] [cxt 0] Action MyIngress.drop
[01:45:16.335] [bmv2] [T] [thread 4077] [35.0] [cxt 0] basic.p4(78) Primitive mark_to_drop(standard_metadata)
[01:45:16.335] [bmv2] [D] [thread 4077] [35.0] [cxt 0] Pipeline 'ingress': end
[01:45:16.335] [bmv2] [D] [thread 4077] [35.0] [cxt 0] Egress port is 511
[01:45:16.335] [bmv2] [D] [thread 4077] [35.0] [cxt 0] Dropping packet at the end of ingress
[01:45:16.356] [bmv2] [D] [thread 4077] [36.0] [cxt 0] Processing packet received on port 1
[01:45:16.356] [bmv2] [D] [thread 4077] [36.0] [cxt 0] Parser 'parser': start
[01:45:16.356] [bmv2] [D] [thread 4077] [36.0] [cxt 0] Parser 'parser' entering state 'start'
[01:45:16.356] [bmv2] [D] [thread 4077] [36.0] [cxt 0] Parser state 'start' has no switch, going to default next state
[01:45:16.356] [bmv2] [T] [thread 4077] [36.0] [cxt 0] Bytes parsed: 0
[01:45:16.356] [bmv2] [D] [thread 4077] [36.0] [cxt 0] Parser 'parser': end
[01:45:16.356] [bmv2] [D] [thread 4077] [36.0] [cxt 0] Pipeline 'ingress': start
[01:45:16.356] [bmv2] [T] [thread 4077] [36.0] [cxt 0] Applying table 'MyIngress.ipv4_lpm'
[01:45:16.356] [bmv2] [D] [thread 4077] [36.0] [cxt 0] Looking up key:
* hdr.ipv4.dstAddr    : 00000000

[01:45:16.356] [bmv2] [D] [thread 4077] [36.0] [cxt 0] Table 'MyIngress.ipv4_lpm': miss
[01:45:16.356] [bmv2] [D] [thread 4077] [36.0] [cxt 0] Action entry is MyIngress.drop - 
[01:45:16.356] [bmv2] [T] [thread 4077] [36.0] [cxt 0] Action MyIngress.drop
[01:45:16.356] [bmv2] [T] [thread 4077] [36.0] [cxt 0] basic.p4(78) Primitive mark_to_drop(standard_metadata)
[01:45:16.356] [bmv2] [D] [thread 4077] [36.0] [cxt 0] Pipeline 'ingress': end
[01:45:16.356] [bmv2] [D] [thread 4077] [36.0] [cxt 0] Egress port is 511
[01:45:16.356] [bmv2] [D] [thread 4077] [36.0] [cxt 0] Dropping packet at the end of ingress
[01:45:16.444] [bmv2] [D] [thread 4077] [37.0] [cxt 0] Processing packet received on port 1
[01:45:16.444] [bmv2] [D] [thread 4077] [37.0] [cxt 0] Parser 'parser': start
[01:45:16.444] [bmv2] [D] [thread 4077] [37.0] [cxt 0] Parser 'parser' entering state 'start'
[01:45:16.444] [bmv2] [D] [thread 4077] [37.0] [cxt 0] Parser state 'start' has no switch, going to default next state
[01:45:16.444] [bmv2] [T] [thread 4077] [37.0] [cxt 0] Bytes parsed: 0
[01:45:16.444] [bmv2] [D] [thread 4077] [37.0] [cxt 0] Parser 'parser': end
[01:45:16.444] [bmv2] [D] [thread 4077] [37.0] [cxt 0] Pipeline 'ingress': start
[01:45:16.444] [bmv2] [T] [thread 4077] [37.0] [cxt 0] Applying table 'MyIngress.ipv4_lpm'
[01:45:16.444] [bmv2] [D] [thread 4077] [37.0] [cxt 0] Looking up key:
* hdr.ipv4.dstAddr    : 00000000

[01:45:16.444] [bmv2] [D] [thread 4077] [37.0] [cxt 0] Table 'MyIngress.ipv4_lpm': miss
[01:45:16.444] [bmv2] [D] [thread 4077] [37.0] [cxt 0] Action entry is MyIngress.drop - 
[01:45:16.444] [bmv2] [T] [thread 4077] [37.0] [cxt 0] Action MyIngress.drop
[01:45:16.444] [bmv2] [T] [thread 4077] [37.0] [cxt 0] basic.p4(78) Primitive mark_to_drop(standard_metadata)
[01:45:16.444] [bmv2] [D] [thread 4077] [37.0] [cxt 0] Pipeline 'ingress': end
[01:45:16.444] [bmv2] [D] [thread 4077] [37.0] [cxt 0] Egress port is 511
[01:45:16.444] [bmv2] [D] [thread 4077] [37.0] [cxt 0] Dropping packet at the end of ingress
[01:45:16.444] [bmv2] [D] [thread 4077] [38.0] [cxt 0] Processing packet received on port 2
[01:45:16.444] [bmv2] [D] [thread 4077] [38.0] [cxt 0] Parser 'parser': start
[01:45:16.444] [bmv2] [D] [thread 4077] [38.0] [cxt 0] Parser 'parser' entering state 'start'
[01:45:16.444] [bmv2] [D] [thread 4077] [38.0] [cxt 0] Parser state 'start' has no switch, going to default next state
[01:45:16.444] [bmv2] [T] [thread 4077] [38.0] [cxt 0] Bytes parsed: 0
[01:45:16.444] [bmv2] [D] [thread 4077] [38.0] [cxt 0] Parser 'parser': end
[01:45:16.444] [bmv2] [D] [thread 4077] [38.0] [cxt 0] Pipeline 'ingress': start
[01:45:16.444] [bmv2] [T] [thread 4077] [38.0] [cxt 0] Applying table 'MyIngress.ipv4_lpm'
[01:45:16.444] [bmv2] [D] [thread 4077] [38.0] [cxt 0] Looking up key:
* hdr.ipv4.dstAddr    : 00000000

[01:45:16.444] [bmv2] [D] [thread 4077] [38.0] [cxt 0] Table 'MyIngress.ipv4_lpm': miss
[01:45:16.444] [bmv2] [D] [thread 4077] [38.0] [cxt 0] Action entry is MyIngress.drop - 
[01:45:16.444] [bmv2] [T] [thread 4077] [38.0] [cxt 0] Action MyIngress.drop
[01:45:16.444] [bmv2] [T] [thread 4077] [38.0] [cxt 0] basic.p4(78) Primitive mark_to_drop(standard_metadata)
[01:45:16.444] [bmv2] [D] [thread 4077] [38.0] [cxt 0] Pipeline 'ingress': end
[01:45:16.444] [bmv2] [D] [thread 4077] [38.0] [cxt 0] Egress port is 511
[01:45:16.444] [bmv2] [D] [thread 4077] [38.0] [cxt 0] Dropping packet at the end of ingress
open: No such file or directory
open: No such file or directory
open: No such file or directory
open: No such file or directory
open: No such file or directory
open: No such file or directory
